7 48 46 47 20 99 90 84 65 30 76 21 4 22 81 86 11 1 56 9 14 12 68 52 0 17 43 15 77 6 3 5 72 19 13 66 28 29 32 60 42 45 96 2 33 44 31 24 88 89 79 75 49 50 51 78 18 64 82 83 80 98 93 94
7 48
7 46
7 47
7 20
48 99
46 90
46 84
46 65
46 79
46 75
47 30
47 76
20 86
20 11
99 81
99 24
99 93
99 94
90 21
90 49
90 80
90 98
84 19
65 13
30 1
30 56
30 45
30 96
76 17
76 43
21 4
21 22
21 88
21 89
4 9
22 0
1 14
1 12
1 28
1 29
9 52
14 68
17 15
17 77
17 78
43 6
43 31
15 72
77 50
77 51
6 3
6 5
6 44
19 82
19 83
13 66
13 64
28 32
28 60
29 42
32 2
2 33
79 18