3 6 8 10 12 13 14 15 17 16 18 19 20 23 24 25 26 27 28 32 33 36 37 38 39 41 43 44 45 46 47 48 49 52 53 55 56 57 58 60 63 64 65 66 67 68 72 78 77 80 83 84 85 86 88 90 92 93 97 99
3 10
3 39
6 24
6 8
6 10
8 38
12 16
13 14
14 17
14 77
14 15
15 32
15 88
17 18
17 36
16 18
16 47
18 19
19 20
20 43
23 48
23 25
23 46
23 26
24 85
24 27
25 64
25 33
26 45
27 28
33 58
33 41
33 90
33 99
33 78
36 55
37 48
37 44
43 52
44 57
46 49
46 60
46 93
46 65
47 53
52 56
60 63
63 67
64 68
64 83
65 72
66 78
66 80
66 84
78 97
77 86
77 84
84 85
84 92