77 0 36 38 87 92 95 90 34 82 84 97 74 75 96 85 81 76 51 64 25 43 60 30 44 2 39 20 22 57 59 52 15 23 12 26 28 54 19 4 32 68 69 70 71 72 73 78 79 80 83 86 88 89 91 93 94 98 99 7 65 6 18 31 42 58
77 0
0 36
0 38
0 87
0 92
0 95
0 90
0 34
0 82
0 84
0 97
0 74
0 75
0 96
0 85
0 81
0 76
0 32
0 68
0 69
0 70
0 71
0 72
0 73
0 78
0 79
0 80
0 83
0 86
0 88
0 89
0 91
0 93
0 94
0 98
0 99
36 51
36 6
36 18
36 31
36 42
38 64
38 25
38 7
38 65
87 30
95 39
82 20
84 22
85 23
81 19
51 43
51 60
64 58
30 44
30 2
22 57
57 59
57 52
59 15
23 12
23 26
12 28
28 54
19 4