43 6 44 45 88 21 39 4 38 71 15 31 2 16 10 18 0 14 36 12 13 23 7 19 11 29 1 8 17 22 5 3 61 34 24 9 28 30 76 92 32 33 87 37 95 91 96 41 70 72 66 86 98 54 47 50 53 89 90 85 94 81
43 6
43 88
6 44
6 45
6 14
6 9
44 98
45 39
45 54
88 21
21 10
21 18
21 22
21 89
21 90
39 4
39 29
39 41
4 38
4 16
4 12
4 23
4 37
38 71
38 91
38 96
71 15
71 31
71 61
71 50
15 5
15 70
15 72
31 2
31 36
31 87
2 24
2 32
2 33
10 11
18 0
18 19
36 34
12 13
23 7
23 95
29 1
1 8
1 28
1 30
8 17
3 34
61 85
28 76
30 92
91 47
41 66
41 86
70 53
70 94
72 81