93 18 45 26 17 11 4 2 51 10 20 13 75 53 27 80 3 7 49 6 8 12 50 14 79 28 5 40 15 76 31 9 95 30 33 64 84 72 52 36 35 37 54 59 78 41 67 58 48 34 1 88 55 60 61 62 98 87 70 66 56 47 42 94 96 46 43 92 19 22
93 18
18 45
18 26
18 17
18 27
45 53
45 22
26 40
26 31
17 11
17 28
11 4
11 51
11 13
4 2
4 48
4 1
51 10
10 20
10 3
10 14
13 75
13 19
53 33
27 80
80 94
3 7
3 76
3 9
3 92
7 49
7 6
49 8
6 5
8 12
12 50
14 79
14 15
28 30
40 58
15 96
9 95
33 64
64 84
64 34
84 72
72 52
52 36
52 41
36 35
36 59
35 54
37 54
54 67
59 78
1 88
88 55
55 60
55 46
60 61
61 62
61 47
62 98
98 87
87 70
70 66
66 56
47 42
46 43