36 40 35 38 37 41 42 47 44 30 29 32 24 23 26 18 48 53 50 54 59 56 60 65 62 17 20 12 11 14 6 66 71 68 72 77 74 78 83 80 84 89 86 90 92 4 8 2 94 22 19 28 27 25 34 33 31 39 46 45 43 52 51 49 58 55 64
36 40
36 35
36 38
40 37
35 30
38 39
37 41
41 42
42 47
42 44
42 46
47 48
44 45
30 29
30 32
30 34
29 24
29 25
32 33
24 23
24 26
24 28
23 18
23 22
23 19
26 27
18 17
18 20
48 53
48 50
48 52
53 54
50 51
54 59
54 56
54 58
59 60
59 55
60 65
60 62
60 64
65 66
17 12
12 11
12 14
11 6
6 4
6 8
66 71
66 68
71 72
72 77
72 74
77 78
78 83
78 80
83 84
84 89
84 86
89 90
90 92
92 94
4 2
34 31
46 43
52 49