68 66 70 72 74 64 62 60 57 54 51 48 45 43 40 37 34 31 77 80 83 28 25 22 20 17 14 11 8 5 2 98 95 93 90 13 12 16 18 19 23 21 24 26 27 29 30 32 33 35 36 39 38 41 42 44 46 47 49 50 53 52 55 56 58 59 61
68 66
68 70
66 64
70 72
72 74
74 77
64 62
62 60
60 57
57 54
54 51
54 55
54 56
51 48
51 52
48 45
48 50
45 43
45 46
45 47
43 40
40 37
40 42
37 34
37 38
34 31
31 28
31 32
31 33
77 80
80 83
28 25
28 30
25 22
25 27
22 20
22 21
20 17
20 19
20 23
17 14
17 16
14 11
11 8
11 13
8 5
5 2
2 98
98 95
95 93
93 90
13 12
16 18
23 26
21 24
27 29
33 35
33 36
36 39
38 41
42 44
46 49
50 53
56 58
56 59
59 61