0 14 19 21 7 25 26 27 1 28 29 30 2 4 31 32 33 3 6 5 37 38 39 13 40 41 42 12 44 45 46 47 48 8 50 51 9 15 23 52 53 54 10 55 56 57 11 58 59 60 64 66 68 72 73 17 77 78 81 93 95 97 98 99
0 25
0 27
0 21
0 19
0 14
14 68
7 48
7 47
7 46
7 3
26 99
26 53
27 40
1 29
1 28
1 30
29 93
29 73
30 47
2 31
2 32
2 33
4 38
4 39
4 37
31 78
31 50
6 44
6 45
6 12
5 42
5 41
5 40
38 52
38 98
13 64
13 66
40 47
44 59
44 54
46 78
47 57
8 51
8 50
51 97
9 54
9 53
9 52
15 72
23 95
10 57
10 56
10 55
56 58
57 72
11 58
11 60
11 59
58 95
58 66
60 81
17 77
17 78