90 80 91 70 92 60 93 94 95 96 97 98 99 89 79 69 59 58 68 78 88 87 50 40 30 20 10 0 1 2 3 4 5 6 7 8 9 19 29 15 16 17 18 28 24 23 22 25 26 27 14 13 12 11 21 34 33 84 83 82 81 71 75 76 77 67 35 36 65 66 41 52 62 72 64 51 85 31 61
90 80
90 91
80 70
91 92
70 60
92 93
60 50
93 94
94 95
94 84
95 96
95 85
96 97
97 98
98 99
99 89
89 79
79 69
69 59
59 58
58 68
68 78
78 88
88 87
50 40
50 51
40 30
40 41
30 20
20 10
10 0
0 1
1 2
2 3
3 4
4 5
4 14
5 6
5 15
6 7
7 8
8 9
9 19
19 29
15 16
15 24
16 17
17 18
18 28
24 23
24 25
24 34
23 22
25 26
26 27
14 13
13 12
12 11
11 21
34 33
34 35
84 83
84 75
83 82
82 81
81 71
75 76
75 65
76 77
77 67
35 36
65 66
65 64
41 52
41 31
52 62
62 72
51 61