10 56 77 17 76 52 42 34 3 36 38 35 29 26 1 4 39 44 6 37 46 30 31 67 25 65 14 8 86 20 2 22 18 23 69 82 5 7 12 33 41 0 11 27 40 73 28 83 9 53 88 87 95 45 68 78 61 13 19 92
10 56
56 77
77 17
77 92
17 76
17 12
17 78
76 52
76 42
76 82
52 86
52 9
42 34
42 5
34 3
34 33
34 88
3 36
3 35
3 2
36 38
36 67
38 4
38 65
38 87
38 95
35 29
35 44
29 26
29 1
29 25
29 83
26 0
26 73
1 30
1 28
4 39
4 37
4 11
44 6
6 45
37 46
46 7
30 31
67 14
65 13
14 8
14 69
14 68
86 20
20 22
22 18
18 23
82 19
5 41
5 40
0 27
9 53
88 61