26 25 10 27 20 19 44 18 16 17 15 7 8 14 6 45 42 34 41 3 21 29 32 11 22 40 13 2 0 1 98 96 97 43 12 24 38 47 46 48 49 4 28 33 5 70 9 88 74 64 73 36 68 23 37 39 71 79 82 80 81 85 75 60 86 84 92 62 61 58 55 50 72 83 69 35
26 25
25 10
25 27
25 20
25 29
25 28
10 12
10 9
27 70
20 19
20 3
20 21
19 44
19 18
44 45
18 16
18 17
18 2
16 15
15 7
15 14
7 8
7 6
7 5
7 39
8 11
14 13
45 42
45 49
42 34
42 41
42 40
42 43
34 33
34 36
21 22
29 32
22 24
22 23
2 0
2 68
0 1
0 4
1 98
98 96
96 97
97 88
24 38
38 47
38 37
47 46
46 48
33 35
70 71
70 69
88 74
74 64
74 72
64 73
71 79
79 82
79 80
79 81
79 75
82 85
85 86
85 83
75 60
60 62
86 84
84 92
62 61
61 58
58 55
55 50