0 14 5 8 1 15 4 28 29 30 2 3 12 34 35 36 37 38 6 19 10 43 44 45 11 20 46 13 16 49 50 51 9 21 53 54 58 59 60 62 68 69 71 18 24 73 74 75 76 77 79 82 83 84 86 90 22 92 94 96 99
0 14
0 5
14 68
14 69
8 49
8 50
8 51
8 13
1 29
1 28
1 30
15 71
4 38
4 37
28 73
28 46
30 45
2 3
3 36
3 34
3 35
12 62
34 59
34 54
35 82
36 38
36 69
6 44
6 43
6 45
6 10
19 82
19 83
19 84
11 59
11 58
11 60
20 86
16 74
16 73
16 75
16 18
51 90
51 77
9 53
9 54
21 90
54 92
60 71
62 74
18 79
24 99
73 94
73 77
75 84
75 96
75 76
83 99
86 90
22 92