96 23 31 32 94 95 1 38 82 4 50 19 12 10 39 37 15 55 56 57 8 35 40 20 2 9 16 29 47 3 13 6 17 85 93 25 26 34 36 86 68 42 87 5 41 92 98 84 44 7 48 59 60 14 69 22 70 71 73 80 83 91
96 23
96 31
96 32
96 60
96 91
23 94
23 95
23 1
31 2
94 71
94 80
95 38
95 73
1 16
1 29
38 82
38 4
38 68
38 42
82 50
82 19
82 59
4 12
4 10
4 39
4 37
50 8
50 25
19 20
19 83
12 15
10 55
10 56
10 57
39 35
39 40
39 87
37 47
37 86
8 9
35 3
35 26
40 5
40 92
40 98
20 85
47 7
3 13
3 34
3 36
13 6
6 17
85 93
68 14
42 84
87 44
87 70
5 41
92 22
7 48
14 69