16 13 10 3 11 0 14 8 2 20 9 19 18 22 23 24 25 1 6 21 12 17 7 5 28 30 35 27 50 49 32 48 47 46 4 34 26 15 31 51 52 56 57 58 33 60 61 36 29 70 69 66 39 38 43 45 44 72 74 76 75 82 83 81 80 79 78 84 41 42 63 87 85 59
16 13
13 10
13 14
13 2
10 3
10 5
3 11
3 0
3 4
11 20
11 18
11 21
0 1
14 8
14 15
8 6
8 7
8 28
20 22
9 19
9 6
19 45
19 44
22 23
23 24
23 27
23 26
24 25
1 12
12 17
28 30
30 35
30 34
30 31
30 33
30 29
35 50
35 36
35 39
50 49
50 72
50 42
49 57
32 34
48 47
48 57
47 46
47 51
47 56
46 43
51 52
56 60
57 58
58 59
60 61
60 70
61 63
70 69
69 66
39 38
38 41
72 74
74 76
76 75
76 87
75 82
82 83
82 81
83 84
81 80
80 79
79 78
84 85