18 79 80 58 11 60 6 37 4 40 5 42 3 9 12 19 15 0 26 25 62 61 44 21 1 30 17 10 24 31 2 13 43 95 74 16 23 73 75 72 29 32 33 45 38 39 89 71 41 48 76 77 64 7 59 50 51 55 92 91 66 86 82 81 88 87
18 79
18 80
18 21
18 81
79 50
79 51
80 58
58 11
58 92
11 60
11 6
11 59
60 37
60 40
6 3
6 9
6 19
6 44
6 43
6 45
37 4
37 89
4 15
4 38
4 39
40 5
40 48
5 42
5 10
5 41
42 31
42 74
42 77
42 64
3 12
9 17
12 62
12 61
15 0
15 72
0 26
0 25
0 24
21 1
1 30
1 13
31 2
2 32
2 33
43 95
95 23
74 16
74 86
16 73
16 75
73 29
39 71
89 66
41 76
48 7
76 55
76 82
59 91
91 87
86 88