0 14 25 26 27 1 20 3 29 30 2 17 31 32 33 7 4 8 6 37 38 39 5 19 42 12 22 43 44 45 46 47 49 51 9 53 54 10 24 55 56 57 11 59 60 61 62 63 13 64 65 23 67 68 69 16 73 75 76 77 79 82 87 88 92 99
0 26
0 25
0 27
14 69
14 68
14 23
27 61
27 77
1 29
1 30
20 87
3 7
29 77
2 31
2 32
2 33
17 77
17 76
31 60
31 45
7 46
7 47
4 38
4 37
4 39
8 49
8 51
6 44
6 43
6 22
37 49
38 73
5 42
19 82
42 61
12 61
12 62
12 63
22 92
43 47
43 53
45 87
45 62
9 54
9 53
53 55
10 56
10 55
10 57
24 99
55 79
56 76
56 67
57 73
11 59
11 60
59 88
62 99
62 68
13 65
13 64
64 77
69 82
16 73
16 75