10 25 1 28 29 30 6 31 22 23 11 35 4 5 37 38 39 40 41 42 16 44 8 18 49 50 51 9 52 54 55 56 57 59 62 13 17 64 65 66 14 21 68 15 70 71 74 75 77 79 80 81 83 86 88 89 90 91 94 95 96
10 56
10 57
10 55
25 29
1 29
1 28
1 30
29 44
30 51
30 88
30 70
30 65
6 44
31 40
31 49
22 91
22 4
23 95
23 96
23 94
11 59
35 54
4 39
4 38
4 37
5 42
5 40
5 41
38 50
38 95
40 62
16 75
16 74
8 51
8 50
8 49
18 79
18 81
18 80
51 71
9 52
9 54
52 96
57 88
59 66
59 75
13 64
13 66
13 65
17 77
14 68
21 88
21 90
68 70
15 71
75 86
77 94
80 95
81 83
89 90