88 21 52 90 89 20 9 77 33 4 22 17 45 3 7 1 12 8 15 76 19 24 18 0 49 57 82 84 83 28 10 56 25 37 38 39 2 31 32 75 34 35 53 54 6 43 44 71 65 50 94 51 55 74 59 13 64 16 69 73 78 87 79 85 92 98
88 21
88 52
88 31
88 35
88 64
88 73
88 92
88 98
21 90
21 89
21 20
52 9
52 77
52 33
90 59
9 4
9 22
9 53
9 54
77 17
77 45
77 25
77 69
77 79
33 2
33 75
4 3
4 7
4 1
4 12
4 37
4 38
4 39
22 8
22 15
17 76
17 19
17 24
17 78
45 32
45 6
45 65
3 18
3 0
1 28
8 49
76 57
76 43
76 44
76 87
19 82
19 84
19 83
57 10
57 34
57 74
10 56
10 55
75 16
53 51
54 50
44 71
65 13
50 94
78 85