0 19 12 25 20 15 29 30 2 9 33 3 5 35 36 4 13 39 40 41 42 6 18 47 48 49 50 11 52 53 54 10 23 56 57 58 59 60 17 61 62 63 64 65 66 68 69 70 71 72 74 75 79 83 84 85 86 89 90 96 97 99
0 25
19 83
19 84
12 62
12 63
12 61
25 74
25 57
20 85
20 86
15 72
15 71
15 70
29 54
30 58
2 33
9 54
9 52
9 53
33 52
3 35
3 36
5 42
5 41
5 40
35 49
35 86
36 61
4 39
13 66
13 64
13 65
39 68
40 65
6 18
18 79
18 17
47 59
48 62
50 66
11 59
11 58
11 60
52 59
52 56
54 89
10 57
10 56
23 96
58 75
59 66
59 68
60 99
62 90
62 97
62 79
66 69
72 75
72 96
83 99
90 99