25 24 20 0 10 97 37 86 66 59 91 62 82 92 71 69 79 98 40 52 50 57 18 39 9 11 47 34 14 55 38 13 1 31 45 33 30 58 60 61 63 65 67 68 70 72 73 75 76 77 78 80 81 84 85 87 88 90 93 95 96 5
25 24
25 20
20 0
20 10
0 97
0 37
0 86
0 66
0 59
0 91
0 62
0 82
0 92
0 71
0 69
0 79
0 98
0 60
0 61
0 63
0 65
0 67
0 68
0 70
0 72
0 73
0 75
0 76
0 77
0 78
0 80
0 81
0 84
0 85
0 87
0 88
0 90
0 93
0 95
0 96
10 40
10 52
10 50
10 57
97 55
37 5
86 38
66 13
59 1
82 33
79 30
40 18
52 39
50 9
57 11
18 14
11 47
11 34
1 31
1 45
30 58