0 9 15 25 26 27 1 19 22 4 28 29 30 2 14 23 31 32 33 3 34 35 36 7 37 38 39 5 21 20 40 41 42 6 16 43 44 47 8 18 49 50 11 52 54 55 57 59 12 63 13 65 66 67 70 71 72 73 74 17 76 83 86 87 93 95 98
0 26
0 27
0 25
9 52
9 54
15 70
15 71
15 72
25 42
26 28
27 95
27 93
1 29
1 28
1 30
19 83
22 93
4 38
4 39
4 37
28 50
29 59
29 36
30 83
30 72
2 32
2 31
2 33
14 67
23 95
32 52
33 35
3 36
3 34
3 35
34 76
36 47
36 73
7 47
37 44
5 40
5 41
5 42
21 17
20 86
20 87
40 55
6 44
6 43
16 74
16 73
43 93
47 67
8 50
8 49
8 18
49 86
11 59
55 66
57 71
12 63
63 70
13 65
13 66
17 76
83 98