0 7 4 25 26 27 1 29 30 2 17 31 32 33 34 35 5 37 38 39 12 40 42 6 8 44 45 46 47 48 49 51 9 52 53 10 21 56 57 11 20 58 59 60 62 63 64 66 14 68 69 70 16 73 74 75 19 84 88 89 92 99
0 26
0 25
0 27
7 48
7 46
7 47
7 1
4 37
4 38
4 39
25 75
25 84
26 48
27 62
27 39
27 45
1 30
1 29
2 31
2 32
2 33
17 19
32 99
33 47
33 64
34 56
35 60
5 42
5 40
12 62
12 63
40 47
42 49
6 45
6 44
8 51
8 49
46 88
46 69
48 59
48 70
48 92
9 52
9 53
53 73
53 66
10 56
10 57
21 89
21 88
56 75
11 59
11 60
11 58
11 20
14 68
14 69
16 74
16 75
16 73
19 84