56 10 55 28 1 30 0 57 48 42 5 41 65 33 13 2 31 25 3 20 12 4 11 19 7 21 14 15 6 23 40 18 9 16 17 22 24 29 46 95 58 73 32 77 70 89 85 36 49 64 66 37 38 50 51 99 44 47 91 80 8 94 92 62 63 74 82 69
56 10
56 28
10 55
10 0
10 57
10 21
55 94
55 92
28 1
28 46
1 30
1 11
1 17
1 29
30 58
30 73
0 25
57 48
57 65
48 42
48 7
48 37
42 5
42 99
5 41
5 40
41 51
65 33
65 13
65 44
33 2
33 36
33 49
13 3
13 4
13 24
13 64
13 66
2 31
2 22
2 32
31 77
31 70
31 89
3 20
3 9
3 16
20 12
20 6
12 15
11 19
7 18
7 47
21 14
14 23
40 50
29 95
32 85
49 8
64 38
66 74
66 82
47 91
47 80
94 69
92 62
92 63