58 59 56 57 46 47 48 49 50 51 52 53 54 55 87 0 89 91 1 85 37 36 38 35 60 34 61 62 80 39 40 41 42 43 33 32 31 30 29 28 63 27 2 3 4 5 6 7 79 78 26 64 65 69 25 24 75 77 23 22 8 9 21 20 66 19 70 71 81 72 82 92 94 67 95 68 18 17 16 12 15 84 83 90 86 88
58 59
58 56
58 57
58 46
58 47
58 48
58 49
58 50
58 51
58 52
58 53
58 54
58 55
58 87
59 0
56 89
0 91
0 1
89 85
1 2
85 37
37 36
37 38
36 35
38 39
38 84
35 60
35 34
60 61
34 33
61 62
61 80
62 63
80 79
39 40
39 83
40 41
40 90
41 42
42 43
33 32
32 31
31 30
30 29
29 28
28 27
63 64
27 26
2 3
3 4
4 5
5 6
6 7
7 8
79 78
78 77
26 25
64 65
64 69
65 66
69 70
25 24
25 75
24 23
23 22
22 21
8 9
21 20
20 19
66 67
19 18
70 71
70 81
71 72
81 82
82 92
92 94
94 95
67 68
68 12
18 17
17 16
16 15
84 88
83 86