7 6 8 5 9 4 3 2 1 10 11 12 13 14 37 84 35 73 36 77 15 33 53 16 40 17 32 39 31 34 38 54 74 55 56 98 64 51 18 65 76 96 75 19 20 21 22 23 97 85 80 91 99 66 24 25 26 27 28 29 63 41 42 67 68 43 49 50 52 71 72 81 82 83 89 92 93 94 95
7 6
7 8
6 5
8 9
5 4
9 10
4 3
3 2
2 1
10 11
11 12
12 13
13 14
13 64
13 65
13 66
13 63
14 37
14 35
14 36
14 15
14 38
37 84
37 85
37 81
37 82
37 83
37 89
35 73
35 74
35 75
35 71
35 72
36 77
36 76
36 80
15 33
15 16
15 32
15 31
15 34
33 53
33 54
33 55
33 56
16 40
16 17
16 39
16 41
16 42
40 98
40 96
40 97
40 99
17 18
17 67
17 68
32 51
32 49
32 50
32 52
39 91
39 92
39 93
39 94
39 95
31 43
18 19
19 20
20 21
21 22
22 23
23 24
24 25
25 26
26 27
27 28
28 29