99 24 98 49 8 50 56 46 7 47 26 0 10 5 13 40 58 42 38 18 1 11 51 29 34 44 48 52 9 53 27 69 37 80 64 76 95 33 2 21 22 39 60 14 20 36 17 81 4 55 57 84 96 78 70 94 73 54 16 66 67 23 97 91
99 24
99 49
24 98
24 22
24 97
98 91
49 8
49 94
8 50
8 18
8 51
50 56
50 46
56 26
56 10
56 39
46 7
46 84
7 47
7 13
7 48
47 52
47 96
47 78
26 0
26 36
0 27
10 5
10 55
10 57
5 40
5 42
13 64
40 58
58 38
58 11
18 1
18 80
18 21
18 81
1 29
51 73
29 34
34 44
48 69
48 60
48 70
52 9
52 76
9 53
9 54
53 37
53 33
69 14
80 95
76 17
33 2
39 4
14 20
94 23
73 16
73 66
73 67