44 6 56 10 80 30 1 29 60 47 32 27 0 4 2 33 26 21 8 25 11 14 16 61 22 58 72 38 3 5 18 15 23 12 20 9 19 59 65 85 98 28 37 36 31 66 71 73 54 35 94 91 7 48 46 53 52 99 50 93 78 64 13 79 81 92
44 6
44 56
6 4
56 10
56 80
10 16
80 30
80 18
30 1
30 36
1 29
1 12
1 9
1 28
29 60
60 47
60 11
60 46
60 64
47 32
47 7
47 53
47 52
47 99
32 27
32 2
32 71
32 73
27 0
27 65
27 85
27 98
0 26
0 25
4 38
2 33
2 21
2 23
2 31
33 54
33 35
33 94
33 91
26 61
21 8
21 3
8 14
8 22
11 58
11 5
11 59
58 72
72 15
18 79
18 81
15 20
9 19
59 78
28 37
31 66
7 48
48 50
53 93
99 92
64 13