51 77 37 25 50 30 26 24 27 28 29 33 32 34 35 42 43 45 44 60 61 40 41 56 57 46 47 58 59 11 5 2 6 0 31 39 38 55 54 53 52 36 49 48 1 3 4 7 8 9 10 62 12 13 14 23 65 66 71 72 73 74 75 76 78 95 96 98
51 77
51 37
51 78
37 25
37 50
37 30
25 26
25 24
25 27
50 75
50 76
30 36
26 28
26 29
24 11
27 31
28 33
28 32
29 34
29 35
33 42
33 43
32 40
32 41
34 45
34 44
35 46
35 47
42 60
42 61
43 62
45 65
45 66
60 95
60 96
61 98
40 56
40 57
41 58
41 59
11 5
11 23
5 2
5 12
2 6
2 0
6 13
6 14
0 1
31 39
31 38
39 55
39 54
38 53
38 52
36 49
36 48
49 73
49 74
48 71
48 72
1 3
1 4
3 7
3 8
4 9
4 10