0 3 4 5 6 10 13 14 15 16 17 18 19 20 21 22 23 24 25 26 27 28 29 32 33 34 35 36 37 40 41 42 45 46 49 50 51 52 53 56 57 58 59 60 61 62 63 64 66 67 68 69 70 71 72 73 74 75 76 77 78 79 80 84 87 88 89 90 94 95 96 97 98 99
0 3
3 4
4 5
4 88
5 67
6 64
10 40
13 14
14 15
15 16
16 17
17 18
18 23
19 20
20 21
20 60
21 22
22 23
23 24
25 26
26 27
26 71
27 28
28 29
32 33
32 84
33 34
34 35
34 60
35 36
36 37
40 41
41 42
42 51
45 90
45 46
49 50
50 90
50 51
51 52
52 53
56 57
57 58
58 59
59 60
60 61
60 66
61 72
61 62
62 63
63 64
67 68
67 77
68 69
69 70
70 71
71 72
72 73
72 99
74 75
75 76
76 77
77 78
78 79
79 80
87 88
88 89
89 90
94 95
95 96
96 97
97 98
98 99