0 23 1 28 29 30 2 11 16 9 31 32 33 3 7 34 35 36 4 10 8 37 5 17 41 42 6 43 44 45 47 48 24 49 50 51 56 58 59 60 13 21 14 64 65 66 15 22 70 71 76 77 78 18 79 19 83 85 90 92 95 98
0 23
23 95
1 28
1 29
1 30
30 35
2 32
2 31
2 33
2 16
11 58
11 60
11 59
9 3
32 42
3 34
3 36
3 35
7 48
7 47
36 77
4 37
4 8
10 56
8 50
8 51
8 49
5 41
5 42
17 76
17 77
17 78
42 71
6 44
6 43
6 45
43 90
44 78
47 51
48 98
24 98
51 77
56 92
58 66
58 77
58 70
59 83
60 92
13 64
13 66
13 65
21 90
14 22
64 85
66 79
15 70
15 71
22 92
70 95
18 79
19 83