1 7 39 16 5 32 4 2 3 20 0 63 8 29 30 23 13 24 21 54 60 17 42 33 22 46 48 49 55 89 88 27 37 47 67 57 58 6 53 18 83 10 44 75 90 12 81 11 15 19 92 70 51 38 40 52 85 71 65 98 97 82 93 69 73 96 34 84
1 7
1 39
1 16
1 5
1 4
1 27
7 32
7 96
39 63
39 15
39 38
39 40
16 53
16 18
5 0
5 12
5 11
5 73
32 29
32 10
32 52
4 2
4 8
4 17
2 3
2 13
2 47
2 6
3 20
3 22
20 82
63 54
63 65
63 84
8 33
29 30
30 23
23 24
23 89
23 90
23 51
13 21
21 19
54 60
54 55
60 98
17 42
17 67
17 44
22 46
46 48
48 49
49 75
89 88
88 85
27 37
47 81
67 57
57 58
58 83
10 92
92 70
92 71
92 34
70 93
98 97
93 69