0 34 43 35 45 46 4 30 38 41 5 42 48 6 32 49 33 53 11 54 55 50 14 51 57 15 52 58 16 17 20 63 64 22 65 23 60 66 24 61 67 25 68 29 73 75 71 77 83 84 80 86 81 88 95 91 97 92
0 34
34 77
34 71
34 68
43 77
43 86
43 17
43 6
35 61
45 11
46 83
4 30
30 73
30 64
38 64
38 75
41 15
41 75
5 48
5 42
42 16
48 14
6 49
6 32
32 75
32 66
33 67
53 16
11 54
54 17
54 80
54 20
54 88
54 91
55 92
55 81
50 84
50 24
14 51
51 25
57 23
57 83
15 58
52 95
58 84
58 95
20 63
63 97
22 65
65 91
23 60
23 66
66 29
66 92
24 61
24 67
25 68