0 21 23 25 26 27 1 8 15 28 30 2 3 13 33 34 35 4 14 37 12 43 47 22 49 51 10 18 11 59 62 64 65 66 20 24 70 78 79 81 83 85 86 87 88 91 94 95 96 97 99 71 72 29 36 69 98 80 92
0 27
0 25
0 26
21 88
21 10
23 94
23 95
23 96
23 14
25 65
25 47
25 91
26 83
27 97
1 28
1 30
8 49
8 51
15 70
15 71
15 72
28 95
2 33
3 35
3 34
3 36
13 65
13 66
13 64
33 51
34 70
35 97
4 37
37 59
37 78
12 62
43 88
22 91
49 64
18 81
18 79
11 59
59 79
62 91
20 86
20 85
20 87
24 97
24 99
24 98
70 94
70 86
81 87
86 92
88 99
94 29
94 80
71 69