0 1 15 25 26 27 28 29 2 13 4 31 32 24 37 38 39 5 40 6 8 9 19 44 45 47 49 52 53 54 10 20 55 56 57 11 58 59 60 63 64 65 66 14 67 68 69 70 72 74 17 76 78 18 79 82 84 85 86 87 89 94 97 99 34 36 81 3
0 27
0 25
0 26
1 29
1 28
15 72
15 70
26 55
27 74
28 32
29 85
29 68
2 32
2 31
13 65
13 64
13 66
4 37
4 38
4 39
31 49
24 97
24 99
37 54
39 44
5 40
40 66
6 44
6 45
8 49
9 53
9 52
9 54
19 82
19 84
47 78
52 94
52 34
53 58
53 86
54 81
10 55
10 56
20 86
20 85
20 87
55 58
55 63
57 85
11 58
11 60
11 59
59 65
59 36
64 89
14 68
14 67
14 69
67 82
70 76
72 89
17 76
17 78
18 79
79 85
85 97
34 3