0 16 25 26 27 1 13 21 29 30 2 22 31 33 3 6 12 34 4 20 37 5 40 41 42 7 11 44 46 47 23 17 56 58 59 60 61 62 64 65 66 73 74 75 76 77 18 79 80 85 86 87 88 89 90 91 93 95 36 48 96 83 19
0 26
0 25
0 27
16 74
16 73
16 75
25 56
26 87
1 29
1 30
13 66
13 65
21 88
21 90
21 89
29 73
30 34
2 31
2 33
22 91
22 93
31 42
3 34
6 44
12 62
12 61
4 37
20 87
20 85
20 86
37 60
5 42
5 41
5 40
40 60
40 48
42 74
42 64
42 77
7 46
7 47
11 60
11 58
11 59
44 85
46 62
23 95
17 77
17 76
58 80
59 91
62 65
66 89
74 86
75 96
18 80
18 79
86 88
86 83
89 36
93 95
83 19