99 24 49 98 22 97 8 94 91 50 18 51 23 56 46 1 80 21 81 73 26 10 39 7 84 0 36 5 55 57 4 47 13 48 19 52 96 78 64 69 60 70 9 76 27 40 42 58 38 11 29 95 34 16 66 67 44 14 53 54 17 37 33 2 20 74 82 83
99 24
99 49
24 98
24 22
24 97
49 8
49 94
98 91
8 50
8 18
8 51
94 23
50 56
50 46
18 1
18 80
18 21
18 81
51 73
56 26
56 10
56 39
46 7
46 84
1 29
80 95
73 16
73 66
73 67
26 0
26 36
10 5
10 55
10 57
39 4
7 47
7 13
7 48
84 19
0 27
5 40
5 42
47 52
47 96
47 78
13 64
48 69
48 60
48 70
19 82
19 83
52 9
52 76
69 14
9 53
9 54
76 17
40 58
58 38
58 11
29 34
34 44
16 74
14 20
53 37
53 33
33 2