0 36 23 63 66 67 68 70 71 72 73 74 80 82 83 84 86 88 92 93 94 95 96 97 1 54 13 3 8 40 9 53 32 59 15 31 19 16 17 18 56 52 20 43 21 50 24 25 29 57 60 61 62 64 65 69 75 76 77 78 79 81 85 87 89 90 91 98 99
0 23
0 36
0 82
0 68
0 86
0 66
0 80
0 84
0 74
0 94
0 71
0 93
0 63
0 95
0 70
0 72
0 92
0 96
0 73
0 67
0 88
0 97
0 83
0 61
0 62
0 64
0 65
0 69
0 75
0 76
0 77
0 78
0 79
0 81
0 85
0 87
0 89
0 90
0 91
0 98
0 99
23 54
1 54
54 56
54 57
54 19
13 15
3 40
3 8
40 32
9 53
9 32
53 17
59 25
59 29
15 19
15 31
31 16
31 24
19 52
19 17
18 56
56 60
20 43
43 21
21 24
21 50
50 25