0 3 4 5 88 67 6 64 10 40 13 14 15 16 17 18 23 19 20 21 60 22 24 25 26 27 71 28 29 32 33 84 34 35 36 37 41 42 51 45 90 46 49 50 52 53 56 57 58 59 61 66 72 62 63 68 77 69 70 73 99 74 75 76 78 79 80 87 89 94 95 96 97 98 65
0 3
3 4
4 5
4 88
5 67
88 87
88 89
67 68
67 77
6 64
64 63
10 40
40 41
13 14
14 15
15 16
16 17
17 18
18 23
23 22
23 24
19 20
20 21
20 60
21 22
60 34
60 59
60 61
60 66
25 26
26 27
26 71
27 28
71 70
71 72
28 29
32 33
32 84
33 34
34 35
35 36
36 37
41 42
42 51
51 50
51 52
45 90
45 46
90 50
90 89
49 50
52 53
56 57
57 58
58 59
61 72
61 62
66 65
72 73
72 99
62 63
68 69
77 76
77 78
69 70
99 98
74 75
75 76
78 79
79 80
94 95
95 96
96 97
97 98