0 9 18 1 8 28 30 2 24 31 32 4 34 36 12 23 38 39 5 15 41 6 14 43 17 50 51 52 53 54 10 21 13 61 63 64 66 70 71 72 76 81 86 22 88 91 92 94 95 96 98 79 35 73 62 65 80 16 75
0 9
9 53
9 52
9 54
18 81
18 79
1 30
1 28
8 50
8 51
28 76
30 92
2 31
2 32
24 98
31 36
4 38
4 39
34 36
36 53
12 63
12 61
23 94
23 95
23 96
38 71
38 91
5 41
15 70
15 72
15 71
41 66
41 86
6 43
6 14
43 88
17 76
50 71
52 73
53 70
53 64
53 62
10 21
21 88
13 64
13 66
13 65
63 94
66 98
70 94
72 81
86 88
22 91
22 92
95 35
95 80
73 16
16 75