69 1 58 40 3 4 13 57 55 43 23 46 10 80 85 95 24 12 22 83 89 14 52 63 66 76 27 77 18 25 37 62 19 78 96 98 21 35 39 75 26 48 29 30 32 33 74 73 44 82 71 56 50 67 72 45 36
69 80
1 58
58 40
58 72
40 18
3 13
4 57
13 12
13 89
57 75
57 76
55 30
43 52
43 48
43 82
23 39
46 22
10 85
10 80
10 95
80 39
85 18
85 66
95 73
95 98
24 14
24 12
24 21
24 75
24 77
22 63
22 37
83 52
14 66
14 52
14 63
52 44
52 71
66 78
66 96
27 48
18 25
18 62
62 29
19 78
78 30
96 50
35 74
75 74
75 26
48 36
32 33
33 74
44 45
56 50
50 67