0 11 25 26 27 1 9 12 29 30 2 21 32 33 24 4 6 37 5 20 44 7 10 46 47 48 8 22 50 19 53 16 56 58 59 60 61 13 64 65 66 15 72 73 78 18 79 80 81 85 91 92 98 99 42 83 62 86 17 76 77
0 27
0 26
0 25
11 59
11 58
11 60
11 5
25 78
25 42
26 61
26 83
27 65
27 98
27 85
1 29
1 30
9 53
9 19
12 61
12 62
29 60
30 80
2 32
2 33
2 21
32 47
32 73
24 98
4 37
6 44
37 91
20 85
20 86
44 56
7 48
7 47
7 46
10 56
47 53
47 99
48 61
48 50
8 50
22 92
22 91
16 73
56 80
58 72
59 78
13 65
13 64
13 66
15 72
78 17
18 80
18 79
18 81
92 99
17 76
17 77