0 10 21 27 1 16 28 2 6 20 32 33 3 34 35 36 4 13 9 40 7 46 47 48 15 18 52 55 57 12 62 19 65 14 67 68 69 70 75 17 76 77 78 79 80 24 83 84 85 86 87 88 89 90 91 92 93 99 97 98 82
0 27
10 55
10 57
21 90
21 88
21 89
27 34
1 28
16 75
28 47
2 32
2 33
6 3
20 87
20 86
20 85
32 88
3 34
3 35
3 36
35 40
35 68
4 13
13 65
9 52
7 46
7 48
7 47
46 76
48 79
15 70
18 79
18 80
52 91
55 89
12 62
62 89
19 83
19 84
65 88
65 91
14 68
14 69
14 67
67 99
67 90
68 87
69 77
69 92
70 87
70 93
75 87
17 77
17 76
17 78
24 99
24 97
24 98
83 87
99 82