19 20 33 35 41 44 21 13 4 16 3 1 0 2 10 6 12 45 34 39 9 18 38 46 7 23 25 15 27 32 51 49 50 52 53 55 59 65 58 64 67 73 77 88 89 99 85 86 76 81 79 62 47 22 11 14 48 17 57 97 96 91 90 36 40 43 54 61 56
19 20
19 33
19 22
20 21
33 35
33 34
35 41
35 40
41 44
44 45
44 43
44 54
21 13
21 17
13 4
13 10
13 12
13 14
4 16
4 3
3 1
3 2
1 0
10 6
10 11
6 9
6 7
12 18
45 46
45 51
34 39
34 36
39 38
18 32
46 47
46 48
23 25
23 17
25 15
15 27
51 49
49 50
50 52
52 53
52 55
52 61
55 59
55 56
59 65
59 58
65 64
65 67
58 57
64 62
67 73
73 77
77 88
77 79
88 89
88 76
89 99
89 85
89 86
99 97
86 91
76 81
97 96
91 90