0 16 68 69 70 71 72 73 74 75 76 77 78 79 80 81 82 83 84 86 88 89 91 92 94 95 96 97 98 99 31 41 7 19 57 28 8 25 34 39 46 15 35 32 21 66 37 23 24 63 26 64 67 42 38 50 47 85 87 90 93
0 16
0 91
0 98
0 84
0 89
0 72
0 81
0 71
0 74
0 78
0 83
0 96
0 88
0 75
0 97
0 73
0 80
0 76
0 82
0 79
0 92
0 69
0 95
0 94
0 68
0 99
0 70
0 77
0 86
0 85
0 87
0 90
0 93
16 15
16 35
73 7
84 23
89 31
94 39
96 41
97 42
98 47
31 26
41 63
41 34
7 28
7 19
7 57
57 66
28 67
8 34
8 25
46 42
32 23
21 66
37 42
24 63
26 64
64 38
67 50