0 14 27 2 17 31 32 18 8 6 19 12 22 43 44 45 49 9 52 53 10 24 55 56 57 11 58 59 60 61 62 21 23 67 68 16 73 76 77 78 79 80 83 84 88 89 90 91 95 96 99 29 40 48 93 64 98 74 85 1 7 46
0 27
14 68
27 61
27 77
2 31
2 32
17 77
17 78
17 76
31 60
31 45
32 91
18 79
18 80
8 49
6 44
6 43
19 84
19 83
12 61
12 62
22 91
44 83
49 96
9 53
9 52
53 55
10 56
10 55
10 57
24 99
55 79
56 76
56 67
57 90
57 73
57 48
57 93
11 59
11 60
11 58
59 88
62 99
62 68
21 90
21 88
21 89
23 95
23 96
67 98
16 73
77 29
77 64
78 95
78 74
84 96
88 85
90 40
29 1
48 7
7 46