4 6 7 8 9 10 12 13 14 15 17 18 19 21 26 25 29 30 31 32 35 36 37 38 39 40 41 42 46 47 48 49 51 50 52 53 54 55 56 57 58 59 60 61 62 63 64 65 66 67 68 69 70 71 72 73 74 79 80 81 82 83 84 85 87 88 89 92 96 98 99
4 13
6 7
7 8
8 9
8 21
9 10
10 19
12 13
12 17
13 14
14 15
17 18
18 19
18 49
26 32
25 30
25 29
30 31
30 39
31 48
31 32
35 36
36 37
37 38
37 42
38 39
39 40
40 74
40 41
46 47
47 48
48 49
51 57
51 52
50 55
50 54
53 54
55 56
55 64
56 73
56 57
58 71
58 59
60 69
60 61
62 63
63 64
64 65
65 66
65 99
67 68
68 69
69 70
70 71
71 72
72 73
73 74
79 88
80 81
80 89
81 98
81 82
82 83
83 84
83 96
84 85
87 88
87 92
88 89
98 99