0 34 27 2 3 4 19 18 21 5 20 60 7 6 8 23 58 9 24 25 10 13 11 36 39 16 17 26 28 29 22 44 43 42 41 49 54 55 53 57 62 59 63 61 64 70 69 75 66 67 84 79 80 77 94 81 82 89 93 31
0 34
34 27
27 17
27 26
27 31
2 3
3 4
4 21
4 5
4 20
19 18
18 26
18 23
21 23
5 60
5 7
5 6
5 8
60 61
7 58
8 9
23 24
23 22
58 55
58 57
58 62
24 25
25 13
10 13
13 11
11 36
36 39
16 17
26 28
26 29
29 44
29 43
43 42
42 41
49 54
54 55
54 53
62 70
59 63
59 61
63 64
64 69
70 79
69 75
69 66
75 84
66 67
84 89
79 80
80 77
80 94
77 81
94 93
81 82