2 1 3 98 0 4 6 7 5 9 8 97 99 96 11 12 10 14 13 16 17 18 21 22 23 26 27 28 31 32 33 36 37 38 41 42 93 95 92 91 88 90 94 87 86 83 85 89 82 81 78 80 84 77 76 73 72 71 68 67 66 63 62 61 58 57 56 53 52 51 48 47 75 79
2 1
2 3
1 98
1 0
1 4
3 6
98 97
98 99
6 7
6 5
6 9
7 8
8 11
97 96
96 93
96 95
11 12
11 10
11 14
12 13
13 16
16 17
17 18
18 21
21 22
22 23
23 26
26 27
27 28
28 31
31 32
32 33
33 36
36 37
37 38
38 41
41 42
93 92
92 91
91 88
91 90
91 94
88 87
87 86
86 83
86 85
86 89
83 82
82 81
81 78
81 80
81 84
78 77
78 75
77 76
76 73
76 79
73 72
72 71
71 68
68 67
67 66
66 63
63 62
62 61
61 58
58 57
57 56
56 53
53 52
52 51
51 48
48 47