55 52 63 64 56 54 51 66 69 68 53 50 60 40 67 65 76 99 77 78 75 81 80 85 88 89 91 93 39 30 38 27 41 37 44 43 36 42 26 31 15 32 14 5 13 2 16 12 19 18 11 17 1 6 7 4 34 25 28 33 29 35 46 47 61 58 59 57 62
55 52
55 63
55 64
52 56
52 54
52 51
63 66
63 69
63 68
64 65
56 57
51 53
51 50
53 60
53 40
50 58
50 59
60 67
60 61
40 39
65 76
65 99
76 77
76 78
76 75
77 81
77 80
78 85
80 88
80 89
88 91
88 93
39 30
30 38
30 27
38 41
38 37
38 44
38 43
27 26
27 31
27 29
41 46
41 47
37 36
36 42
26 15
26 25
26 28
31 32
15 14
15 34
14 5
5 13
5 2
13 16
13 12
13 19
13 18
2 1
2 6
2 4
12 11
11 17
6 7
25 33
28 35
61 62