0 1 10 2 3 4 5 6 7 8 9 19 20 30 40 50 41 60 70 80 90 91 92 93 94 95 96 97 98 99 89 29 59 69 58 79 11 12 21 13 14 15 16 24 17 18 28 31 51 52 61 71 81 82 83 84 85 75 87 88 78 68 22 23 25 34 26 27 62 72 76 65 77 67 33 35 36 64 66 42
0 1
0 10
1 2
10 20
2 3
3 4
4 5
5 6
6 7
7 8
8 9
9 19
19 29
20 30
30 40
40 50
40 41
50 60
41 31
41 51
41 52
60 70
70 80
80 90
90 91
91 92
92 93
93 94
94 95
95 96
96 97
97 98
98 99
99 89
89 79
59 69
59 58
69 79
58 68
11 12
11 21
12 13
21 31
13 14
14 15
15 16
15 24
16 17
24 23
24 25
24 34
17 18
18 28
51 61
51 42
52 62
61 71
71 81
81 82
82 83
83 84
84 85
84 75
75 76
75 65
87 88
88 78
78 68
22 23
25 26
34 33
34 35
26 27
62 72
76 77
65 64
65 66
77 67
35 36