2 6 7 9 13 14 16 20 21 23 26 27 25 28 31 29 32 30 33 34 35 38 36 39 37 40 41 42 45 43 46 44 47 48 49 52 50 53 51 54 55 56 59 57 60 58 61 62 63 66 64 67 65 68 69 70 73 72 76 77 79 83 84 85 88 91 93 96 98 71 74
2 6
6 7
7 9
9 13
13 14
14 16
16 20
20 21
21 23
23 26
23 27
26 25
27 28
28 31
28 29
29 32
32 33
30 33
30 34
34 35
35 38
35 36
36 39
39 40
37 40
37 41
41 42
42 45
42 43
43 46
46 47
44 47
44 48
48 49
49 52
49 50
50 53
53 54
51 54
51 55
55 56
56 59
56 57
57 60
60 61
58 61
58 62
62 63
63 66
63 64
64 67
67 68
65 68
65 69
69 70
70 73
70 71
73 72
72 76
76 77
77 79
79 83
83 84
84 85
85 88
88 91
91 93
93 96
96 98
71 74