2 70 7 3 0 32 19 9 15 25 42 14 18 21 36 31 20 1 4 17 8 6 5 11 23 54 12 49 22 72 64 39 29 65 24 26 37 84 68 35 63 71 10 41 69 28 45 46 75 67 91 40 48 82 55 94 16 27 86 96 83 56
2 70
2 7
2 3
2 0
2 32
2 19
2 55
7 9
7 15
7 25
7 42
3 21
3 36
0 1
0 4
0 17
32 72
32 64
19 96
9 14
9 18
9 16
15 20
25 83
42 56
14 31
14 27
18 29
21 49
21 22
20 45
1 8
1 6
1 5
1 40
1 48
1 82
4 11
4 23
4 54
4 12
4 94
17 39
17 86
8 71
5 10
11 24
23 26
23 37
49 65
22 28
64 69
39 41
65 67
24 35
26 84
26 68
35 63
10 91
45 46
46 75