6 45 44 12 43 95 62 23 28 99 94 14 15 0 96 80 29 70 11 4 68 20 21 27 26 5 25 66 18 42 10 7 49 87 37 97 83 8 54 13 53 84 79 81 22 16 2 64 17 3 33 19 50 51 47 65 91 78 59 35 24 88 1 30 38 34 85 86
6 45
6 44
6 12
6 43
44 95
12 62
43 88
95 23
95 28
95 99
23 94
23 14
23 15
23 0
23 96
28 1
94 80
94 29
94 70
14 11
14 4
14 68
15 20
0 21
0 27
0 26
0 5
0 25
80 66
80 18
80 42
29 38
70 34
70 86
21 10
21 7
27 49
27 87
27 37
27 97
26 83
25 47
25 65
25 91
66 13
66 53
66 84
18 79
18 81
42 85
49 8
49 54
37 78
37 59
97 35
97 24
83 19
8 50
8 51
13 22
13 16
13 2
13 64
22 17
2 3
2 33
1 30