10 56 57 55 25 29 1 28 30 44 51 88 70 65 6 31 40 49 22 91 4 23 95 96 94 11 59 35 54 39 38 37 5 42 41 50 62 16 75 74 8 18 79 81 80 71 9 52 66 13 64 17 77 14 68 21 90 15 86 83 89 2 32 33 72
10 56
10 57
10 55
57 88
25 29
29 1
29 44
1 28
1 30
30 51
30 88
30 70
30 65
44 6
51 8
51 71
88 21
70 68
65 13
31 40
31 49
31 2
40 5
40 62
49 8
49 72
22 91
22 4
4 39
4 38
4 37
23 95
23 96
23 94
95 38
95 80
96 52
94 77
11 59
59 66
59 75
35 54
54 9
38 50
5 42
5 41
50 8
16 75
16 74
75 86
18 79
18 81
18 80
81 83
71 15
9 52
66 13
13 64
17 77
14 68
21 90
90 89
2 32
2 33