19 23 20 26 16 11 7 15 4 3 12 30 34 35 27 39 33 36 40 42 45 24 13 47 49 46 48 50 53 57 61 62 54 66 65 63 67 69 72 73 75 78 82 86 79 87 91 85 92 88 97 94 25 28 29 31 38 32 43 37 41 44 51 52 55 56 58 60 59 70
19 23
23 20
23 26
20 16
26 30
26 25
16 11
11 7
11 15
7 4
7 3
7 12
12 13
30 34
30 35
30 27
30 29
30 31
34 39
34 33
34 38
35 36
35 40
27 24
27 28
39 42
39 43
33 32
36 37
36 41
40 45
40 44
42 46
45 47
47 49
46 48
48 50
50 53
53 57
53 52
57 61
57 62
57 54
57 56
57 58
61 66
61 65
61 60
62 63
62 67
54 51
54 55
66 69
66 70
67 72
69 73
73 75
75 78
78 82
82 86
82 79
82 87
86 91
86 85
87 92
87 88
91 94
92 97
60 59