68 14 69 67 66 13 64 77 17 38 4 29 1 59 30 52 9 54 35 28 26 0 27 6 44 15 21 39 47 5 42 57 92 58 50 65 7 22 3 56 48 2 33 37 10 16 25 43 93 32 74 53 34 97 46 11 60 81 24 99 76 78 95 98
68 14
14 69
14 67
14 21
69 66
66 13
13 64
13 65
13 16
64 77
64 34
77 17
77 38
77 98
17 76
17 78
38 4
38 29
38 97
4 39
4 37
29 1
29 59
29 32
1 30
1 28
1 15
1 2
59 47
59 11
30 52
30 74
52 9
52 26
52 81
9 54
9 5
9 53
54 35
35 57
35 50
35 3
28 43
28 93
26 0
0 27
0 6
0 25
6 44
44 56
47 92
47 7
5 42
42 58
57 10
92 22
7 48
7 46
2 33
97 24
11 60
24 99
76 95