47 15 45 50 16 14 44 51 43 42 41 17 13 52 40 18 19 20 21 12 53 11 54 55 10 39 9 38 22 23 56 57 8 7 58 24 25 37 59 36 6 26 5 4 3 2 1 35 34 0 69 68 60 67 61 27 28 33 62 29 30 66 65 46 48 49
47 15
15 45
15 50
15 16
15 14
15 46
15 48
15 49
45 44
50 51
16 17
14 13
44 43
51 52
43 42
42 41
41 40
17 18
13 12
52 53
40 39
18 19
19 20
20 21
21 22
12 11
53 54
11 10
54 55
55 56
10 9
39 38
9 8
38 37
22 23
23 24
56 57
57 58
8 7
7 6
58 59
24 25
25 26
37 36
59 60
36 35
6 5
26 27
5 4
4 3
3 2
2 1
1 0
35 34
34 33
0 69
69 68
68 67
60 61
67 66
61 62
27 28
28 29
29 30
66 65