99 0 16 91 98 84 89 74 78 88 75 97 73 80 76 95 94 70 33 47 23 32 54 31 26 8 34 25 41 63 13 42 46 37 7 28 19 57 67 39 64 66 50 21 38 24 68 69 71 72 77 79 81 82 83 85 86 87 90 92 93 96 15 35
99 0
0 16
0 91
0 98
0 84
0 89
0 74
0 78
0 88
0 75
0 97
0 73
0 80
0 76
0 95
0 94
0 70
0 68
0 69
0 71
0 72
0 77
0 79
0 81
0 82
0 83
0 85
0 86
0 87
0 90
0 92
0 93
0 96
16 15
16 35
91 33
98 47
84 23
89 31
74 8
78 13
97 42
73 7
94 39
23 32
32 54
31 26
26 64
8 34
8 25
34 41
41 63
63 24
42 46
42 37
7 28
7 19
7 57
28 67
57 66
67 50
64 38
66 21