0 25 74 57 19 83 84 99 12 62 63 61 48 90 97 79 36 10 20 85 86 35 15 72 71 70 75 96 29 54 9 89 30 58 1 11 2 33 52 53 59 56 3 49 5 42 41 40 65 4 39 68 13 66 64 50 69 14 6 18 17 47 7 8 60 23 16 98 21 24 28 88 67 38
0 25
25 74
25 57
57 10
19 83
19 84
83 99
99 60
99 90
99 98
12 62
12 63
12 61
62 48
62 90
62 97
62 79
61 36
90 21
97 24
79 18
36 3
10 56
20 85
20 86
86 35
35 3
35 49
15 72
15 71
15 70
72 75
72 96
75 58
75 16
96 23
29 54
54 9
54 89
9 52
9 53
30 58
30 1
58 11
1 28
11 59
11 60
2 33
33 52
52 59
52 56
59 66
59 68
59 47
5 42
5 41
5 40
40 65
65 13
4 39
39 68
68 14
13 66
13 64
66 50
66 69
50 8
14 67
6 18
18 17
47 7
98 38
21 88