0 26 27 25 5 1 28 29 11 59 15 23 2 32 33 43 49 93 8 50 51 34 66 37 6 24 18 57 3 35 14 67 10 55 56 39 7 47 9 53 80 85 81 61 90 12 21 88 89 13 22 92 91 20 19 76 78 31 40 42 75 64 63 73 16 74 36 60 98
0 26
0 27
0 25
0 5
27 49
27 32
27 93
25 43
5 15
5 23
1 28
1 29
28 34
28 51
29 66
29 37
11 59
59 93
2 32
2 33
2 31
32 42
32 75
33 57
33 64
33 63
33 73
43 6
49 8
93 39
93 22
8 50
8 51
51 85
34 3
66 13
24 18
18 81
18 80
57 10
57 98
3 35
14 67
67 92
10 55
10 56
55 53
55 61
55 90
7 47
47 80
9 53
80 88
85 20
61 12
90 21
90 76
21 88
21 89
89 78
22 92
22 91
20 19
31 40
42 36
42 60
73 16
16 74