7 48 46 47 20 99 90 84 65 79 75 30 76 86 11 81 24 93 94 21 49 80 98 19 13 1 56 45 96 17 43 4 22 88 89 9 0 14 12 28 29 52 68 15 77 78 6 31 72 50 51 3 5 44 82 83 66 64 32 60 42 2 33 18 8 23
7 48
7 46
7 47
7 20
48 99
46 90
46 84
46 65
46 79
46 75
47 30
47 76
20 86
20 11
99 81
99 24
99 93
99 94
90 21
90 49
90 80
90 98
84 19
65 13
79 18
30 1
30 56
30 45
30 96
76 17
76 43
94 23
21 4
21 22
21 88
21 89
19 82
19 83
13 66
13 64
1 14
1 12
1 28
1 29
17 15
17 77
17 78
43 6
43 31
4 9
22 0
9 52
14 68
28 32
28 60
29 42
15 72
77 50
77 51
6 3
6 5
6 44
50 8
32 2
2 33