0 15 70 4 3 2 32 24 99 97 98 76 35 22 93 92 91 11 10 56 55 57 43 5 12 9 18 79 80 81 23 6 86 14 69 67 68 47 48 64 49 74 50 53 52 54 82 13 16 17 89 90 20 25 27 7 73 21 87
0 15
15 70
70 55
4 3
3 35
2 32
32 76
24 99
24 97
24 98
98 81
76 69
76 17
35 43
22 93
22 92
22 91
22 11
93 56
93 69
93 90
92 86
91 48
91 27
10 56
10 55
10 57
56 81
43 6
43 86
5 12
12 9
9 52
9 54
9 53
18 79
18 80
18 81
18 23
80 53
80 74
80 89
81 47
86 20
86 87
14 69
14 67
14 68
47 7
47 73
48 64
64 13
49 74
74 16
50 53
53 82
89 21
90 25