26 15 14 25 16 5 4 35 24 6 46 45 56 44 33 27 28 8 67 98 66 57 68 88 76 86 53 3 2 1 32 41 50 52 60 71 80 72 62 81 84 82 83 93 92 74 64 43 94 85 54 0 10 20 21 48 58 89 69 59 49 12 13 7 23 36 37 42 30 31 40 51 70 90
26 15
15 14
15 25
15 16
14 5
14 4
14 23
25 35
25 24
16 27
5 6
4 3
35 46
24 33
6 7
46 45
46 56
45 44
56 67
44 53
33 32
27 28
27 8
27 36
27 37
67 98
67 66
67 57
67 68
98 88
66 76
57 48
88 89
76 86
3 2
3 13
2 1
2 12
1 0
32 41
32 42
41 50
41 52
41 30
41 31
41 40
41 51
50 60
52 43
60 71
71 80
71 72
71 62
71 70
80 81
80 90
72 84
81 82
84 74
82 83
83 93
83 92
93 94
74 64
64 54
94 85
0 10
10 20
20 21
48 58
58 69
69 59
59 49