54 69 64 90 50 41 27 35 11 52 14 40 20 96 9 49 23 97 48 78 17 60 85 55 36 68 92 10 81 66 58 26 57 67 75 37 3 0 84 28 83 2 65 72 80 76 42 86 74 38 13 61 87 44 4 46 39 82 93 43
54 69
54 64
54 90
54 50
69 49
69 23
69 97
64 78
90 35
90 27
90 11
90 52
90 14
90 40
90 20
50 67
41 27
27 96
35 9
52 55
52 92
14 10
96 17
96 60
96 85
9 48
23 76
23 42
97 81
78 0
78 84
17 57
17 83
17 80
85 66
85 58
55 36
55 68
36 72
68 75
68 28
68 82
10 26
75 37
75 3
0 74
0 44
2 65
65 61
65 93
80 13
86 74
86 38
74 61
61 87
87 39
44 4
44 43
4 46