3 10 39 6 24 8 38 12 16 13 14 17 77 15 32 88 18 36 47 19 20 43 23 48 25 46 26 85 27 64 33 45 28 58 41 90 99 78 55 37 44 52 57 49 60 93 65 53 56 63 67 68 83 72 66 80 84 97 86 92 5 61 35
3 10
3 39
10 6
6 24
6 8
24 85
24 27
8 38
12 16
16 18
16 47
16 5
16 61
13 14
14 17
14 77
14 15
17 18
17 36
77 86
77 84
15 32
15 88
18 19
36 55
47 53
19 20
20 43
43 52
23 48
23 25
23 46
23 26
48 37
25 64
25 33
46 49
46 60
46 93
46 65
26 45
85 84
27 28
64 68
64 83
33 58
33 41
33 90
33 99
33 78
78 66
78 97
37 44
44 57
52 56
60 63
65 72
63 67
66 80
66 84
84 92
61 35