1 49 62 5 4 80 29 79 9 2 28 54 88 3 21 42 12 69 94 92 30 23 15 51 93 7 66 8 11 10 31 39 52 13 91 55 85 16 17 78 18 24 19 20 61 35 34 22 73 27 56 48 67 32 25 71 26 87 57 81 63 83 84 60 77 75 38
1 49
1 62
1 5
1 4
1 80
1 29
1 79
62 55
5 9
4 2
29 91
9 28
9 54
9 88
2 3
2 12
2 69
2 94
88 93
3 21
21 42
12 8
12 11
94 92
94 30
94 23
92 15
92 51
23 32
15 85
7 66
7 8
7 38
11 10
11 39
11 52
10 31
31 57
52 22
52 67
13 91
91 26
85 84
85 75
16 17
16 78
17 18
17 24
18 19
24 25
24 71
24 26
19 20
19 61
20 35
61 60
35 34
22 73
22 27
22 56
22 48
32 81
32 63
25 87
83 84
77 75