94 0 23 57 97 75 85 74 87 82 81 76 84 90 92 77 78 79 80 83 86 88 89 91 93 95 96 98 99 31 26 2 1 16 10 9 13 19 4 40 18 43 58 62 8 29 37 30 34 70 32 67 71 12 61 45 44 54 72 53 5 20
94 0
94 23
0 57
0 97
0 75
0 85
0 74
0 87
0 82
0 81
0 76
0 84
0 90
0 92
0 77
0 78
0 79
0 80
0 83
0 86
0 88
0 89
0 91
0 93
0 95
0 96
0 98
0 99
57 31
57 26
75 2
74 1
87 16
82 10
81 9
84 13
90 19
77 4
31 40
31 18
2 58
1 62
16 37
13 34
13 70
13 32
19 12
4 61
4 45
40 43
40 20
62 8
62 29
37 30
34 67
70 71
67 53
12 72
61 44
45 54
72 5