36 40 35 38 37 30 39 41 42 47 44 46 48 45 29 32 34 24 25 33 23 26 28 18 22 19 27 17 20 53 50 52 54 51 59 56 58 60 55 65 62 64 66 12 11 14 6 4 8 71 68 72 77 74 78 83 80 84 89 86 90 92 94 2 31 43 49 57
36 40
36 35
36 38
40 37
35 30
38 39
37 41
30 29
30 32
30 34
41 42
42 47
42 44
42 46
47 48
44 45
46 43
48 53
48 50
48 52
29 24
29 25
32 33
34 31
24 23
24 26
24 28
23 18
23 22
23 19
26 27
18 17
18 20
17 12
53 54
50 51
52 49
54 59
54 56
54 58
59 60
59 55
56 57
60 65
60 62
60 64
65 66
66 71
66 68
12 11
12 14
11 6
6 4
6 8
4 2
71 72
72 77
72 74
77 78
78 83
78 80
83 84
84 89
84 86
89 90
90 92
92 94