0 82 80 11 35 92 3 1 61 29 39 66 6 2 37 51 16 8 12 63 4 21 99 71 7 64 79 45 95 93 58 83 74 20 25 24 41 28 9 62 67 14 10 42 22 50 55 48 98 31 40 85 47 54 15 33 70 43 69 17 96
0 82
82 35
80 11
11 1
11 61
35 8
35 24
35 41
35 28
92 3
3 61
3 33
61 8
61 12
29 39
29 66
29 6
29 15
39 96
66 74
66 20
66 43
6 63
2 37
37 51
37 16
51 50
16 63
16 9
16 25
16 67
8 71
8 83
12 99
4 21
21 99
99 7
99 25
99 45
7 64
79 45
95 93
95 58
93 47
58 62
58 10
25 48
41 42
9 62
9 69
62 14
22 50
22 55
50 85
48 98
48 31
98 40
40 70
40 17
85 54