90 15 16 78 39 9 18 46 27 21 72 30 37 3 63 53 92 66 0 96 74 44 98 14 52 80 40 60 58 13 68 95 11 2 87 51 97 10 8 89 67 4 38 45 82 36 81 77 79 62 29 64 26 6 42 55 69 7 12 71 43 23 33 20 70 61 34
90 15
90 16
90 78
15 39
16 9
16 18
78 46
9 27
27 21
27 72
21 30
30 37
37 3
37 63
3 53
3 92
53 66
53 0
92 58
92 13
66 96
66 74
0 44
0 98
74 14
74 52
44 68
44 95
98 61
14 80
52 70
80 40
80 60
60 20
58 62
58 29
68 11
68 2
11 87
2 36
87 51
87 97
51 10
97 34
10 8
10 89
8 67
8 4
89 81
89 77
67 38
4 45
45 82
81 79
62 64
62 26
29 69
29 7
64 6
26 42
42 55
69 12
69 71
12 43
12 23
23 33