8 7 9 19 29 18 39 28 49 59 36 48 69 58 79 68 89 78 99 86 98 35 47 57 46 17 45 51 44 50 52 40 60 30 70 61 20 31 80 73 81 90 10 11 0 22 32 43 53 54 27 26 62 55 82 91 92 83 12 1 93 13 65 94 14 95 2 5 23 77 76 21 38 41 42
8 7
8 9
9 19
19 29
19 18
29 39
29 28
18 17
39 49
39 38
28 27
49 59
49 36
49 48
59 69
59 58
36 35
48 47
69 79
69 68
58 57
79 89
79 78
89 99
78 77
99 86
99 98
47 46
46 45
45 51
45 44
51 50
51 52
44 43
50 40
50 60
52 53
40 30
40 41
60 70
60 61
30 20
30 31
70 80
61 62
20 10
20 21
31 22
31 32
80 73
80 81
80 90
81 82
90 91
10 11
10 0
11 12
0 1
22 23
53 54
54 55
27 26
55 65
82 83
91 92
92 93
12 13
1 2
93 94
13 14
94 95
14 5
77 76
41 42