54 9 78 36 82 70 53 17 32 69 79 56 72 22 19 24 76 77 96 2 43 14 35 18 28 10 15 8 84 98 92 23 74 25 31 33 46 6 12 67 68 3 5 80 81 50 4 94 95 16 89 51 0 52 39 55 42 40 7 73 75 11 26 27 20 57 34
54 9
54 78
54 36
54 82
54 70
9 53
78 17
78 32
78 69
78 79
78 56
78 72
17 22
17 19
17 24
17 76
17 77
32 96
32 2
32 43
69 14
69 35
79 18
79 28
56 10
72 15
19 8
19 84
24 98
77 92
96 23
96 74
96 25
2 31
2 33
43 46
43 6
14 12
14 67
14 68
35 3
18 5
18 80
18 81
10 57
8 50
23 4
23 94
23 95
74 16
74 89
74 51
25 0
25 52
33 39
33 55
67 42
68 40
3 34
16 7
16 73
16 75
0 11
0 26
0 27
11 20