0 3 25 26 27 1 4 28 30 2 32 33 18 35 36 12 9 37 39 8 6 44 45 22 51 10 52 53 55 56 57 61 62 63 20 15 70 71 72 24 17 19 76 77 79 80 81 82 84 21 87 88 90 23 92 95 96 97 98 99 29 42 86 91 89
0 27
0 26
0 25
3 36
3 35
25 39
26 97
27 96
1 30
1 28
4 39
4 37
30 55
2 32
2 33
32 37
18 80
18 81
36 62
12 63
12 62
9 52
9 53
8 51
6 44
6 45
44 71
22 92
51 53
10 55
10 57
10 56
52 77
55 71
57 76
61 99
61 29
61 42
62 79
62 86
63 80
63 72
20 87
15 72
15 71
15 70
24 97
24 99
24 98
17 76
17 77
19 84
19 82
76 87
80 99
80 91
84 95
21 88
21 90
88 98
88 92
23 96
23 95
97 89