0 26 27 25 9 52 54 15 70 71 72 42 28 95 93 1 29 30 19 83 22 4 38 39 37 50 59 36 2 32 31 33 14 67 23 35 3 34 76 47 73 7 44 5 40 41 21 17 20 86 87 55 6 43 16 74 8 49 18 11 66 57 12 63 13 65 98 91 96 48
0 26
0 27
0 25
26 28
27 95
27 93
25 42
9 52
9 54
52 32
15 70
15 71
15 72
70 63
71 57
72 30
42 5
28 1
28 50
95 23
93 22
93 43
1 29
1 30
29 59
29 36
30 83
19 83
83 98
22 91
4 38
4 39
4 37
37 44
50 8
59 11
36 3
36 47
36 73
2 32
2 31
2 33
33 35
14 67
67 47
23 96
35 3
3 34
34 76
76 17
47 7
73 16
7 48
44 6
5 40
5 41
40 55
21 17
20 86
20 87
86 49
55 66
6 43
16 74
8 49
8 18
66 13
12 63
13 65