0 34 77 71 68 43 86 17 6 35 61 45 11 46 83 4 30 73 64 38 75 41 15 5 48 42 16 14 49 32 66 33 67 53 54 80 20 88 91 55 92 81 50 84 24 51 25 57 23 58 52 95 63 97 22 65 60 29 47
0 34
34 77
34 71
34 68
77 43
68 25
43 86
43 17
43 6
17 54
6 49
6 32
35 61
61 24
45 11
11 54
46 83
83 57
4 30
30 73
30 64
64 38
38 75
75 41
75 32
41 15
15 58
5 48
5 42
48 14
42 16
16 53
14 51
32 66
66 23
66 29
66 92
33 67
67 24
54 80
54 20
54 88
54 91
20 63
91 65
55 92
55 81
50 84
50 24
84 58
84 47
51 25
57 23
23 60
58 95
52 95
63 97
22 65