89 9 85 28 5 6 86 88 25 27 55 8 34 77 87 20 57 96 7 64 56 63 62 90 59 11 60 42 61 74 19 91 94 48 18 66 93 45 49 95 53 12 71 52 75 43 37 41 69 2 67 1 36 84 83 22 58 68 92
89 9
89 85
89 28
9 5
9 6
85 86
85 88
28 25
28 27
5 55
5 8
6 34
86 77
86 87
55 57
8 96
8 7
87 20
20 22
57 64
57 56
96 95
64 63
64 62
56 90
56 59
63 11
63 60
62 42
62 61
62 74
90 19
90 91
90 94
59 58
11 53
11 12
42 75
42 43
19 48
19 18
91 66
91 93
94 92
48 45
66 69
93 2
45 49
53 71
53 52
43 37
43 41
37 36
41 84
69 67
2 1
67 68
84 83