0 23 95 1 28 29 30 35 2 32 31 33 16 11 58 60 59 9 3 42 34 36 7 48 47 77 4 37 8 10 56 50 51 49 5 41 17 76 78 71 6 44 43 45 90 98 24 92 66 70 83 13 64 65 21 14 22 85 79 15 18 19 96 25 27 55 63 72
0 23
23 95
23 96
95 70
95 55
95 63
1 28
1 29
1 30
30 35
35 3
2 32
2 31
2 33
2 16
32 42
11 58
11 60
11 59
58 66
58 77
58 70
60 92
59 83
9 3
3 34
3 36
42 5
42 71
36 77
7 48
7 47
48 98
47 51
77 17
77 51
4 37
4 8
8 50
8 51
8 49
10 56
56 92
5 41
17 76
17 78
76 27
78 44
78 25
71 15
6 44
6 43
6 45
43 90
90 21
98 24
92 22
66 13
66 79
70 15
83 19
13 64
13 65
64 85
14 22
79 18
15 72