25 27 24 23 28 30 21 19 18 17 15 31 14 12 10 9 7 6 5 3 2 33 26 16 22 20 34 36 37 39 40 42 44 45 47 48 50 51 52 54 55 57 59 60 61 63 64 66 67 69 70 72 74 75 77 78 79 81 83 84 58 29 62 85 87 88 90 92 93 95 96 98 32 35 38 41 43 46 49 53 56 65 68 71
25 27
25 24
27 28
24 23
24 26
23 21
28 30
30 31
30 29
30 32
21 19
21 22
19 18
18 17
18 16
18 20
17 15
15 14
31 33
14 12
12 10
10 9
9 7
7 6
6 5
5 3
3 2
33 34
33 35
34 36
36 37
36 38
37 39
39 40
39 41
40 42
42 44
42 43
44 45
45 47
45 46
47 48
48 50
48 49
50 51
51 52
51 53
52 54
54 55
54 56
55 57
57 59
57 58
59 60
60 61
60 62
61 63
63 64
63 65
64 66
66 67
66 68
67 69
69 70
69 71
70 72
72 74
74 75
75 77
77 78
78 79
79 81
81 83
83 84
84 85
85 87
87 88
88 90
90 92
92 93
93 95
95 96
96 98