0 9 53 54 18 81 19 1 30 29 28 8 50 76 92 2 31 32 33 24 98 36 87 3 34 11 4 39 38 37 16 12 61 23 95 94 96 71 91 5 41 15 72 70 66 86 6 44 43 45 14 88 7 47 17 10 21 89 90 13 85 22 52 51 62 63 64 93
0 9
9 53
9 54
9 52
53 36
53 70
53 64
18 81
18 19
81 72
1 30
1 29
1 28
30 92
28 76
8 50
8 51
50 71
76 17
92 22
92 88
2 31
2 32
2 33
31 36
31 87
24 98
98 66
36 34
3 34
3 11
4 39
4 38
4 37
4 16
38 71
38 91
12 61
12 62
12 63
61 85
61 71
23 95
23 94
23 96
94 70
71 15
91 47
91 22
5 41
41 66
41 86
15 72
15 70
66 13
86 88
6 44
6 43
6 45
6 14
43 88
88 21
7 47
10 21
21 89
21 90
22 93