0 25 10 55 56 57 22 91 92 9 73 1 30 28 29 11 58 17 77 2 31 33 32 89 70 85 65 36 3 16 74 20 13 64 66 4 38 37 48 5 41 40 42 24 99 50 6 44 7 46 18 80 47 8 49 51 15 21 94 19 82 12 63 62 14 69 23 95 96
0 25
25 73
10 55
10 56
10 57
55 94
55 92
56 28
57 48
57 65
22 91
22 92
22 9
91 47
92 62
73 16
1 30
1 28
1 29
30 58
11 58
17 77
77 31
2 31
2 33
2 32
31 89
31 70
33 65
33 36
32 85
89 21
70 15
85 20
65 13
65 44
36 3
16 74
74 66
13 64
13 66
66 82
4 38
4 37
37 48
48 42
48 7
5 41
5 40
5 42
40 50
42 99
24 99
50 8
6 44
7 46
18 80
80 47
8 49
8 51
94 23
94 69
19 82
12 63
12 62
14 69
23 95
23 96