60 59 69 64 72 61 58 30 57 74 80 43 44 28 56 21 15 16 17 71 78 90 97 66 88 10 12 8 37 7 0 76 9 27 20 23 38 48 47 49 42 40 36 77 93 13 18 2 67 87 65 25 1 3 54 82 81 84 51 11 29 22 53 62 79 68
60 59
60 69
60 64
60 72
60 61
59 58
69 90
69 68
64 66
64 88
72 76
61 27
58 30
58 57
58 74
30 80
30 43
30 44
57 28
57 56
74 71
74 79
80 78
43 38
44 42
28 21
28 22
56 53
56 62
21 15
21 16
21 17
21 29
15 10
15 12
16 8
16 37
17 9
71 67
78 87
90 97
10 13
12 11
8 7
7 0
0 1
76 77
9 2
27 20
20 23
38 48
48 47
48 49
47 82
42 40
40 36
77 93
13 18
13 51
18 25
67 65
25 54
1 3
82 81
81 84