44 6 56 4 10 80 16 30 18 1 36 29 12 9 28 60 47 11 46 64 32 7 53 52 99 27 2 71 73 0 65 85 98 26 25 38 33 21 23 31 54 35 94 91 61 8 3 14 22 58 5 59 72 15 79 81 20 19 78 37 66 48 50 93 92 13 24
44 6
44 56
6 4
56 10
56 80
4 38
10 16
80 30
80 18
30 1
30 36
18 79
18 81
1 29
1 12
1 9
1 28
29 60
9 19
28 37
60 47
60 11
60 46
60 64
47 32
47 7
47 53
47 52
47 99
11 58
11 5
11 59
64 13
32 27
32 2
32 71
32 73
7 48
53 93
99 92
99 24
27 0
27 65
27 85
27 98
2 33
2 21
2 23
2 31
0 26
0 25
26 61
33 54
33 35
33 94
33 91
21 8
21 3
31 66
8 14
8 22
58 72
59 78
72 15
15 20
48 50