0 25 27 21 19 14 40 68 7 48 47 46 3 30 57 78 26 99 53 9 5 1 29 28 93 73 2 31 32 33 50 4 38 39 37 52 98 17 8 6 44 45 12 43 59 54 42 41 13 64 66 58 11 10 72 51 97 15 23 95 56 55 92 60 81 18 77 22
0 25
0 27
0 21
0 19
0 14
27 40
14 68
40 47
40 5
7 48
7 47
7 46
7 3
47 30
47 57
46 78
30 1
57 10
57 72
78 31
78 17
26 99
26 53
53 9
9 52
9 54
5 42
5 41
1 29
1 28
29 93
29 73
2 31
2 32
2 33
31 50
50 8
4 38
4 39
4 37
38 52
38 98
17 77
8 51
6 44
6 45
6 12
6 43
44 59
44 54
59 11
13 64
13 66
66 58
58 95
58 56
58 11
11 60
10 56
10 55
72 15
51 97
23 95
56 92
92 22
60 81
81 18