0 1 2 3 4 5 6 7 8 9 10 11 12 13 14 15 16 17 18 26 27 24 25 30 31 32 28 29 19 20 21 22 23 34 35 36 37 38 89 90 41 42 48 49 50 53 54 56 57 60 45 61 62 65 69 72 73 76 85 86 78 80 84 93 83 96 99
0 1
1 2
1 99
1 72
2 3
3 4
4 5
4 20
4 57
4 90
5 6
6 7
6 78
7 8
8 9
9 10
9 85
10 11
11 12
12 13
13 14
14 15
15 16
16 17
17 18
18 19
26 25
26 27
24 23
24 25
30 29
30 31
31 60
31 48
31 32
32 54
28 23
28 29
29 76
20 21
21 22
22 23
23 96
34 78
34 35
34 80
35 36
36 37
37 38
89 84
41 42
42 76
48 49
49 50
53 54
56 93
56 45
56 57
60 61
45 65
61 62
69 72
72 73
85 84
85 86
84 83