32 31 36 48 4 43 27 52 14 83 44 71 24 66 63 45 23 75 21 77 12 85 96 78 22 57 26 74 13 10 18 50 19 46 37 89 55 76 94 97 33 35 80 95 40 62 25 73 56 67 69 39 98 58 29 88 1 72 87 30 82 49 3
32 31
31 36
36 48
36 4
48 43
48 27
43 52
52 14
52 83
52 44
52 71
14 24
14 66
14 63
44 45
24 23
24 75
24 21
24 77
24 12
66 85
66 96
66 78
63 22
45 49
75 57
75 26
75 74
12 13
85 10
85 18
96 50
78 19
22 46
22 37
57 89
57 55
57 76
57 94
57 97
74 33
74 35
13 3
10 80
10 95
18 40
18 62
18 25
50 73
50 56
50 67
55 30
55 82
80 69
80 39
95 98
40 58
62 29
69 88
58 1
58 72
58 87