0 1 6 7 12 2 8 9 3 4 11 5 10 13 19 18 14 20 15 26 21 22 23 17 29 16 24 31 30 25 33 32 34 35 50 51 41 28 27 38 36 37 42 43 44 95 39 46 52 40 47 45 48 96 54 56 49 53 58 63 55 87 60 61 62 64 98 67 68 69 86 76 77 81 82 90 91 84 92 97 79 80 88 83 57 75
0 1
0 6
0 7
6 12
7 2
12 13
12 19
12 18
2 8
8 9
9 4
9 14
3 4
4 11
11 10
5 10
13 26
14 20
20 15
15 21
26 33
26 32
26 31
21 22
22 23
22 17
22 29
17 16
29 34
29 35
29 50
29 51
24 31
24 30
24 25
30 36
33 27
32 38
34 41
35 28
50 56
51 54
41 52
41 40
38 39
36 37
36 42
36 43
37 44
44 95
95 96
39 46
46 47
46 45
47 48
96 91
54 49
54 58
56 53
56 63
58 57
58 75
63 60
55 87
87 91
87 84
60 61
61 62
61 64
62 98
64 67
64 68
98 86
68 69
86 82
86 90
76 77
77 81
81 82
91 92
84 83
92 97
79 80
80 88
80 83