8 50 10 16 49 51 81 60 73 4 3 89 61 18 93 85 71 99 11 90 39 1 79 80 22 43 98 86 20 15 47 59 69 97 56 88 92 91 13 6 95 24 87 14 21 96 82 32 46 27 25 44 45 23 19 26 2 29 62 52 0 84 9 7 53 17 72 68 70
8 50
8 10
8 16
8 49
8 51
50 81
50 60
50 73
10 4
16 3
49 89
49 61
81 18
81 93
81 85
81 71
81 99
60 11
60 90
4 39
3 1
18 79
18 80
93 22
93 43
93 98
85 86
85 20
71 15
71 47
11 59
79 69
79 97
80 56
80 88
22 92
22 91
22 13
43 6
43 95
98 24
20 87
15 72
15 70
69 14
88 21
92 96
92 82
92 32
92 46
91 27
91 25
6 44
6 45
14 68
96 23
82 19
82 26
32 2
32 29
27 62
27 52
27 0
19 84
52 9
9 7
9 53
7 17