1 53 36 2 72 63 83 49 9 85 82 11 79 12 64 70 92 14 21 59 37 38 48 22 75 24 91 73 76 27 28 54 34 35 55 90 44 93 71 47 66 52 99 80 81 84 94 89 46 97 8 17 5 67 25 26 29 98 13 0 43 39
1 72
1 2
1 0
53 54
53 52
36 55
36 35
36 34
36 37
2 63
72 44
72 8
72 71
63 64
83 84
83 5
83 9
49 90
49 76
9 82
85 84
85 27
82 81
11 26
11 12
79 80
12 92
64 97
70 71
70 34
70 92
92 93
92 80
92 91
14 59
14 13
21 75
21 22
59 99
37 17
38 73
38 39
48 66
48 47
22 67
75 76
24 73
24 25
91 90
73 89
73 71
27 28
28 29
54 55
93 94
93 43
71 66
47 46
66 99
99 98
80 81