1 3 4 5 6 7 8 9 11 12 13 14 15 16 17 18 19 20 21 24 28 29 30 32 37 39 40 46 48 49 51 58 60 66 68 81 91 93 95 57 64 22 89 43 38 23 31 83 0 27 10 70 98 72 90 50 82 26 75 2 52 76 41
1 0
1 20
3 12
3 40
3 8
3 39
4 6
4 41
5 43
5 19
5 29
6 46
7 22
7 17
7 48
8 21
8 50
8 49
9 30
9 51
9 26
9 52
11 20
11 15
12 57
12 29
12 58
13 18
13 60
14 18
14 23
15 64
15 16
15 19
15 24
16 66
17 68
18 70
19 72
20 32
21 10
21 75
21 76
24 81
24 82
28 29
28 27
28 90
29 91
30 93
32 98
37 39
37 2
40 38
46 48
49 51
58 60
66 68
81 83
91 89
93 95
95 31