6 8 12 13 14 17 22 24 25 27 28 29 35 42 45 51 54 56 60 64 65 66 67 68 69 70 71 73 74 75 76 78 79 80 81 82 83 84 85 86 87 88 89 90 91 92 93 0 3 4 11 21 30 37 38 32 39 34 36 33 41 47 40 44 43 46 62 61 50
6 3
6 13
8 4
8 17
12 24
12 25
13 27
14 29
14 28
17 35
22 11
22 45
25 51
27 54
28 56
35 65
42 21
42 69
45 70
51 73
54 75
56 76
60 30
60 78
64 32
64 33
64 80
65 34
65 80
66 37
66 36
66 81
67 38
67 39
67 81
68 41
68 40
68 82
69 43
69 82
70 83
70 44
71 83
71 47
71 46
73 84
73 50
74 85
75 85
76 86
78 87
78 61
79 87
79 62
80 88
81 88
82 89
83 89
84 90
85 90
86 91
87 91
88 92
89 92
90 93
91 93
92 0
93 0