0 2 3 4 5 6 11 12 13 14 15 17 18 22 23 24 26 28 30 31 32 33 37 38 39 42 44 58 59 63 70 82 85 90 92 10 21 8 72 84 16 80 41 7 98 69 20 96 81 78 57 77 9 35 34 40 29 87 86 43 61 94 60
0 33
0 34
0 13
0 26
2 31
2 5
2 37
2 38
3 15
3 30
3 12
3 13
3 39
4 17
4 41
4 28
4 42
5 43
5 44
6 21
6 13
11 16
11 14
11 17
12 23
12 20
12 58
13 59
13 32
14 9
15 63
18 23
18 69
18 70
22 24
22 78
22 77
23 80
24 8
24 26
24 81
24 82
26 86
26 85
28 10
28 90
30 7
30 94
31 96
32 98
33 35
37 39
38 40
42 44
58 60
59 57
63 61
70 72
82 84
85 87
90 92
92 29