0 1 2 3 5 6 7 8 9 12 13 14 15 16 18 19 20 21 23 24 26 27 32 35 38 40 44 46 48 49 51 65 66 74 76 78 80 82 29 71 60 22 30 28 87 85 10 75 4 33 31 84 42 36 98 58 11 81 50 52 73 69 64 97 62 67 34 68
0 2
0 20
0 1
0 34
1 29
1 35
1 36
2 38
3 40
3 6
3 26
3 12
5 19
5 20
5 8
5 44
6 16
6 46
7 48
7 4
8 24
8 50
8 49
9 18
9 51
9 52
12 58
13 60
13 14
13 18
14 62
15 27
15 18
15 64
16 65
16 66
18 30
18 69
19 71
20 74
20 11
20 73
21 76
21 10
21 23
21 75
23 80
24 32
24 82
24 81
26 85
26 31
27 28
27 87
32 98
32 97
35 33
38 40
44 42
46 48
49 51
65 67
66 68
74 76
78 22
78 80
82 84