0 1 2 3 4 5 6 7 9 10 11 12 14 15 18 19 20 21 22 23 24 25 26 27 30 31 32 34 44 45 47 54 56 57 69 71 73 75 80 64 83 84 81 8 17 16 61 52 28 70 42 97 13 72 38 29 62 40 53 98 93 36 82 33 78 63 55 35 59 95
0 18
0 23
0 7
0 33
0 34
1 27
1 15
1 22
1 35
2 5
2 38
3 8
3 27
3 40
4 20
4 22
4 13
5 19
5 44
6 30
6 45
7 47
9 25
9 52
10 54
10 53
10 14
11 16
11 56
11 55
12 15
12 19
12 57
14 31
14 61
14 18
14 26
14 62
15 64
15 29
15 63
18 69
18 70
19 24
19 72
19 71
20 73
21 17
21 75
23 80
24 81
24 25
24 28
24 82
25 83
25 84
26 32
30 93
31 95
32 97
32 98
34 36
44 42
45 47
54 56
57 59
69 71
73 75
80 78