0 1 3 4 5 6 7 8 12 13 17 18 21 23 26 25 29 30 31 32 35 38 39 40 44 45 46 47 48 49 51 50 54 55 56 57 58 60 63 64 65 68 69 70 71 72 73 74 80 81 83 85 88 89 93 94 95 96 97 98 99 37 41 82 84 86 92 11 24 52 53 59 61 62 66 67
0 1
0 4
0 5
1 7
3 4
3 11
4 13
5 6
6 23
7 8
8 21
12 13
12 17
17 18
18 49
23 24
26 32
25 30
25 29
30 31
30 39
31 48
31 32
35 44
38 37
38 39
39 40
40 41
40 74
44 45
45 46
46 47
47 48
48 49
51 57
51 52
50 55
50 54
54 53
55 56
55 64
56 73
56 57
58 71
58 59
60 69
60 61
63 62
63 64
64 65
65 99
65 66
68 67
68 69
69 70
70 71
71 72
72 73
73 74
80 81
80 89
81 98
81 82
83 96
83 84
85 94
85 86
88 89
93 92
93 94
94 95
95 96
96 97
97 98
98 99