0 9 18 25 26 1 8 20 28 2 24 31 3 4 11 34 36 12 38 15 14 7 46 48 17 49 50 51 53 10 21 55 56 57 59 61 67 69 70 71 72 76 78 80 81 85 87 89 97 98 86 47 60 77 52 29 88 30 39
0 25
0 26
9 52
9 53
18 80
18 81
25 59
26 56
1 28
1 29
1 30
8 50
8 49
8 51
20 86
20 85
20 87
28 76
2 31
24 98
24 97
31 87
31 36
3 34
4 38
4 39
11 60
11 59
34 36
34 55
12 61
38 71
15 71
15 70
15 72
14 67
7 47
7 46
46 57
48 76
48 57
17 78
17 77
17 76
49 97
50 71
51 78
53 70
10 55
10 57
10 56
21 89
21 88
61 85
67 69
69 98
72 81
80 89