0 31 46 81 83 92 52 2 34 74 5 35 28 7 48 11 30 68 82 25 20 51 98 49 24 95 54 43 41 93 89 63 37 33 10 77 22 8 39 99 9 71 29 16 76 64 79 90 84 97 3 66 75 13 19 53 80 65 73
0 81
0 71
0 83
0 13
31 99
31 64
31 83
31 28
46 77
46 34
81 25
83 76
92 7
92 3
52 20
52 73
2 10
2 74
34 16
34 51
34 30
74 68
74 7
74 90
5 8
5 35
35 43
28 49
7 84
48 51
48 97
48 24
11 82
11 9
11 68
11 30
30 33
30 20
68 95
68 19
68 25
82 37
82 66
20 98
51 75
98 29
49 22
49 89
49 93
24 79
24 65
95 41
54 39
54 43
54 53
43 93
41 80
89 63