0 1 3 5 6 7 8 9 11 12 13 14 17 19 20 22 24 25 26 28 29 31 32 43 46 48 55 61 62 64 67 74 76 81 82 86 90 39 18 78 84 30 41 97 65 44 58 83 15 45 60 50 47 85 40 88 56 21 52 53 63 77 89 95 35 68 91
0 11
1 3
1 35
3 39
3 28
3 24
3 40
5 11
5 44
5 43
6 32
6 29
6 45
6 46
7 12
7 48
7 47
8 11
8 50
9 22
9 52
11 28
11 56
11 55
12 14
12 58
12 26
13 28
13 30
13 19
13 60
14 61
14 24
14 62
17 20
17 67
17 68
19 20
20 74
22 78
22 29
22 77
24 82
24 81
25 28
25 31
26 85
26 86
28 90
28 89
29 18
29 91
31 95
32 97
43 41
46 48
55 53
61 63
62 64
64 15
67 65
74 76
76 21
81 83
82 84
86 88