1 2 3 6 8 9 10 11 12 13 14 15 16 17 18 19 21 25 27 30 31 32 39 40 54 58 62 63 64 66 69 71 82 84 87 94 96 53 97 22 4 93 28 38 29 20 37 0 23 5 60 49 56 88 98 45 24 7 75 95 57 85 55 61 59 51 68
1 22
1 18
2 29
2 12
2 31
3 8
3 15
3 32
3 17
3 27
3 40
3 39
6 14
6 21
6 45
8 49
9 11
9 23
9 12
9 51
10 53
10 54
10 12
10 32
10 16
11 0
11 55
12 18
12 58
12 57
13 16
13 59
14 25
14 62
15 64
15 63
16 66
18 69
19 28
19 71
21 75
25 84
27 20
27 88
27 7
27 87
30 94
30 93
30 5
31 96
31 95
32 97
32 4
32 98
39 37
40 38
54 56
58 60
62 64
63 61
66 68
69 71
82 84
82 24
87 85
94 96