13 14 15 16 24 37 38 39 40 43 46 49 57 58 65 66 67 68 69 70 72 73 75 79 80 84 85 87 93 94 95 96 97 34 17 89 60 98 92 81 4 7 88 82 59 64 41 35 83 53 42 76 20 56 29 74 63
13 14
13 63
14 15
15 16
16 17
16 57
16 68
24 89
24 82
24 87
37 34
37 38
38 98
38 79
38 39
39 40
39 70
40 41
43 42
43 84
46 64
46 94
49 60
49 84
57 56
57 79
58 81
58 67
65 66
65 87
66 67
67 53
67 68
68 4
69 96
69 73
70 20
72 73
72 29
75 80
75 76
75 74
79 7
79 80
80 93
84 83
84 85
85 97
87 88
93 92
93 94
93 35
94 95
95 96
96 97
97 59