0 89 4 5 6 38 11 70 10 68 26 12 13 41 14 96 15 43 16 57 17 91 18 19 20 83 23 24 53 25 74 40 29 30 82 32 33 92 54 37 69 59 39 64 63 50 56 94 58 67 60 93 66 79 90 95 34 84 7 48 44 55 75 71 78 1 49
0 89
0 1
89 90
4 5
5 38
6 7
6 11
38 37
11 12
11 10
70 69
70 71
10 26
68 67
68 69
26 25
12 13
12 41
13 14
13 96
41 40
14 43
96 95
15 57
15 16
43 44
16 17
16 91
57 58
57 56
17 18
91 90
18 19
19 20
19 83
83 84
83 82
23 53
23 24
24 25
53 54
25 74
74 75
40 39
29 30
29 82
32 33
32 92
33 55
92 93
54 34
37 59
59 58
59 60
39 64
64 63
63 48
50 56
50 49
94 93
94 95
58 67
67 66
60 93
66 79
79 78