0 7 4 44 1 3 66 63 50 30 38 6 20 8 49 9 15 10 62 61 70 13 40 14 53 73 64 17 32 54 65 22 72 24 55 57 25 27 28 56 51 29 36 77 76 99 91 81 79 84 87 86 98 60 89 74 92 67 35 37 58
0 77
0 76
0 99
0 91
0 81
0 79
0 84
0 87
0 7
0 86
0 98
0 89
0 4
0 74
0 92
0 44
4 30
4 37
4 58
44 53
44 15
1 3
3 50
3 63
66 10
50 53
50 40
30 27
38 22
38 62
6 20
20 70
8 49
49 17
9 15
15 60
15 64
10 61
10 62
61 29
61 25
70 17
13 67
13 40
40 36
14 53
14 73
64 57
17 32
32 29
32 36
54 27
65 51
65 25
22 72
24 55
24 57
28 51
28 56
29 35