20 25 1 30 2 31 32 22 10 36 5 12 18 41 42 6 7 43 44 14 19 46 48 8 23 49 50 9 53 54 56 11 59 60 61 62 13 16 64 66 68 69 73 74 75 17 76 77 78 81 83 86 91 93 96 26 94 92 47 80 29 85 51 63 87 95 45 82 33 52
20 85
20 87
20 86
25 42
25 78
1 29
1 30
30 68
2 32
2 33
2 31
31 44
32 76
22 91
22 92
22 93
10 56
36 60
5 41
5 42
12 61
12 63
12 62
18 81
18 80
41 66
6 44
6 45
6 43
7 47
7 46
7 48
43 86
43 46
14 68
14 69
19 82
19 83
46 75
48 91
48 62
8 49
8 51
8 50
23 94
23 95
23 96
49 74
50 53
9 53
9 54
9 52
54 77
56 93
56 81
11 59
11 60
59 64
61 26
13 64
13 66
16 73
16 74
16 75
69 76
73 96
17 77
17 78
83 86