2 3 4 18 6 7 8 10 12 11 17 14 16 19 20 21 22 23 30 29 25 28 32 31 54 33 36 37 38 40 39 48 42 45 47 50 52 56 57 58 59 61 60 62 73 76 68 55 75 26 46 27 74 65 24 51 35 34 1
2 3
2 1
3 4
3 18
4 6
18 17
6 7
6 8
7 11
8 10
8 12
10 14
11 16
16 19
19 20
20 21
21 22
22 30
22 23
23 25
30 31
30 29
29 32
25 28
25 24
28 26
32 33
32 27
31 54
54 56
33 36
33 35
33 34
36 37
37 38
38 40
40 39
39 42
48 47
48 50
42 45
45 47
50 46
50 52
52 51
56 57
57 55
57 58
58 59
58 61
59 75
61 60
60 73
60 74
62 76
62 73
76 68
68 65