0 9 15 27 1 4 28 29 14 23 3 36 7 37 39 21 20 6 16 44 46 47 48 8 18 49 50 52 55 57 12 61 63 13 24 64 66 67 68 69 70 71 73 75 17 78 80 83 85 86 88 90 94 95 97 98 59 89 76 30 72 33 45 35 25 99 77 34 53 87 74 43 65 81 54 10 38 96 62 79 26
0 25
0 27
0 26
9 53
9 54
9 52
15 72
15 71
15 70
27 95
1 28
1 29
4 37
4 39
4 38
28 50
29 36
29 59
14 69
14 67
14 68
23 95
23 94
23 96
3 35
3 34
3 36
36 73
36 47
7 46
7 47
7 48
37 44
39 85
39 94
21 89
21 88
21 90
20 85
20 87
20 86
6 45
6 43
6 44
16 73
16 74
46 88
47 67
48 78
8 49
8 50
18 80
18 81
18 79
49 86
52 75
55 66
55 10
57 64
57 71
12 63
12 61
12 62
61 75
63 97
13 66
13 64
13 65
24 98
24 99
24 97
68 97
69 33
70 75
17 76
17 78
17 77
80 90
83 30
83 98