0 10 22 25 27 1 11 28 30 2 31 33 16 20 9 13 5 24 40 42 7 18 48 50 52 21 55 56 57 19 58 12 62 65 66 23 73 74 80 83 84 85 86 87 89 90 92 94 95 96 97 98 99 46 75 82 64 54 63 41
0 27
0 25
10 57
10 56
10 55
22 92
25 73
27 97
1 28
1 30
11 58
28 56
30 58
2 33
2 31
31 89
33 65
16 74
16 73
20 86
20 85
20 87
9 52
9 54
13 66
13 64
13 65
5 42
5 40
5 41
24 99
24 97
40 50
42 99
7 46
7 48
18 80
48 57
52 90
21 90
21 89
55 94
57 65
19 82
19 83
19 84
12 62
12 63
62 96
62 92
66 74
23 96
23 95
23 94
80 98
84 96
86 96
87 98
95 75