0 1 3 4 5 7 8 9 10 11 14 15 16 17 19 20 21 22 24 25 28 29 31 32 61 63 65 67 73 78 93 95 98 34 13 30 6 97 72 39 43 52 47 12 74 66 27 26 68 56 50 40 71 36 54 41 75 92 90 80 77 76
0 34
0 11
1 8
1 24
1 36
3 39
3 25
3 40
4 9
4 19
4 41
5 9
5 43
5 11
7 47
7 9
7 14
8 50
9 52
9 28
10 12
10 16
10 54
11 56
14 29
14 61
15 6
15 25
15 63
16 66
16 21
16 24
16 65
17 22
17 68
17 67
19 13
19 72
19 71
20 74
20 29
20 73
21 29
21 32
21 76
22 78
22 77
28 31
28 90
29 92
31 27
31 26
31 95
32 98
32 97
61 63
65 67
73 75
78 80
93 30
93 95