0 1 3 10 12 13 11 6 8 9 19 14 28 20 22 23 24 30 34 35 38 39 50 43 40 46 47 48 51 56 49 57 52 64 61 60 71 58 63 65 66 69 86 68 76 75 82 87 78 79 80 81 83 42 88 70 37 4 26 33 29 59 84 44 45 27 36 16 7 31 5 18 21 15 2 17 25 32
0 1
0 3
1 12
3 4
3 10
3 11
10 2
10 13
12 17
13 16
13 14
11 18
11 20
11 21
6 8
6 5
6 9
8 28
8 7
8 14
9 19
19 44
19 45
14 15
28 30
20 22
22 23
23 26
23 27
23 24
24 25
30 33
30 29
30 34
30 35
34 32
35 50
35 39
35 36
38 31
38 39
50 49
43 46
43 40
43 37
46 42
46 47
47 51
47 56
47 48
48 57
51 52
56 60
56 71
49 57
57 58
64 65
64 63
61 60
61 63
71 70
58 59
65 66
66 69
69 68
86 87
86 68
76 75
76 87
75 82
82 81
82 83
87 88
78 79
79 80
80 81
83 84