0 3 25 26 27 1 4 28 30 2 32 18 36 7 12 9 37 39 8 6 44 48 22 51 10 52 53 55 56 57 62 63 15 71 72 24 17 19 76 77 80 84 21 88 23 92 95 96 97 98 99 79 70 43 61 45 81 82 78 33 90 35
0 25
0 26
0 27
3 36
3 35
25 39
26 97
27 96
1 30
1 28
4 39
4 37
30 55
2 32
2 33
32 37
18 81
18 80
36 62
7 48
12 62
12 63
9 53
9 52
8 51
6 43
6 45
6 44
44 71
48 56
22 92
51 53
10 56
10 57
10 55
52 77
55 71
57 76
62 79
63 80
63 72
15 70
15 72
15 71
24 98
24 99
24 97
17 76
17 78
17 77
19 82
19 84
80 99
84 95
21 88
21 90
88 92
88 98
23 96
23 95
99 61