0 3 4 5 7 8 9 10 11 12 13 14 16 17 18 20 21 23 24 27 28 30 31 32 33 34 39 40 42 43 44 46 48 50 52 58 60 62 65 67 70 79 95 66 89 68 81 49 15 6 41 69 88 82 59 80 90 87 73 93
0 34
0 17
0 33
3 40
3 12
3 18
3 39
4 7
4 42
5 31
5 24
5 16
5 43
5 44
7 28
7 48
8 14
8 49
8 13
8 17
8 50
9 52
9 10
11 15
11 18
12 58
13 59
13 60
14 62
16 66
16 65
17 68
17 30
17 67
18 21
18 70
18 69
20 24
20 73
23 24
23 80
23 79
24 81
24 82
27 88
27 28
27 87
28 89
28 90
30 32
31 95
42 44
43 41
46 6
46 48
50 52
58 60
65 67
95 93