0 4 6 11 12 17 18 20 22 23 24 26 29 30 32 35 36 38 40 41 37 42 44 47 48 50 52 53 54 56 58 59 60 64 65 66 68 71 72 77 78 82 83 84 89 90 92 45 8 80 39 2 31 57 46 14 51 43 49 55 25 33 74 94 69 86 34 62 27
0 2
0 4
4 6
6 8
6 11
11 12
12 14
12 17
17 18
18 20
20 22
22 23
23 24
24 29
24 26
26 27
29 25
29 30
30 32
30 34
30 35
32 33
35 36
35 31
36 38
36 40
38 39
40 37
41 42
41 37
42 46
42 47
42 44
44 45
47 48
47 43
48 53
50 51
50 52
52 49
52 53
53 54
54 56
56 58
56 57
58 59
59 55
59 60
60 64
60 62
64 65
65 66
66 68
66 71
68 69
71 72
72 74
72 77
77 78
78 82
78 83
82 80
83 84
84 89
84 86
89 90
90 92
92 94