0 10 13 26 27 1 19 28 29 33 4 21 37 38 39 40 20 8 49 50 17 52 56 12 61 63 18 65 66 14 15 67 70 71 76 78 80 81 82 84 22 86 88 90 92 93 24 97 98 45 62 89 87 79 72 30 77 55 25 64 68
0 26
0 25
0 27
10 56
10 55
13 65
13 64
13 66
26 28
27 70
1 29
1 30
1 28
19 82
19 84
29 80
33 86
33 97
4 39
4 37
4 38
21 89
21 90
21 88
37 98
38 88
39 82
40 84
20 87
20 86
8 50
8 49
49 52
50 61
17 78
17 76
17 77
56 92
12 62
12 63
12 61
63 93
18 79
18 81
18 80
65 81
66 90
14 67
14 68
15 71
15 70
15 72
67 71
71 78
76 93
22 92
22 93
24 98
24 97
97 45