0 37 20 1 45 31 30 19 4 24 15 5 6 34 9 8 44 32 50 10 40 52 57 11 47 29 14 18 55 33 25 58 90 76 65 67 60 93 95 92 82 62 91 80 64 73 96 70 99 87 88 72 81 66 84 86 68 97 22 51 61 54 39 41 35
0 90
0 76
0 65
0 67
0 60
0 95
0 92
0 82
0 62
0 91
0 80
0 73
0 96
0 70
0 88
0 72
0 81
0 66
0 84
0 86
0 68
0 37
0 97
0 61
0 20
37 5
20 25
20 10
1 45
1 31
31 6
30 15
30 58
19 33
4 15
4 24
24 25
15 55
6 34
34 11
9 50
8 44
8 32
44 33
32 14
50 93
50 10
10 64
10 52
10 57
10 40
40 87
40 22
40 18
52 39
52 35
57 99
57 11
11 29
11 47
11 41
14 18
14 51
55 54