0 3 5 7 8 9 10 13 14 15 16 17 18 19 20 21 22 23 25 26 27 28 29 31 32 34 43 58 60 62 64 65 67 78 80 82 84 85 87 90 92 98 2 68 54 41 6 30 4 12 51 77 97 74 11 83 24 76 95 66 53 33 79 36 86 72 49 70
0 33
0 3
0 34
3 23
5 22
5 43
7 2
7 29
8 6
8 9
8 49
9 19
9 51
10 54
10 18
10 53
13 31
13 16
13 60
14 21
14 62
15 64
15 4
16 65
16 66
17 68
17 67
17 27
18 26
18 22
18 70
19 23
19 20
19 72
20 74
21 25
21 11
21 76
22 77
22 78
23 80
23 79
25 32
25 26
25 84
25 28
25 83
26 85
26 86
27 87
28 90
29 92
31 95
32 98
32 30
32 97
34 36
43 41
58 12
58 60
62 64
65 67
78 80
82 24
82 84
85 87
90 92