0 2 3 4 5 7 8 9 10 11 12 14 17 18 19 20 21 22 23 25 27 28 29 30 32 38 40 42 44 50 51 54 56 58 60 62 66 68 74 76 78 84 88 93 49 87 1 83 64 52 61 13 89 92 72 95 53 48 69 73 70 91 31 75 6 16 86 90 82 97 55 80
0 30
2 32
2 38
3 20
3 40
4 25
4 42
5 14
5 44
7 30
7 11
7 48
8 25
8 50
9 18
9 30
9 51
9 22
10 21
10 53
10 54
11 27
11 25
11 56
11 55
12 58
12 17
12 28
14 61
14 62
17 68
18 69
18 70
18 6
19 23
19 29
19 72
20 74
20 73
20 31
21 76
21 75
22 78
22 28
23 32
25 83
25 84
27 87
27 88
28 89
28 90
29 1
29 92
29 91
30 93
32 97
38 40
42 44
50 52
51 49
54 56
58 60
60 13
62 64
66 68
66 16
74 76
78 80
84 82
88 86
93 95