23 20 2 16 31 32 33 7 36 4 8 37 39 17 6 44 45 47 48 24 51 56 61 62 63 13 14 64 15 22 68 69 70 73 77 78 18 81 19 82 85 86 92 93 94 95 96 97 98 72 75 55 67 65 38 43 49 12 46 99 10 74 76 50
23 94
23 95
23 96
20 85
20 86
2 33
2 31
2 32
16 75
16 73
16 74
31 82
32 61
33 69
7 47
7 46
7 48
36 77
4 37
4 39
4 38
8 49
8 51
8 50
37 86
39 62
17 78
17 77
17 76
6 45
6 43
6 44
44 78
45 93
47 51
48 98
24 97
24 98
24 99
51 77
56 92
56 10
62 73
62 94
62 97
63 95
63 12
13 65
13 64
14 68
14 69
14 67
64 85
15 72
15 70
22 92
22 93
68 96
70 95
18 81
81 96
19 82
95 55