0 27 28 2 17 31 32 18 8 6 19 12 22 43 44 45 47 49 9 53 10 24 55 56 57 11 59 60 61 62 21 23 68 16 73 76 77 78 79 80 83 84 87 88 90 91 95 96 99 67 89 94 58 81 54 82 52 25 98 26
0 27
0 25
0 26
27 77
27 61
28 87
2 32
2 31
17 76
17 77
17 78
31 45
31 60
32 91
18 81
18 79
18 80
8 49
6 43
6 44
19 83
19 84
19 82
12 62
12 61
22 91
43 47
44 83
45 87
49 96
9 53
9 54
9 52
53 55
10 57
10 55
10 56
24 99
24 98
55 79
56 67
56 76
57 73
57 90
11 58
11 60
11 59
59 88
62 68
62 99
21 89
21 90
21 88
23 94
23 95
23 96
16 73
78 95
84 96