0 1 2 4 7 8 9 11 12 15 17 18 19 20 21 23 24 27 30 31 32 33 35 38 41 43 46 48 50 52 53 55 70 73 75 76 79 82 84 93 95 36 28 74 13 29 5 80 64 68 97 26 71 37 25 40 69 49 72 63 67 10 34 6 77
0 30
0 24
0 33
0 34
1 36
1 28
1 18
1 15
1 21
1 35
2 9
2 37
2 38
4 20
4 41
7 48
7 29
7 17
8 19
8 15
8 50
8 49
9 52
11 21
11 55
12 27
12 32
15 64
15 63
17 68
17 26
17 31
17 67
18 23
18 69
18 70
19 71
20 73
21 76
21 27
21 75
23 13
23 80
23 79
24 82
30 93
31 95
32 97
33 35
38 40
41 43
43 5
46 48
46 6
50 52
53 10
53 55
70 72
73 75
76 74
79 77
82 84
84 25
93 95