0 10 26 30 2 6 31 3 22 23 11 36 5 19 40 42 16 45 8 18 49 51 9 12 52 54 57 58 59 61 62 13 17 66 70 73 75 77 24 80 81 82 83 88 92 93 94 95 96 97 41 25 35 68 60 91 53 65 21 34 79 64 84
0 25
0 26
10 57
26 62
26 45
30 70
30 88
30 51
2 31
6 45
31 49
31 40
3 35
3 36
3 34
22 91
22 93
22 92
23 94
23 96
23 95
11 60
11 59
11 58
36 81
5 41
5 40
5 42
19 83
19 82
19 84
42 73
16 75
16 73
8 49
8 51
18 80
18 81
18 79
9 54
9 53
9 52
12 62
12 61
52 96
54 92
57 88
58 97
59 75
59 66
59 82
61 93
13 65
13 66
13 64
17 77
70 68
77 94
24 97
80 95
81 83
88 21