2 4 5 1 3 23 24 7 17 16 10 6 18 8 13 20 30 32 29 34 44 39 41 36 33 48 49 28 47 69 93 70 92 89 71 72 74 75 88 98 60 53 61 63 67 57 58 84 38 31 86 64 12 81 73 97 68 52 22 27 51 96 65 46 43 78 82 35 54 83 76 11 15 85 50 90
2 13
2 4
2 3
4 1
5 12
5 73
5 1
1 39
1 7
1 16
3 22
3 20
23 51
23 24
23 89
23 90
23 30
24 86
7 96
7 32
17 44
17 67
16 53
16 18
10 92
10 32
6 67
6 18
8 33
8 35
20 82
30 29
32 52
32 29
34 31
34 68
34 27
34 92
44 61
44 43
39 38
39 63
39 15
41 84
41 47
36 72
36 74
33 72
48 46
48 49
49 28
28 74
47 81
69 93
93 70
70 92
92 64
92 71
89 88
71 72
74 75
74 11
75 78
75 76
88 85
98 97
98 60
60 61
53 50
63 65
63 84
63 54
67 57
57 58
58 83