0 1 2 4 6 7 8 12 14 17 19 21 23 24 25 27 28 29 30 31 32 41 43 45 47 50 62 68 69 71 75 76 79 84 89 90 91 94 96 10 49 77 5 74 67 87 13 80 48 18 11 20 61 3 73 66 82 88 97 64 93 98 52 46 95 92
0 12
0 8
0 30
1 25
2 17
2 3
4 41
4 30
6 25
6 45
6 46
7 47
7 48
7 21
8 49
8 21
8 50
12 19
14 28
14 62
14 61
17 10
17 27
17 67
17 24
17 13
17 29
17 68
19 71
21 75
21 76
23 28
23 80
23 79
23 25
24 32
25 84
27 87
27 88
28 89
28 20
28 90
29 91
30 94
30 93
31 96
31 11
31 95
32 97
32 98
41 43
43 5
45 47
50 52
62 64
68 66
69 71
69 18
75 73
76 74
79 77
84 82
89 91
90 92
94 96