0 16 15 24 25 26 27 13 21 2 22 31 12 20 5 10 40 42 7 11 44 46 47 14 17 56 58 59 60 61 62 65 66 69 70 74 77 18 80 85 86 87 88 89 91 93 95 98 67 71 64 33 90 75 76 84 41 78 99 73 72 79
0 27
0 25
0 26
16 75
16 74
16 73
15 71
15 70
15 72
24 98
24 99
25 56
26 87
27 70
13 66
13 65
21 89
21 90
21 88
2 31
2 33
22 91
22 93
31 42
12 62
12 61
20 86
20 87
20 85
5 40
5 41
5 42
10 56
40 60
42 74
42 77
42 64
7 46
7 47
11 60
11 59
11 58
44 85
46 62
47 84
14 67
14 69
17 77
17 76
17 78
58 80
59 91
61 98
62 65
66 89
69 70
74 86
18 80
18 79
86 88
93 95