0 5 21 23 25 26 8 2 3 13 32 33 34 35 4 14 37 40 42 12 7 47 49 51 10 18 55 57 11 59 60 61 16 64 65 66 69 24 70 74 75 17 76 78 79 80 81 19 83 88 94 97 98 99 84 53 82 87 31 48 50 62 95 27 46 68
0 26
0 25
0 27
5 40
5 42
21 88
23 95
23 94
25 47
25 65
26 83
8 50
8 51
8 49
2 33
2 31
2 32
3 35
3 34
13 65
13 64
13 66
32 57
33 51
34 70
35 97
4 37
14 69
14 68
37 78
37 59
40 55
42 80
12 62
12 61
7 47
7 48
7 46
49 64
10 57
10 55
18 79
18 81
18 80
55 61
11 60
59 79
60 75
16 74
16 75
66 84
66 53
69 76
24 98
24 99
24 97
70 94
74 98
17 78
17 76
81 87
19 82
19 83
83 98
88 99