88 0 4 44 92 89 98 7 94 84 79 81 90 99 75 78 96 97 15 53 64 9 50 14 40 3 13 63 1 73 17 70 29 61 10 25 24 55 6 5 27 28 56 38 54 22 72 74 76 77 80 82 83 85 86 87 91 93 95 42 37 30 58
88 0
0 4
0 44
0 92
0 89
0 98
0 7
0 94
0 84
0 79
0 81
0 90
0 99
0 75
0 78
0 96
0 97
0 74
0 76
0 77
0 80
0 82
0 83
0 85
0 86
0 87
0 91
0 93
0 95
4 37
4 30
4 58
44 15
44 53
89 17
98 29
7 42
94 24
79 6
78 5
96 27
97 28
15 64
15 9
53 50
53 14
50 40
50 3
14 73
40 13
3 63
3 1
17 70
29 61
61 10
61 25
24 55
5 38
27 54
28 56
38 22
22 72