0 1 2 72 3 4 20 5 90 57 19 6 78 9 69 73 34 45 35 80 65 56 10 85 8 28 11 23 29 27 96 24 84 86 76 30 42 93 41 18 12 17 13 14 31 60 48 32 61 49 36 89 83 54 53 37 50 62 38 99 7 15 16 26 25 21 22
0 1
1 2
1 72
1 99
2 3
72 69
72 73
3 4
4 20
4 5
4 90
4 57
20 19
20 21
5 6
19 18
6 78
6 9
6 7
78 34
9 10
9 85
9 8
34 45
34 35
34 80
45 65
45 56
35 36
56 93
10 28
10 11
85 84
85 86
28 23
28 29
28 27
11 12
23 96
23 24
29 76
29 30
27 26
24 25
84 89
84 83
76 42
30 31
42 41
18 17
12 13
13 14
14 15
31 60
31 48
31 32
60 61
48 49
32 54
61 62
49 50
36 37
54 53
37 38
15 16
21 22