49 50 51 48 53 54 56 47 45 57 59 44 42 60 62 63 65 66 68 69 71 72 74 75 77 78 80 41 39 81 83 84 86 87 89 90 92 93 95 96 98 38 36 35 33 32 30 29 27 26 24 23 21 20 18 17 15 14 12 11 9 8 6 5 3 2 25 28 31 34 37 40 43 46 52 55 58 61 64 67 70 73 76
49 50
50 51
50 48
51 53
51 52
48 47
53 54
54 56
54 55
56 57
47 45
45 44
45 46
57 59
57 58
59 60
44 42
42 41
42 43
60 62
60 61
62 63
63 65
63 64
65 66
66 68
66 67
68 69
69 71
69 70
71 72
72 74
72 73
74 75
75 77
75 76
77 78
78 80
80 81
41 39
39 38
39 40
81 83
83 84
84 86
86 87
87 89
89 90
90 92
92 93
93 95
95 96
96 98
38 36
36 35
36 37
35 33
33 32
33 34
32 30
30 29
30 31
29 27
27 26
27 28
26 24
24 23
24 25
23 21
21 20
20 18
18 17
17 15
15 14
14 12
12 11
11 9
9 8
8 6
6 5
5 3
3 2