10 32 8 92 29 7 52 1 24 16 5 3 39 53 0 73 85 86 17 44 2 22 20 63 54 84 55 60 57 94 71 34 70 98 13 47 46 58 93 28 49 97 69 83 81 75 4 12 23 30 89 90 96 18 9 15 6 67 35 38 40 88 65
10 32
10 8
10 92
32 29
32 7
32 52
8 35
92 71
92 34
92 70
7 1
7 24
7 96
52 94
1 16
1 5
1 3
1 39
1 4
24 85
24 86
24 17
24 44
24 23
16 53
16 18
5 0
5 73
5 12
3 2
3 22
3 20
39 63
39 15
39 38
39 40
2 13
2 47
22 46
63 54
63 84
63 65
54 55
54 60
84 57
60 98
57 58
94 28
70 93
98 97
47 81
58 83
93 69
28 49
49 75
12 9
23 30
23 89
23 90
89 88
18 6
6 67