69 70 68 71 67 72 26 61 73 99 33 77 5 60 20 59 25 27 76 78 21 19 4 6 3 88 0 87 89 64 79 98 97 28 32 34 84 22 35 58 18 96 57 29 36 37 90 50 45 51 49 42 52 41 46 40 10 80 53 17 56 95 94 16 15 14 13 23 24 66 62 63 74 75
69 70
69 68
70 71
68 67
71 72
71 26
67 77
67 5
72 61
72 73
72 99
72 33
26 25
26 27
61 60
61 62
73 74
99 98
33 32
33 34
77 76
77 78
5 4
5 6
60 20
60 59
60 66
20 21
20 19
59 58
27 28
78 79
21 22
19 18
4 3
4 88
6 64
3 0
88 87
88 89
89 90
79 80
98 97
97 96
28 29
32 84
34 35
22 23
35 36
58 57
18 17
96 95
57 56
36 37
90 50
90 45
50 51
50 49
45 46
51 42
51 52
42 41
52 53
41 40
40 10
17 16
95 94
16 15
15 14
14 13
23 24
62 63
74 75