55 19 88 22 46 15 13 1 4 5 2 11 48 96 14 23 47 43 67 3 9 54 17 6 8 18 28 26 27 31 12 30 35 37 36 25 69 59 52 32 39 50 56 72 84 66 70 87 0 76 7 10 49 20 95 51 79 75 45 53 71 60 63 33 64 34 68 61 62 98 57
55 19
55 88
55 22
55 46
55 60
55 63
19 15
19 13
88 1
22 45
22 53
46 47
46 43
15 96
15 14
15 23
13 75
1 4
1 5
4 2
4 11
4 48
5 6
2 3
2 0
2 76
11 17
96 67
96 71
14 79
67 54
67 57
3 9
3 7
3 10
9 20
9 95
54 35
54 37
17 18
17 28
6 8
8 12
18 26
18 27
28 30
26 31
27 32
12 50
35 36
35 25
37 69
37 68
36 59
36 52
25 39
52 72
39 56
56 66
72 84
66 70
70 87
7 49
10 51
53 33
60 61
33 64
64 34
61 62
62 98