10 56 5 20 25 0 47 15 16 24 7 54 6 46 3 11 8 71 4 14 23 22 21 1 12 13 42 41 86 99 76 26 27 73 74 75 70 72 97 98 87 29 32 45 35 40 55 57 48 9 52 62 81 84 53 78 96 65 18 91 88
10 56
10 5
10 20
10 55
10 57
56 25
56 53
5 42
5 41
5 40
20 86
25 0
25 47
0 15
0 16
0 24
0 26
0 27
47 7
47 54
47 32
47 81
47 84
15 8
15 71
15 4
15 70
15 72
16 22
16 73
16 74
16 75
24 99
24 97
24 98
7 6
7 46
7 48
54 9
54 78
6 3
6 11
6 45
46 52
46 62
3 12
8 14
8 23
22 21
21 1
1 13
41 76
26 87
73 29
72 35
87 91
57 96
62 65
81 18
91 88