4 39 38 22 5 35 95 88 23 80 21 30 94 14 70 1 65 9 91 75 15 16 59 86 6 74 17 42 40 41 10 29 11 31 62 18 81 64 25 28 44 51 96 37 49 50 8 79 71 52 54 55 56 57 13 66 89 90 68 77 83
4 39
4 38
4 22
4 5
4 37
39 35
38 95
38 50
22 9
22 91
5 42
5 40
5 41
95 88
95 23
95 80
88 21
88 30
88 94
88 56
88 57
23 96
80 18
80 54
21 14
21 89
21 90
30 70
30 1
30 65
30 51
94 77
14 17
70 75
70 15
70 55
70 68
1 10
1 29
1 28
65 64
65 13
75 16
75 59
75 86
16 6
16 74
59 11
40 31
40 62
29 25
29 44
18 81
18 79
81 83
51 71
96 52
37 49
50 8
13 66