39 37 40 36 42 43 34 45 47 48 49 51 52 54 55 57 59 60 62 63 64 66 68 69 70 72 74 75 77 78 80 81 83 84 86 87 88 33 32 30 28 27 25 24 23 21 19 18 17 15 14 12 10 9 7 6 5 3 1 90 92 93 94 96 98 26 29 31 35 38 41 44 46 50 53 56 58 61 65 67 71
39 37
39 40
39 41
37 36
40 42
36 34
36 38
42 43
42 44
43 45
34 33
45 47
45 46
47 48
48 49
48 50
49 51
51 52
51 53
52 54
54 55
54 56
55 57
57 59
57 58
59 60
60 62
60 61
62 63
63 64
63 65
64 66
66 68
66 67
68 69
69 70
69 71
70 72
72 74
74 75
75 77
77 78
78 80
80 81
81 83
83 84
84 86
86 87
87 88
88 90
33 32
33 35
32 30
30 28
30 29
30 31
28 27
27 25
25 24
24 23
24 26
23 21
21 19
19 18
18 17
17 15
15 14
14 12
12 10
10 9
9 7
7 6
6 5
5 3
3 1
90 92
92 93
93 94
94 96
96 98