90 15 16 78 46 9 27 21 30 37 3 53 66 96 0 74 14 80 40 92 44 68 11 87 51 10 8 67 4 45 2 89 81 58 62 64 26 42 55 6 29 69 12 43 38 72 23 33 77 18 60 20 52 70 39 36 7 82 13 63 95 98 61 71 79 97
90 15
90 16
90 78
15 39
16 9
16 18
78 46
9 27
27 21
27 72
21 30
30 37
37 3
37 63
3 53
3 92
53 66
53 0
66 96
66 74
0 44
0 98
74 14
74 52
14 80
80 40
80 60
92 58
92 13
44 68
44 95
68 11
68 2
11 87
87 51
87 97
51 10
10 8
10 89
8 67
8 4
67 38
4 45
45 82
2 36
89 81
89 77
81 79
58 62
58 29
62 64
62 26
64 6
26 42
42 55
29 69
29 7
69 12
69 71
12 43
12 23
23 33
60 20
52 70
98 61