32 31 36 48 4 43 27 52 14 24 66 63 23 75 21 77 85 96 78 22 46 10 18 50 73 80 40 62 58 29 57 26 89 1 72 69 88 87 55 76 94 97 30 82 95 39 98 12 37 83 44 71 25 19 45 74 33 56 67
32 31
31 36
36 48
36 4
48 43
48 27
43 52
52 14
52 83
52 44
52 71
14 24
14 66
14 63
24 23
24 75
24 21
24 77
24 12
66 85
66 96
66 78
63 22
75 57
75 26
75 74
85 10
85 18
96 50
78 19
22 46
22 37
10 80
10 95
18 40
18 62
18 25
50 73
50 56
50 67
80 69
80 39
40 58
62 29
58 1
58 72
58 87
57 89
57 55
57 76
57 94
57 97
69 88
55 30
55 82
95 98
44 45
74 33