2 31 32 33 17 22 23 97 47 7 48 46 1 0 70 24 13 8 16 3 20 19 10 21 57 27 4 18 82 15 95 26 77 78 94 96 91 92 87 60 99 64 35 40 72 43 44 69 88 53 68 59 63 98 9 52 73 66 11 81 14 79 84 85
2 31
2 32
2 33
2 17
2 22
2 23
31 97
32 87
32 60
32 99
33 47
33 64
17 19
17 77
17 78
22 10
22 91
22 92
23 95
23 94
23 96
97 24
97 43
97 84
47 7
47 40
47 68
7 48
7 46
7 1
7 0
48 70
48 26
48 44
48 59
48 63
46 69
46 88
46 53
0 27
0 4
70 15
70 52
24 13
24 8
24 16
24 98
13 3
13 20
19 18
19 82
10 21
10 57
15 72
60 35
99 85
64 81
53 9
53 73
53 66
68 14
68 79
59 11