18 80 81 8 1 4 59 11 60 58 12 48 85 40 93 6 16 44 13 5 84 41 90 19 15 9 2 0 49 17 30 78 26 65 22 20 79 82 83 32 34 38 42 89 67 61 62 63 7 46 69 70 55 64 98 71 74 14 86 77 21 24 99 95 91 92
18 80
18 81
18 8
18 1
18 4
18 79
80 55
80 77
80 95
81 59
8 49
1 17
1 30
59 11
59 64
11 60
11 58
11 12
60 48
60 85
60 98
58 40
58 93
58 38
12 6
12 16
12 62
12 63
48 7
48 69
48 70
85 20
40 5
40 84
93 22
6 44
16 13
13 65
5 41
5 42
84 19
84 32
84 46
41 90
41 89
41 67
90 21
19 15
19 9
19 2
19 82
19 83
15 0
0 26
17 78
22 91
22 92
20 86
82 34
42 61
61 71
69 14
64 74
98 24
24 99