8 50 14 18 15 28 1 29 22 4 19 36 3 5 2 21 79 70 0 10 93 39 23 88 17 13 75 44 82 84 9 24 6 71 72 26 30 91 92 38 65 86 59 87 83 67 68 69 31 33 34 35 41 73 47 7 48 20 16 74 78 49 51 81 90 11 60 57 97 98
8 50
8 14
8 18
8 15
8 49
8 51
50 28
14 5
14 2
14 67
14 68
14 69
18 79
18 81
15 70
15 0
15 71
15 72
28 1
28 26
28 65
28 86
1 29
1 22
1 4
1 19
1 30
29 36
29 59
29 87
22 10
22 93
22 91
22 92
4 39
4 38
19 82
19 84
36 3
36 73
36 47
3 34
3 35
5 21
2 23
21 88
21 17
70 75
70 44
0 9
23 13
13 24
44 6
30 83
86 20
59 11
87 31
83 98
68 97
69 33
35 41
73 16
73 57
47 7
7 48
48 78
16 74
51 90
11 60