29 34 22 35 50 41 52 46 23 17 21 28 27 16 11 4 39 9 8 38 15 56 53 63 58 60 20 13 12 44 37 95 36 30 96 91 92 87 6 84 83 80 61 64 62 67 68 69 98 86 90 82 81 77 76 0 7 1 2 14 3 5 10 49 19 18 26 24 25 31 33 32 51 42 43 40 47 48 45 54 55 97 79 88
29 34
29 22
29 35
29 50
29 51
34 41
22 23
22 17
22 21
35 28
50 56
41 52
41 46
41 40
41 47
52 54
46 39
46 48
46 45
17 16
21 15
28 27
16 11
11 4
11 49
4 9
4 3
4 5
4 10
39 38
9 8
8 14
38 44
15 20
56 53
56 63
56 58
63 60
60 61
20 13
13 12
13 26
12 6
12 19
12 18
44 37
44 95
37 36
95 96
36 30
36 42
36 43
96 91
91 92
91 87
92 97
87 84
87 55
6 0
6 1
84 83
83 80
80 79
80 88
61 64
61 62
64 67
64 68
62 98
68 69
98 86
86 90
86 82
82 81
81 77
77 76
0 7
7 2
19 24
26 33
26 32
24 25
24 31