17 21 13 23 4 12 10 3 16 18 6 19 32 7 2 25 33 35 34 41 39 15 38 44 45 46 51 27 49 50 52 55 61 59 65 58 67 64 73 77 88 76 79 85 89 81 99 86 97 96 94 93 22 20 36 40 43 54 48 47 53 56 57
17 21
21 13
21 23
13 4
13 12
13 10
23 25
4 3
12 16
12 18
10 6
3 2
18 19
18 32
6 7
19 33
19 22
19 20
25 15
33 35
33 34
35 41
35 40
34 39
34 36
41 44
39 38
15 27
44 45
44 43
44 54
45 46
45 51
45 48
46 47
51 49
49 50
50 52
52 55
52 61
52 53
55 59
55 56
59 65
59 58
65 67
65 64
58 57
67 73
73 77
77 88
77 76
77 79
88 85
88 89
76 81
89 99
89 86
99 97
97 96
96 94
94 93