13 65 3 24 4 33 2 31 22 20 16 17 9 89 70 21 50 14 10 92 23 97 99 18 73 7 8 38 1 11 19 15 91 93 32 77 85 36 49 34 35 64 66 41 68 75 59 39 46 5 42 40 44 45 71 72 62 88 90 57 61 74 82 84 96
13 65
13 3
13 24
13 4
13 64
13 66
65 33
65 44
65 57
3 20
3 16
3 17
3 9
3 34
3 35
24 97
24 99
4 38
33 2
33 36
33 49
2 31
2 22
2 32
31 89
31 70
31 77
22 92
22 91
22 93
16 18
16 73
17 1
89 21
89 50
89 45
89 61
70 15
21 14
21 10
21 88
21 90
50 8
50 40
14 23
18 7
1 11
11 19
15 71
15 72
32 85
85 39
36 59
49 62
34 41
34 68
35 75
66 74
66 82
41 5
39 46
5 42
88 84
84 96