94 92 30 2 23 15 51 12 4 3 11 52 39 1 5 29 62 80 79 9 32 66 22 27 88 93 91 26 13 7 21 57 24 17 25 71 16 18 78 87 85 84 75 83 19 20 61 35 77 34 60 49 28 54 42 69 8 10 31 55 48 56 73 67 63 81
94 92
94 30
94 2
94 23
92 15
92 51
2 12
2 4
2 3
2 69
23 32
23 66
15 85
12 11
12 8
4 1
3 21
11 52
11 39
11 10
52 22
52 67
1 5
1 29
1 62
1 80
1 79
1 49
5 9
29 91
62 55
9 88
9 28
9 54
32 63
32 81
66 7
22 27
22 48
22 56
22 73
27 57
88 93
91 26
91 13
26 24
21 42
24 17
24 25
24 71
17 16
17 18
25 87
16 78
18 19
85 84
85 75
84 83
75 77
19 20
19 61
20 35
61 60
35 34
10 31