8 50 10 16 49 81 60 18 93 85 79 80 22 43 86 92 91 13 96 82 6 27 4 62 52 9 7 53 3 1 17 39 11 90 59 0 23 19 84 25 26 32 20 87 44 45 95 46 51 89 61 73 56 69 71 97 88 99 21 98
8 50
8 10
8 16
8 49
8 51
50 81
50 60
50 73
10 4
16 3
49 89
49 61
81 18
81 93
81 85
81 71
81 99
60 11
60 90
18 79
18 80
93 22
93 43
93 98
85 86
85 20
79 69
79 97
80 56
80 88
22 92
22 91
22 13
43 6
43 95
92 96
92 82
92 32
92 46
91 27
91 25
96 23
82 19
82 26
6 44
6 45
27 62
27 52
27 0
4 39
52 9
9 7
9 53
7 17
3 1
11 59
19 84
20 87
88 21