77 17 76 78 24 31 57 2 10 4 20 5 39 9 3 22 54 13 1 65 66 89 81 21 63 0 19 14 7 58 8 16 18 12 25 26 27 88 90 35 99 73 40 32 33 6 37 38 50 69 59 85 86 87 41 42 83 98 52 61 62 46 79 80 60 68 91 96
77 17
17 76
17 78
17 24
78 31
78 46
31 57
31 2
31 50
57 10
2 4
2 32
2 33
4 20
4 5
4 39
4 6
4 37
4 38
20 9
20 3
20 22
20 85
20 86
20 87
5 13
5 41
5 42
39 89
39 81
9 54
22 1
13 65
13 66
66 58
89 21
89 63
89 96
81 18
81 60
21 0
21 88
21 90
63 12
0 19
0 14
0 7
0 25
0 26
0 27
19 8
8 16
18 80
12 61
12 62
25 35
26 99
27 73
27 40
88 91
33 69
33 59
37 83
38 98
38 52
86 68
52 79