14 69 67 20 37 91 4 5 18 33 2 21 32 23 31 3 10 47 27 60 7 53 11 0 36 40 6 12 17 82 19 66 25 26 58 59 78 83 61 65 85 98 9 54 28 29 88 89 90 71 73 35 94 24 63 38 39 57 43 46 48 52 99 50 8 68 22 92 93 16 74 75 64 13 15 72 84 77 86
14 69
14 67
14 20
14 68
69 37
20 5
20 18
37 91
37 4
37 28
37 57
91 33
91 22
4 6
4 38
4 39
5 40
33 2
33 35
33 94
2 21
2 32
2 23
2 31
21 3
21 10
21 88
21 89
21 90
32 47
32 27
32 71
32 73
31 66
3 36
47 60
47 7
47 53
47 52
47 99
27 0
27 65
27 85
27 98
60 11
60 29
60 64
7 12
7 46
7 48
53 9
11 58
11 59
0 25
0 26
40 82
12 17
82 19
66 43
25 78
26 83
26 61
65 13
98 24
9 54
71 15
71 84
73 16
73 86
35 63
48 50
50 8
22 92
22 93
16 74
16 75
15 72
72 77