6 45 44 12 95 23 94 14 15 0 80 11 4 20 21 27 26 5 10 7 49 66 18 13 22 16 2 17 62 3 33 83 8 25 96 47 65 91 87 37 97 50 51 28 29 64 35 68 78 59 42 43 88 54 53 79 81 84 24 70 19 99
6 45
6 44
6 12
6 43
44 95
12 62
95 23
95 28
95 99
23 94
23 14
23 15
23 0
23 96
94 80
94 29
94 70
14 11
14 4
14 68
15 20
0 21
0 27
0 26
0 5
0 25
80 66
80 18
80 42
21 10
21 7
27 49
27 87
27 37
27 97
26 83
49 8
49 54
66 13
66 53
66 84
18 79
18 81
13 22
13 16
13 2
13 64
22 17
2 3
2 33
83 19
8 50
8 51
25 47
25 65
25 91
37 78
37 59
97 35
97 24
43 88