13 64 66 3 89 21 72 32 34 20 15 46 0 22 14 70 85 16 19 12 11 6 8 7 78 23 58 2 81 77 54 25 27 71 28 30 31 33 65 87 49 84 52 36 38 39 44 88 90 40 42 9 53 47 48 94 59 76 17 18 92
13 64
13 66
13 3
13 65
64 89
64 38
66 77
66 40
89 21
89 72
89 32
89 34
21 20
21 88
21 90
72 15
72 46
32 2
32 81
32 28
34 52
20 85
15 0
15 22
15 14
15 70
15 71
46 7
46 78
46 42
0 25
0 27
22 16
70 76
16 19
16 12
16 11
19 6
11 58
6 8
7 23
7 47
7 48
2 31
2 33
81 54
81 30
81 18
71 36
71 39
31 87
31 49
33 84
65 59
52 9
52 94
39 44
90 92
9 53
76 17