88 85 91 84 83 79 93 77 76 96 72 70 69 65 63 62 58 56 55 51 49 48 44 42 41 37 35 34 30 28 27 23 21 20 16 14 13 9 7 6 2 98 26 25 29 31 32 33 36 38 39 40 43 45 46 47 50 52 53 54 57 59 60 61 64 66 67 68 73
88 85
88 91
85 84
91 93
84 83
83 79
79 77
93 96
77 76
76 72
96 98
72 70
70 69
70 73
69 65
65 63
65 68
63 62
63 64
63 66
62 58
58 56
58 61
56 55
56 57
56 59
55 51
51 49
51 54
49 48
49 50
49 52
48 44
44 42
44 47
42 41
42 43
42 45
41 37
37 35
37 40
35 34
35 36
35 38
34 30
30 28
30 33
28 27
28 29
28 31
27 23
23 21
23 26
21 20
20 16
16 14
14 13
13 9
9 7
7 6
6 2
26 25
29 32
36 39
43 46
50 53
57 60
64 67