56 51 50 52 49 59 55 53 57 48 47 60 62 63 64 46 67 45 68 65 69 72 73 44 43 42 41 40 39 38 37 36 35 34 33 74 75 32 76 77 79 80 81 82 83 84 31 85 86 30 29 27 25 26 24 23 22 19 18 87 88 89 90 91 92 93 94 95 96 97 98 17 13 12 10 14 9 15 0 2 5 3 7 58 54 61 66 70 71 78
56 51
51 50
51 52
50 49
50 59
52 55
52 53
49 48
59 60
55 57
53 54
57 58
48 47
47 46
60 62
60 61
62 63
62 64
63 67
64 65
46 45
67 68
45 44
68 69
65 66
69 72
69 70
72 73
72 71
73 74
44 43
43 42
42 41
41 40
40 39
39 38
38 37
37 36
36 35
35 34
34 33
33 32
74 75
75 76
75 77
32 31
76 78
77 79
79 80
80 81
81 82
82 83
83 84
84 85
31 30
85 86
86 87
30 29
29 27
27 25
25 26
25 24
24 23
23 22
22 19
19 18
18 17
87 88
88 89
89 90
90 91
91 92
92 93
93 94
94 95
95 96
96 97
97 98
17 13
13 12
12 10
12 14
10 9
14 15
9 0
0 2
2 5
2 3
5 7