13 11 14 8 17 20 5 23 26 29 2 98 95 92 32 35 89 86 83 80 77 38 74 71 68 41 44 47 50 53 56 59 61 0 3 96 97 1 4 93 94 6 7 9 10 12 15 16 18 19 21 22 24 25 27 28 31 30 33 34 36 39
13 11
13 15
13 16
11 14
11 8
14 17
8 5
17 20
20 23
20 21
20 22
5 2
5 6
5 7
23 26
26 29
29 32
29 31
2 98
2 0
2 1
98 95
95 92
92 89
32 35
32 34
35 38
89 86
86 83
83 80
80 77
77 74
38 41
74 71
71 68
41 44
44 47
47 50
50 53
53 56
56 59
59 61
0 3
0 96
0 97
96 93
96 94
1 4
6 9
7 10
9 12
15 18
16 19
21 24
22 25
25 27
25 28
31 30
31 33
33 36
36 39