8 49 16 0 13 90 21 86 9 20 14 75 24 73 18 74 5 99 28 53 79 68 34 1 4 15 71 3 2 35 12 6 10 50 51 29 30 46 43 45 36 59 54 44 82 38 69 37 19 83 84 11 60 92 58 62 94 77 96 76 22
8 49
8 16
8 0
8 13
8 50
8 51
49 90
16 75
16 24
16 73
16 18
16 74
0 5
90 21
90 86
21 9
86 20
9 53
20 14
14 68
75 58
75 96
75 76
24 99
73 28
73 94
73 77
18 79
74 34
74 62
28 1
28 46
34 3
34 59
34 54
1 4
1 15
1 29
1 30
15 71
3 2
3 35
3 12
3 36
35 44
35 82
12 6
6 10
29 43
30 45
36 38
36 69
59 11
54 37
54 92
82 19
19 83
19 84
11 60
92 22