4 39 38 13 28 54 48 1 67 7 6 30 23 45 17 14 2 24 15 32 20 33 18 19 55 10 12 3 21 11 62 0 8 34 27 29 96 94 74 31 68 69 77 60 53 56 57 36 37 9 40 46 47 99 78 49 75 86 93 73 61 22 71 87 95 16 82 83 90
4 39
4 38
4 13
4 37
39 28
39 36
38 54
13 23
28 48
28 1
48 67
48 7
48 40
48 78
1 6
1 30
1 29
67 14
67 49
7 46
7 47
6 45
6 17
30 94
30 74
17 8
14 2
14 24
14 68
14 69
2 15
2 32
2 20
2 33
2 31
15 18
32 55
32 27
32 60
33 53
18 19
55 10
55 75
55 86
55 93
10 12
10 3
10 56
10 57
12 21
12 11
12 62
3 34
21 0
29 96
31 77
68 71
68 87
53 9
57 73
47 99
99 83
78 61
93 22
93 90
73 16
73 82
71 95