54 9 78 36 82 17 32 69 79 22 19 24 96 2 14 12 67 23 74 25 4 16 89 51 0 7 73 75 8 84 50 18 5 11 98 20 26 27 52 28 31 33 68 43 39 55 76 77 35 94 95 80 81 40 42 46 53 70 56 72 92
54 9
54 78
54 36
54 82
54 70
9 53
78 17
78 32
78 69
78 79
78 56
78 72
17 22
17 19
17 24
17 76
17 77
32 96
32 2
32 43
69 14
69 35
79 18
79 28
19 8
19 84
24 98
96 23
96 74
96 25
2 31
2 33
14 12
14 67
14 68
67 42
23 4
23 94
23 95
74 16
74 89
74 51
25 0
25 52
16 7
16 73
16 75
0 11
0 26
0 27
8 50
18 5
18 80
18 81
11 20
33 39
33 55
68 40
43 46
77 92