0 5 95 1 10 90 15 11 85 91 20 16 80 86 25 21 75 81 30 26 70 76 35 31 65 71 40 36 60 66 45 41 55 61 50 46 4 49 64 2 3 98 6 7 8 96 97 9 99 12 13 14 17 18 19 22 23 27 28 87 88 92 93
0 5
0 95
0 1
0 2
0 3
5 10
5 7
5 8
95 90
95 96
95 97
1 4
1 98
10 15
10 11
10 12
10 13
90 85
90 91
90 92
90 93
15 20
15 16
15 17
15 18
11 14
85 80
85 86
85 87
85 88
20 25
20 21
20 22
20 23
16 19
80 75
80 81
25 30
25 26
25 27
25 28
75 70
75 76
30 35
30 31
70 65
70 71
35 40
35 36
65 60
65 66
40 45
40 41
60 55
60 61
45 50
45 46
61 64
46 49
3 6
7 9
96 99