37 84 14 15 35 13 36 38 16 32 31 33 34 12 39 17 40 18 19 11 10 20 21 22 23 24 9 25 8 7 6 5 4 3 2 1 26 27 28 29 63 64 65 66 41 42 67 68 69 70 43 48 49 50 51 52 53 54 55 56 71 72 73 74 75 76 77 80 81 82 83 85 89 90 91 92 93 94 95 96 97 98 99
37 84
37 14
37 81
37 82
37 83
37 85
37 89
14 15
14 35
14 13
14 36
14 38
15 16
15 32
15 31
15 33
15 34
35 71
35 72
35 73
35 74
35 75
13 12
13 63
13 64
13 65
13 66
36 76
36 77
36 80
38 90
16 39
16 17
16 40
16 41
16 42
32 48
32 49
32 50
32 51
32 52
31 43
33 53
33 54
33 55
33 56
12 11
39 91
39 92
39 93
39 94
39 95
17 18
17 67
17 68
17 69
17 70
40 96
40 97
40 98
40 99
18 19
19 20
11 10
10 9
20 21
21 22
22 23
23 24
24 25
9 8
25 26
8 7
7 6
6 5
5 4
4 3
3 2
2 1
26 27
27 28
28 29