23 48 25 46 16 26 37 65 43 44 33 64 45 78 41 60 72 57 52 68 66 84 77 14 15 13 17 10 3 6 39 24 8 27 38 36 47 55 53 63 67 56 28 12 32 88 18 19 20 58 90 99 49 93 83 80 97 86 85 92
23 48
23 25
23 46
23 16
23 26
48 37
48 65
48 43
25 33
25 64
25 45
46 60
46 49
46 93
37 44
65 72
43 52
44 57
33 78
33 41
33 58
33 90
33 99
64 68
64 83
78 66
78 97
60 63
52 56
66 84
66 80
84 77
84 85
84 92
77 14
77 86
14 15
14 13
14 17
15 32
15 88
13 10
13 12
17 36
17 47
17 18
10 3
10 6
3 39
6 24
6 8
24 27
8 38
27 28
36 55
47 53
63 67
18 19
19 20