13 66 15 4 59 52 11 9 54 19 2 62 12 17 0 18 72 70 86 96 39 6 83 99 25 74 35 20 3 49 5 58 23 85 61 63 71 29 30 53 33 36 64 65 40 41 42 47 48 50 60 56 84 89 10 57 75 68 79 97 90 69
13 66
13 15
13 4
13 64
13 65
66 59
66 50
66 69
15 72
15 70
15 71
4 39
59 52
59 11
59 47
59 68
52 9
52 33
52 56
11 58
11 60
9 54
9 19
9 2
9 53
54 62
54 29
54 89
19 83
62 12
62 48
62 79
62 97
62 90
12 17
12 0
12 61
12 63
17 18
0 25
18 6
72 86
72 96
86 35
86 20
96 23
83 99
25 74
35 3
35 49
20 85
3 5
58 30
58 75
61 36
53 42
53 84
64 41
65 40
56 10
10 57