11 59 24 10 60 3 25 41 0 9 18 86 39 66 88 20 21 1 14 2 53 8 17 22 4 23 38 16 94 7 71 61 98 26 27 37 56 85 87 29 31 58 35 95 91 96 45 5 42 15 72 40 68 6 43 50 89 90 63 13 82 84 92
11 59
11 24
11 10
11 60
11 3
11 58
59 25
59 41
59 40
24 2
25 0
25 37
41 86
41 39
41 66
41 5
0 9
0 18
0 26
0 27
9 53
86 88
86 20
86 35
86 82
39 4
39 29
39 45
66 98
66 13
88 21
88 43
88 84
88 92
20 1
20 14
20 85
20 87
21 22
21 89
21 90
1 8
8 17
4 23
4 38
4 16
23 94
23 7
38 71
38 91
38 96
71 61
71 15
71 50
26 56
87 31
58 63
35 95
45 6
5 42
42 68
15 72