52 51 53 59 50 55 64 56 65 63 66 99 73 72 74 71 40 39 38 30 37 31 36 42 32 48 35 33 26 49 46 70 69 98 81 80 82 89 83 88 84 96 87 79 85 92 18 17 19 12 10 13 4 14 15 9 8 7 21 6 25 29 41 47 57 54 61 58 60 62 67 68
52 51
52 53
52 59
51 50
51 57
53 61
59 60
50 55
50 54
55 64
55 56
64 65
64 63
56 73
65 66
65 99
63 62
99 98
73 72
73 74
72 71
74 40
71 70
40 39
40 41
39 38
39 30
38 37
38 29
30 31
30 25
37 36
37 42
31 32
31 48
36 35
32 33
32 26
48 49
48 47
33 46
49 18
70 69
98 81
81 80
81 82
80 89
82 83
89 88
83 84
83 96
88 87
88 79
84 85
87 92
18 17
18 19
17 12
19 10
12 13
10 9
13 4
13 14
14 15
9 8
8 7
8 21
7 6
57 58
62 67
67 68