70 71 69 73 72 50 74 35 49 30 31 28 57 38 37 43 66 8 7 15 5 10 3 48 47 51 52 55 54 76 87 75 88 11 0 20 1 22 12 23 24 61 82 83 81 77 84 80 2 13 4 14 16 18 21 6 9 19 44 45 29 26 27 25 36 32 33 34 39 42 46 58 59
70 71
70 69
70 73
71 72
69 66
73 77
72 50
72 74
50 35
50 49
50 42
74 76
35 30
49 57
30 31
30 28
30 32
30 33
30 34
31 38
31 37
28 8
28 29
57 48
57 58
37 43
8 7
8 15
7 5
7 19
5 10
5 6
10 3
3 11
3 0
3 4
48 47
47 51
47 46
51 52
51 55
52 54
55 61
76 87
76 75
87 88
75 82
11 20
11 18
11 21
0 1
0 2
20 22
1 12
22 23
23 24
23 26
23 27
24 25
82 83
82 81
83 84
81 80
2 13
13 14
13 16
6 9
19 44
19 45
29 36
34 39
58 59