20 80 83 40 49 77 65 70 31 46 68 61 47 73 43 67 85 95 23 72 51 1 12 42 39 44 57 11 94 69 71 92 82 9 8 59 10 0 88 32 38 15 81 98 21 96 35 62 27 84 3 17 48 22 25 89 76 30 4 45 36 60 99 87 5 97 56 7
20 80
20 83
20 40
20 49
83 77
83 65
83 70
40 31
40 46
40 36
31 68
31 61
31 47
31 73
46 84
68 43
68 67
61 85
61 95
61 89
47 60
73 27
43 62
85 23
85 72
85 51
95 9
23 1
23 12
23 42
23 76
23 30
72 57
72 11
72 99
51 71
51 87
1 39
1 44
1 4
1 45
12 92
12 82
39 94
39 69
39 5
44 81
44 98
57 7
11 35
69 48
71 97
71 56
92 10
92 0
82 15
9 8
9 59
8 96
10 88
0 3
88 32
88 38
32 21
84 22
3 17
22 25