51 50 25 60 57 22 26 81 61 90 71 0 44 3 72 1 2 4 6 7 9 18 40 45 48 23 36 62 63 64 73 74 75 19 76 77 37 65 66 67 68 91 69 78 79 5 8 10 11 12 13 14 15 16 17 27 28 29 30 31 32 33 34 35 52 53 54 55 56 58 59
51 50
50 25
50 60
50 57
50 52
50 53
50 54
50 55
50 56
50 58
50 59
25 22
25 26
25 27
25 28
25 29
25 30
25 31
25 32
25 33
25 34
25 35
60 81
60 61
57 71
22 23
26 36
81 90
61 62
90 91
71 0
71 44
71 3
71 72
0 1
0 2
0 4
0 6
0 7
0 9
0 18
0 5
0 8
0 10
44 40
44 45
3 13
72 73
1 11
2 12
4 14
6 15
7 16
9 17
18 19
45 48
36 37
62 63
63 64
64 65
73 74
74 75
75 76
76 77
77 78
65 66
66 67
67 68
68 69
78 79