73 0 68 77 86 35 90 75 78 82 76 84 99 87 13 42 61 63 39 19 8 3 11 28 43 36 38 41 37 6 59 17 58 72 9 16 18 70 30 2 47 65 46 4 34 74 79 80 81 83 85 88 89 91 92 93 94 95 96 97 98 54 45 40
73 0
0 68
0 77
0 86
0 35
0 90
0 75
0 78
0 82
0 76
0 84
0 99
0 87
0 74
0 79
0 80
0 81
0 83
0 85
0 88
0 89
0 91
0 92
0 93
0 94
0 95
0 96
0 97
0 98
68 13
68 42
68 61
68 63
77 8
35 54
90 28
75 6
78 9
82 16
84 18
13 39
13 45
42 40
39 19
8 3
3 11
28 43
43 36
36 38
36 41
38 37
6 59
6 17
59 58
17 47
58 72
18 70
70 30
70 2
30 46
47 65
46 4
4 34