49 6 43 32 77 17 75 66 41 23 29 15 4 58 24 95 50 61 67 30 64 73 57 14 83 48 5 42 16 53 34 71 68 54 20 91 45 63 25 55 81 46 65 22 35 33 0 80 86 38 11 88 97 51 52 84 60 92
49 6
6 43
6 32
43 77
43 17
43 80
43 86
32 75
32 66
77 34
17 54
75 41
75 38
66 23
66 29
66 92
41 15
41 4
23 57
23 60
29 55
15 58
15 52
4 30
58 24
58 95
58 84
24 50
24 61
24 67
61 35
67 33
30 64
30 73
57 14
57 83
14 48
83 46
48 5
5 42
42 16
16 53
34 71
34 68
34 0
71 45
68 25
54 20
54 91
54 11
54 88
54 97
20 63
91 65
25 51
55 81
65 22