64 65 63 74 55 53 43 52 33 41 62 42 51 31 40 85 75 84 86 95 46 47 58 48 61 34 24 15 25 14 16 5 32 76 77 21 11 71 30 50 81 20 60 10 0 70 1 2 80 90 91 92 26 87 88 96 97 98 99 89 79 17 18 6 7 8 9 19 29 12 13 82 83 22 23 72 73 35 36 44 66 56
64 65
64 63
64 74
64 55
65 66
63 53
74 85
74 75
55 46
53 43
53 52
53 44
43 33
52 41
52 62
52 42
33 34
41 51
41 31
41 40
62 72
42 32
51 61
31 21
40 30
40 50
85 84
85 86
85 95
75 76
86 87
95 96
46 47
47 58
58 48
61 71
34 24
34 35
24 15
24 25
24 23
15 14
15 16
15 5
25 26
16 17
5 6
32 22
76 77
21 11
11 12
71 81
30 20
50 60
81 82
20 10
60 70
10 0
0 1
70 80
1 2
80 90
90 91
91 92
87 88
96 97
97 98
98 99
99 89
89 79
17 18
6 7
7 8
8 9
9 19
19 29
12 13
82 83
72 73
35 36
66 56