70 71 27 69 79 68 72 25 20 10 29 28 21 19 12 18 22 2 24 38 39 47 75 82 60 7 84 92 74 88 64 89 33 34 42 46 0 1 98 57 55 58 50 4 9 5 8 6 15 11 26 13 14 23 16 17 44 3 35 49 36 45 37 40 41 43 48 96
70 71
70 27
70 69
71 79
71 68
71 72
27 25
69 84
79 75
79 82
72 74
25 20
25 10
25 29
25 28
25 26
20 21
20 19
20 3
10 12
28 33
21 18
21 22
19 44
12 13
18 2
18 17
22 24
2 0
24 38
38 39
38 47
38 37
39 7
39 40
47 46
75 60
7 5
7 6
7 15
84 92
74 88
74 64
88 89
89 57
33 34
33 35
34 42
34 49
34 36
42 41
42 43
46 48
0 1
0 4
1 98
98 96
57 55
57 58
55 50
4 9
5 8
8 11
15 16
13 14
14 23
49 45