84 90 73 72 85 93 74 75 51 25 91 0 52 54 86 87 76 77 78 79 60 62 56 30 28 14 12 6 92 89 88 82 83 81 80 69 68 43 40 66 67 36 70 71 65 64 39 34 33 44 46 21 18 16 22 10 9 5 2 32 35 37 38 41 42 45 47
84 90
84 73
84 72
90 85
90 93
73 51
85 74
85 75
93 91
93 0
74 52
75 54
51 25
25 12
91 86
91 87
0 92
86 76
86 77
87 78
87 79
76 56
78 60
79 62
60 30
56 28
28 14
12 6
92 89
92 88
89 82
89 83
88 81
88 80
82 69
82 68
83 70
83 71
81 66
81 67
80 65
80 64
69 43
69 42
68 40
68 41
43 21
66 36
66 37
67 39
67 38
36 18
70 44
70 45
71 46
71 47
65 34
65 35
64 33
64 32
33 16
44 22
21 10
18 9
10 5
5 2