49 67 70 44 0 68 58 54 11 20 92 74 26 36 52 16 37 90 39 23 9 29 14 79 42 45 2 83 27 21 31 64 77 22 17 85 89 82 78 96 75 13 71 69 55 50 48 81 19 46 87 86 1 40 4 47 60 57 95 7 65 10 34 15 51 53 61 43 73 80
49 67
49 70
49 7
67 44
70 0
70 68
0 58
0 54
68 2
58 11
58 20
58 92
58 34
54 23
11 74
11 10
20 36
20 52
92 80
74 26
74 73
26 43
36 16
36 37
36 90
52 83
16 53
16 61
37 39
39 31
23 9
23 29
23 65
9 14
9 79
29 42
14 15
14 51
42 45
2 64
83 27
27 21
21 69
31 55
64 77
64 22
64 17
77 85
77 89
22 82
22 78
17 71
82 96
78 75
78 13
75 60
13 57
71 46
55 50
55 48
48 81
81 19
46 87
46 86
87 1
1 40
40 4
40 47
57 95