2 1 4 21 88 3 76 7 9 10 11 6 8 49 12 20 14 51 13 17 50 19 22 15 18 28 26 27 45 55 43 53 35 41 31 40 30 33 64 36 37 54 52 59 47 60 61 62 72 67 66 98 84 70 87 46 63 96 5 42 48 56 69 99 95 83 80 34 75 93
2 76
1 88
1 4
4 11
4 48
21 43
21 20
88 55
3 7
3 10
3 76
3 9
7 49
9 20
9 95
10 14
10 51
11 51
6 5
6 8
8 12
8 49
12 50
13 19
13 75
17 28
17 18
19 15
19 55
22 53
22 55
22 45
15 96
18 27
18 26
18 45
18 93
28 30
26 31
26 40
27 80
55 46
55 63
55 60
53 33
35 36
35 54
41 52
33 64
64 34
64 84
36 59
36 52
37 54
37 69
54 67
52 72
47 42
47 61
60 61
61 62
62 98
72 84
66 70
66 56
98 87
70 83
70 87
87 99