0 23 95 96 70 55 63 1 28 29 30 35 3 2 32 31 33 16 42 11 58 60 59 66 77 92 83 9 34 36 5 71 7 48 47 98 51 17 4 37 8 50 49 10 56 41 76 78 27 44 25 15 6 43 45 90 21 24 22 13 79 19 64 65 85 14 18 72
0 23
23 95
23 96
95 70
95 55
95 63
70 58
70 15
1 28
1 29
1 30
30 35
35 3
3 9
3 34
3 36
2 32
2 31
2 33
2 16
32 42
42 5
42 71
11 58
11 60
11 59
58 66
58 77
60 92
59 83
66 13
66 79
77 36
77 17
77 51
92 56
92 22
83 19
5 41
71 15
7 48
7 47
48 98
47 51
98 24
51 8
17 76
17 78
4 37
4 8
8 50
8 49
10 56
76 27
78 44
78 25
44 6
15 72
6 43
6 45
43 90
90 21
22 14
13 64
13 65
79 18
64 85