0 2 55 1 38 58 28 3 20 4 31 42 59 37 9 11 34 50 29 18 22 25 53 24 27 54 51 35 33 57 44 32 36 40 46 52 49 60 71 62 73 74 83 61 89 79 69 68 85 81 87 91 80 84 78 67 41 64 76 98 72 5 30 19 23 47 21 6
0 71
0 62
0 73
0 74
0 83
0 61
0 89
0 79
0 69
0 68
0 85
0 81
0 80
0 84
0 64
0 98
0 72
0 55
0 2
2 28
55 9
55 25
1 58
1 38
38 19
58 9
3 20
3 6
20 76
20 25
4 31
4 21
31 44
42 49
42 5
42 24
59 36
37 46
37 52
9 67
11 50
11 34
34 29
50 41
50 57
18 22
22 78
22 53
25 23
25 54
25 51
53 57
53 32
24 27
27 57
27 35
27 33
27 47
54 36
51 32
35 30
44 60
32 87
36 91
36 40
46 49
52 60