0 34 27 17 26 31 2 3 4 21 5 20 19 18 23 60 7 6 8 61 58 9 24 22 55 57 62 25 13 10 11 36 39 16 28 29 44 43 42 41 49 54 53 70 59 63 64 69 79 75 66 84 67 89 80 77 94 81 93 82
0 34
34 27
27 17
27 26
27 31
17 16
26 18
26 28
26 29
2 3
3 4
4 21
4 5
4 20
21 23
5 60
5 7
5 6
5 8
19 18
18 23
23 24
23 22
60 61
7 58
8 9
61 59
58 55
58 57
58 62
24 25
55 54
62 70
25 13
13 10
13 11
11 36
36 39
29 44
29 43
43 42
42 41
49 54
54 53
70 79
59 63
63 64
64 69
69 75
69 66
79 80
75 84
66 67
84 89
80 77
80 94
77 81
94 93
81 82