0 16 98 31 2 54 11 44 41 7 19 57 28 8 34 52 39 29 13 27 51 35 32 21 59 66 22 37 23 63 26 64 40 67 42 38 58 49 47 92 82 73 97 75 88 83 78 74 71 81 72 89 93 48 25 17 50 84 91 1 10 43 46 15 3 24
0 92
0 82
0 73
0 97
0 75
0 88
0 83
0 78
0 74
0 71
0 81
0 72
0 89
0 84
0 98
0 91
0 16
16 35
16 15
98 47
31 26
31 1
2 17
2 54
54 32
11 19
11 3
44 49
44 19
41 34
41 63
7 57
7 19
7 28
57 66
28 29
28 67
8 34
8 25
8 52
52 35
52 37
39 40
29 10
13 51
13 27
27 40
51 48
51 32
32 23
21 59
21 66
59 58
22 23
22 37
37 42
37 93
37 43
63 24
26 64
64 38
67 50
42 46
38 58
49 47