54 69 64 90 50 49 23 97 78 35 27 11 52 14 40 20 67 41 96 9 55 92 10 17 60 85 48 76 42 81 0 84 57 83 80 66 58 36 68 72 75 28 82 26 37 3 74 44 2 65 61 93 13 86 38 87 39 4 43 46
54 69
54 64
54 90
54 50
69 49
69 23
69 97
64 78
90 35
90 27
90 11
90 52
90 14
90 40
90 20
50 67
23 76
23 42
97 81
78 0
78 84
35 9
27 41
27 96
52 55
52 92
14 10
96 17
96 60
96 85
9 48
55 36
55 68
10 26
17 57
17 83
17 80
85 66
85 58
0 74
0 44
80 13
36 72
68 75
68 28
68 82
75 37
75 3
74 86
74 61
44 4
44 43
2 65
65 61
65 93
61 87
86 38
87 39
4 46