0 14 22 25 40 3 48 44 38 5 7 6 29 18 31 61 8 42 9 10 43 11 51 59 34 47 53 23 24 33 46 37 58 35 60 56 86 84 97 98 82 96 83 72 68 73 85 62 87 65 74 64 66 67 80 79 81 17 76 91 89 90 21 15 50 52 12 54 39
0 86
0 84
0 97
0 98
0 82
0 96
0 83
0 72
0 73
0 85
0 62
0 87
0 65
0 74
0 64
0 14
0 81
0 91
0 22
0 89
0 90
14 34
14 38
14 54
22 79
22 53
25 5
25 6
25 50
40 21
40 11
3 48
3 44
48 56
44 31
44 35
44 53
38 17
5 66
5 7
5 15
5 52
5 39
7 67
7 18
7 31
7 61
6 29
18 76
31 8
61 9
8 68
8 42
9 10
10 43
43 24
11 51
51 24
59 34
59 12
47 35
53 23
23 80
24 33
33 58
46 58
37 35
60 56