56 51 50 52 55 57 49 48 59 60 62 53 47 63 46 67 64 65 68 69 72 45 44 43 42 41 40 39 38 37 36 35 34 73 74 33 75 76 77 79 80 81 82 83 32 84 85 31 30 29 27 25 26 24 23 22 19 86 87 88 89 90 91 92 93 94 95 96 97 98 18 17 13 12 10 14 9 0 2 5 15 7 3
56 51
51 50
51 52
50 49
50 59
52 55
52 53
55 57
49 48
48 47
59 60
60 62
62 63
62 64
47 46
63 67
46 45
67 68
64 65
68 69
69 72
72 73
45 44
44 43
43 42
42 41
41 40
40 39
39 38
38 37
37 36
36 35
35 34
34 33
73 74
74 75
33 32
75 76
75 77
77 79
79 80
80 81
81 82
82 83
83 84
32 31
84 85
85 86
31 30
30 29
29 27
27 25
25 26
25 24
24 23
23 22
22 19
19 18
86 87
87 88
88 89
89 90
90 91
91 92
92 93
93 94
94 95
95 96
96 97
97 98
18 17
17 13
13 12
12 10
12 14
10 9
14 15
9 0
0 2
2 5
2 3
5 7