0 26 27 25 28 95 93 42 9 52 54 32 15 70 71 72 63 57 30 5 1 50 23 22 43 29 59 36 83 19 98 91 4 38 39 37 44 8 11 3 47 73 2 31 33 35 14 67 96 34 76 17 7 16 48 6 40 41 55 21 20 86 87 49 66 74 18 13 12 65
0 26
0 27
0 25
26 28
27 95
27 93
25 42
28 1
28 50
95 23
93 22
93 43
42 5
9 52
9 54
52 32
32 2
15 70
15 71
15 72
70 63
71 57
72 30
63 12
30 1
30 83
5 40
5 41
1 29
50 8
23 96
22 91
43 6
29 59
29 36
59 11
36 3
36 47
36 73
83 19
83 98
4 38
4 39
4 37
37 44
44 6
8 49
8 18
3 35
3 34
47 67
47 7
73 16
2 31
2 33
33 35
14 67
34 76
76 17
17 21
7 48
16 74
40 55
55 66
20 86
20 87
86 49
66 13
13 65