0 21 25 27 1 6 28 29 14 32 3 10 35 36 4 13 39 8 44 45 11 48 49 50 55 56 59 22 23 64 24 67 18 73 19 79 80 81 82 83 88 89 90 91 93 95 96 99 92 84 51 65 98 66 34 2 43 38 57
0 25
0 27
21 90
21 88
21 89
25 89
27 32
1 29
1 28
6 44
6 45
6 43
28 39
28 48
29 96
14 67
32 2
3 34
3 35
3 36
10 57
10 55
35 81
36 39
4 39
4 38
13 65
13 64
13 66
8 51
8 50
8 49
44 82
45 56
11 59
49 67
50 80
55 93
56 93
59 95
22 92
22 93
22 91
23 95
23 96
64 79
24 98
24 99
18 79
18 80
18 81
73 82
19 84
19 82
81 91
83 88
83 99
90 93