2 1 4 5 8 9 12 11 20 22 23 21 26 29 32 34 31 33 35 37 39 42 43 44 40 41 45 49 47 48 56 59 55 58 57 62 63 64 66 73 70 74 77 79 75 81 83 84 80 82 87 88 85 89 86 91 94 90 98 78 15 50 24 46 69
2 4
2 1
4 48
5 8
5 9
5 55
9 89
12 11
11 63
20 23
20 22
20 87
22 21
23 73
21 24
21 82
26 75
26 29
32 33
32 34
34 31
31 98
33 81
33 49
35 37
35 39
37 43
39 50
42 62
42 75
43 44
44 40
40 41
41 84
45 46
45 48
45 49
47 70
47 48
56 90
56 57
56 59
59 58
55 58
57 64
62 74
63 64
66 91
66 69
73 15
70 74
77 86
77 79
75 78
81 80
83 84
83 82
83 80
87 88
88 85
85 89
85 86
91 90
91 94