0 35 42 13 1 18 2 11 3 30 9 33 6 61 50 7 8 10 39 28 12 64 14 47 51 16 58 17 44 36 25 29 31 43 45 32 49 55 59 97 80 82 76 91 22 75 69 93 68 66 67 24 77 87 88 99 70 85 90 98 74 96 78 21 81 62 46 4 94 53 57 63
0 97
0 80
0 82
0 91
0 75
0 68
0 66
0 67
0 77
0 87
0 88
0 99
0 85
0 90
0 74
0 96
0 78
0 35
0 81
0 46
0 94
0 42
0 13
35 53
42 98
42 62
42 50
13 12
1 18
18 76
18 36
18 39
18 57
2 3
2 11
11 28
3 30
30 24
30 17
30 43
30 7
9 70
9 50
9 4
33 55
33 8
6 69
6 50
6 61
61 58
61 36
61 59
8 10
10 39
12 64
14 51
14 47
51 29
16 58
58 22
58 25
17 44
44 21
44 32
36 93
25 63
29 31
31 45
43 59
45 55
32 49