49 59 56 57 58 46 47 48 50 51 52 53 54 55 0 91 90 40 39 38 41 42 37 36 35 60 61 62 63 64 45 65 34 33 66 32 31 30 29 28 27 26 25 24 23 22 21 20 19 18 17 16 15 14 13 12 11 80 79 78 77 76 72 73 1 2 3 4 5 6 69 70 81 82 92 94 95 7 8
49 59
49 56
49 57
49 58
49 46
49 47
49 48
49 50
49 51
49 52
49 53
49 54
49 55
59 0
0 91
0 45
0 1
91 90
90 40
40 39
40 41
39 38
38 37
41 42
37 36
36 35
35 60
35 34
60 61
61 62
61 80
62 63
63 64
64 65
64 69
65 66
34 33
33 32
32 31
31 30
30 29
29 28
28 27
27 26
26 25
25 24
24 23
23 22
22 21
21 20
20 19
19 18
18 17
17 16
16 15
15 14
14 13
13 12
12 11
80 79
79 78
78 77
77 76
76 72
72 73
1 2
2 3
3 4
4 5
5 6
6 7
69 70
70 81
81 82
82 92
92 94
94 95
7 8