79 67 69 78 85 76 65 66 68 70 71 72 73 74 75 77 96 99 91 17 53 13 1 55 58 56 57 61 62 4 3 2 8 16 50 51 52 54 63 64 0 6 19 20 11 14 15 12 18 95 97 92 29 21 22 23 24 25 26 27 28 30 89 83 80 31 32 33 34 35 36 37 38 39 40 5 7 9 10 59 60
79 67
79 69
79 78
69 85
78 76
78 65
78 66
78 68
78 70
78 71
78 72
78 73
78 74
78 75
78 77
85 96
85 99
85 91
76 17
96 95
99 97
91 92
17 53
17 13
17 1
53 55
53 58
53 56
53 57
53 61
53 62
13 4
1 3
1 2
1 8
1 16
55 50
55 51
55 52
55 54
55 63
55 64
4 0
4 6
4 19
3 20
3 11
3 14
2 15
2 12
2 18
50 59
50 60
19 5
20 29
20 21
20 22
20 23
20 24
20 25
20 26
20 27
20 28
14 7
14 9
18 10
92 89
92 83
29 30
30 31
89 80
31 32
32 33
33 34
34 35
35 36
36 37
37 38
38 39
39 40