0 26 27 25 5 49 32 93 43 15 23 1 28 29 34 51 66 37 11 59 2 33 31 42 75 57 64 63 73 6 8 39 22 50 85 3 13 24 18 81 80 10 98 35 14 67 92 55 56 53 61 90 7 47 9 88 20 12 21 76 89 78 91 19 40 36 60 16 74
0 26
0 27
0 25
0 5
27 49
27 32
27 93
25 43
5 15
5 23
49 8
32 2
32 42
32 75
93 59
93 39
93 22
43 6
1 28
1 29
28 34
28 51
29 66
29 37
34 3
51 8
51 85
66 13
11 59
2 33
2 31
33 57
33 64
33 63
33 73
31 40
42 36
42 60
57 10
57 98
73 16
8 50
22 92
22 91
85 20
3 35
24 18
18 81
18 80
80 47
80 88
10 55
10 56
14 67
67 92
55 53
55 61
55 90
53 9
61 12
90 21
90 76
7 47
88 21
20 19
21 89
89 78
16 74