0 1 99 2 98 97 96 95 3 4 5 6 94 7 8 9 10 11 12 13 93 14 15 92 91 16 17 90 89 18 88 19 20 21 87 86 22 23 85 24 25 26 84 27 83 28 82 29 81 30 31 32 33 34 80 35 79 78 36 77 76 37 75 38 74 39 73 40 41 72 42 43 44 45 46 47 48 49 50 51 52 71 70 53 69 68 54 67 66 55 65 64 56 63 57 62 58 61
0 1
1 99
1 2
99 98
2 3
98 97
97 96
96 95
95 94
3 4
4 5
5 6
6 7
94 93
7 8
8 9
9 10
10 11
11 12
12 13
13 14
93 92
14 15
15 16
92 91
91 90
16 17
17 18
90 89
89 88
18 19
88 87
19 20
20 21
21 22
87 86
86 85
22 23
23 24
85 84
24 25
25 26
26 27
84 83
27 28
83 82
28 29
82 81
29 30
81 80
30 31
31 32
32 33
33 34
34 35
80 79
35 36
79 78
78 77
36 37
77 76
76 75
37 38
75 74
38 39
74 73
39 40
73 72
40 41
41 42
72 71
42 43
43 44
44 45
45 46
46 47
47 48
48 49
49 50
50 51
51 52
52 53
71 70
70 69
53 54
69 68
68 67
54 55
67 66
66 65
55 56
65 64
64 63
56 57
63 62
57 58
62 61