23 9 65 14 51 54 0 70 58 11 74 20 36 49 67 16 92 26 43 42 29 45 79 37 39 52 83 27 68 90 73 31 55 50 48 81 19 21 69 2 64 22 77 82 78 17 85 71 46 87 1 40 4 86 89 75 47 13 57 60 96 95
23 9
23 65
23 54
9 14
9 79
14 51
54 0
0 70
0 58
70 49
70 68
58 11
58 20
58 92
11 74
74 26
74 73
20 36
20 52
36 16
36 37
36 90
49 67
26 43
43 42
42 29
42 45
37 39
39 31
52 83
83 27
27 21
68 2
31 55
55 50
55 48
48 81
81 19
21 69
2 64
64 22
64 77
64 17
22 82
22 78
77 85
77 89
82 96
78 75
78 13
17 71
71 46
46 87
46 86
87 1
1 40
40 4
40 47
75 60
13 57
57 95