0 67 2 3 4 13 47 1 5 73 12 11 16 7 39 20 22 23 30 90 89 24 51 32 96 17 44 42 18 53 10 92 8 15 6 21 19 46 33 82 29 52 34 27 38 63 40 65 48 37 49 75 81 69 93 70 71 88 85 98 60 97 54 55 84 57 58 83
0 67
67 17
67 6
67 57
2 3
2 4
2 13
2 47
3 20
3 22
4 1
13 21
47 81
1 5
1 16
1 7
1 39
5 73
5 12
5 11
16 18
16 53
7 32
7 96
39 15
39 38
39 63
20 82
22 46
23 30
23 90
23 89
23 24
23 51
30 29
89 88
32 10
32 29
32 52
17 44
17 42
18 6
10 92
10 8
92 34
92 70
92 71
8 33
21 19
46 48
34 27
27 37
63 54
63 84
63 65
40 65
48 49
49 75
69 93
93 70
88 85
98 60
98 97
60 54
54 55
57 58
58 83