69 70 68 71 72 67 61 60 26 77 20 5 4 3 88 6 64 0 73 76 78 99 98 25 27 33 32 84 21 34 59 87 22 19 97 58 28 29 35 36 89 90 50 51 42 45 41 40 10 79 80 52 18 57 96 49 37 95 53 56 46 17 16 15 14 94 13
69 70
69 68
70 71
68 67
71 72
71 26
72 61
72 73
72 99
72 33
67 77
67 5
61 60
60 20
60 59
26 25
26 27
77 76
77 78
20 21
20 19
5 4
5 6
4 3
4 88
3 0
88 87
88 89
6 64
78 79
99 98
98 97
27 28
33 32
33 34
32 84
21 22
34 35
59 58
19 18
97 96
58 57
28 29
35 36
36 37
89 90
90 50
90 45
50 51
50 49
51 42
51 52
42 41
45 46
41 40
40 10
79 80
52 53
18 17
57 56
96 95
95 94
17 16
16 15
15 14
14 13