0 26 25 27 48 75 84 62 39 45 7 59 70 92 56 16 19 12 4 6 46 47 1 88 69 33 40 30 29 11 15 22 21 14 2 64 5 37 38 34 10 73 74 17 63 44 31 32 99 57 35 60 58 20 42 49 8 51 89 68 72 91 9 52 53 66
0 26
0 25
0 27
26 48
25 75
25 84
27 62
27 39
27 45
48 7
48 59
48 70
48 92
75 56
75 16
84 19
62 12
39 4
45 6
7 46
7 47
7 1
59 11
70 15
92 22
56 34
56 10
16 73
16 74
19 17
12 63
4 37
4 38
6 44
46 88
46 69
47 33
47 40
1 30
1 29
88 21
69 14
33 2
33 64
40 5
11 60
11 58
11 20
15 72
22 91
21 89
14 68
2 31
2 32
5 42
10 57
73 53
32 99
35 60
42 49
49 8
8 51
9 52
9 53
53 66