1 2 3 4 6 7 9 10 12 13 14 15 16 18 20 21 22 23 24 25 26 27 30 32 34 36 45 47 51 54 62 64 66 70 72 74 76 77 79 94 97 96 29 40 83 84 39 82 28 52 63 19 53 93 17 88 42 0 49 68 86 56 37 41 81 98
1 23
1 32
1 36
2 14
2 12
2 37
3 40
3 39
3 9
3 13
4 18
4 42
4 41
6 21
6 45
7 29
7 27
7 47
9 28
9 52
9 51
10 53
10 54
10 20
12 18
13 24
13 25
14 62
15 63
15 64
16 66
16 32
18 25
18 70
20 26
20 74
21 76
22 77
22 17
23 27
23 30
23 79
24 82
24 32
24 81
25 83
25 84
26 86
27 88
30 93
30 94
32 97
32 98
34 36
34 0
45 47
51 49
54 56
62 64
66 68
70 72
72 19
74 76
77 79
94 96