47 15 45 50 44 43 42 16 14 51 41 17 18 19 20 13 52 12 53 54 11 40 10 39 21 22 55 56 9 8 57 23 24 38 58 37 7 25 6 5 4 3 2 36 35 1 0 69 59 68 60 26 27 34 33 61 28 29 30 67 66 62 65
47 15
15 45
15 50
15 16
15 14
45 44
50 51
44 43
43 42
42 41
16 17
14 13
51 52
41 40
17 18
18 19
19 20
20 21
13 12
52 53
12 11
53 54
54 55
11 10
40 39
10 9
39 38
21 22
22 23
55 56
56 57
9 8
8 7
57 58
23 24
24 25
38 37
58 59
37 36
7 6
25 26
6 5
5 4
4 3
3 2
2 1
36 35
35 34
1 0
0 69
69 68
59 60
68 67
60 61
26 27
27 28
34 33
61 62
28 29
29 30
67 66
66 65