77 76 79 74 80 73 72 71 70 69 67 62 68 60 65 61 59 66 63 58 56 55 54 57 53 51 48 52 82 83 47 49 46 44 43 45 42 40 39 37 41 35 38 34 33 36 31 30 32 29 26 25 24 23 27 22 20 21 19 16 14 18 12 10 8 7 3 6 1 84 85 87 88 89 92 94 95 98 28 50 64
77 76
77 79
76 74
79 80
74 73
80 82
73 72
72 71
71 70
70 69
69 67
67 62
67 68
62 60
62 65
60 61
60 59
65 66
61 63
59 58
63 64
58 56
56 55
55 54
55 57
54 53
53 51
51 48
51 52
48 47
48 49
82 83
83 84
47 46
46 44
44 43
44 45
43 42
42 40
40 39
39 37
39 41
37 35
37 38
35 34
38 50
34 33
34 36
33 31
31 30
31 32
30 29
29 26
26 25
25 24
24 23
24 27
23 22
27 28
22 20
22 21
20 19
19 16
16 14
16 18
14 12
12 10
10 8
8 7
7 3
7 6
3 1
84 85
85 87
87 88
88 89
89 92
92 94
94 95
95 98