0 23 36 82 68 86 66 80 84 74 94 71 93 63 95 70 72 92 96 73 67 88 97 83 61 62 64 65 69 75 76 77 78 79 81 85 87 89 90 91 98 99 54 1 56 57 19 13 15 3 40 8 32 9 53 17 59 25 29 31 16 24 52 18 60 20 43 21 50
0 23
0 36
0 82
0 68
0 86
0 66
0 80
0 84
0 74
0 94
0 71
0 93
0 63
0 95
0 70
0 72
0 92
0 96
0 73
0 67
0 88
0 97
0 83
0 61
0 62
0 64
0 65
0 69
0 75
0 76
0 77
0 78
0 79
0 81
0 85
0 87
0 89
0 90
0 91
0 98
0 99
23 54
54 1
54 56
54 57
54 19
56 18
56 60
19 15
19 52
19 17
13 15
15 31
3 40
3 8
40 32
32 9
9 53
53 17
59 25
59 29
25 50
31 16
31 24
24 21
20 43
43 21
21 50