0 1 2 5 7 8 10 25 12 11 13 14 15 16 18 19 20 23 24 27 29 32 33 34 35 38 39 40 42 44 46 47 70 50 55 57 60 75 62 63 64 65 66 68 69 71 73 74 79 82 83 84 85 88 92 96 97 98 9 4 28 37 43 3 6 17 22 30 31 36 41 48 72 26 21 49 45
0 4
0 2
0 1
1 98
2 68
2 18
5 6
5 7
5 8
7 15
7 39
8 11
10 9
10 12
10 25
25 28
25 20
25 27
25 26
12 11
12 13
13 14
14 23
14 24
15 16
16 18
18 17
19 20
19 44
20 3
20 21
23 22
24 38
27 70
29 30
29 31
29 32
32 35
33 34
33 35
34 42
34 36
34 49
38 37
38 47
39 40
40 42
42 43
42 41
44 45
46 47
46 48
70 69
70 71
50 55
55 57
57 65
60 62
60 75
62 63
63 64
64 73
64 74
65 66
66 68
71 79
73 72
74 88
79 82
82 85
83 84
83 85
84 92
88 97
96 97
96 98