2 6 7 8 9 11 12 13 14 15 16 18 19 20 21 22 23 25 26 27 28 29 30 32 33 34 35 36 37 39 40 41 42 43 44 46 47 48 49 50 51 53 54 55 56 57 58 60 61 62 63 64 65 67 68 69 70 71 72 74 75 76 77 78 79 81 82 83 84 85 86 88 89 90 91 92 93 95 96 97 98 31 38 45 52 59 66 73 80
2 6
6 7
7 8
8 11
9 13
9 12
11 12
13 14
14 15
15 18
16 20
16 19
18 19
20 21
21 22
22 25
23 27
23 26
25 26
27 28
28 29
28 31
29 32
30 34
30 33
32 33
34 35
35 36
35 38
36 39
37 41
37 40
39 40
41 42
42 43
42 45
43 46
44 48
44 47
46 47
48 49
49 50
49 52
50 53
51 55
51 54
53 54
55 56
56 57
56 59
57 60
58 62
58 61
60 61
62 63
63 64
63 66
64 67
65 69
65 68
67 68
69 70
70 71
70 73
71 74
72 76
72 75
74 75
76 77
77 78
77 80
78 81
79 83
79 82
81 82
83 84
84 85
85 88
86 90
86 89
88 89
90 91
91 92
92 95
93 97
93 96
95 96
97 98