0 15 26 27 17 18 2 31 3 6 34 36 4 10 37 38 5 40 41 42 12 43 44 48 8 49 50 9 52 53 55 56 57 11 58 59 60 61 23 72 77 24 80 90 22 93 94 95 97 99 25 71 87 54 96 91 92 45 33 64 51 39 76
0 25
0 27
0 26
15 71
15 72
26 36
27 57
27 43
17 77
17 76
18 80
2 31
2 33
31 97
3 36
3 34
6 45
6 43
6 44
34 94
4 38
4 37
4 39
10 55
10 56
10 57
37 53
38 72
38 58
5 41
5 42
5 40
40 58
41 90
42 61
12 61
44 97
48 60
8 51
8 49
8 50
49 99
50 56
9 53
9 54
9 52
52 55
11 58
11 59
11 60
58 93
59 64
23 95
23 96
23 94
72 87
77 80
24 99
80 95
22 91
22 93
22 92