0 57 55 76 98 1 39 45 7 3 47 46 28 6 68 31 9 25 11 67 21 13 53 41 14 56 44 26 64 19 27 69 51 65 32 38 63 62 92 78 99 97 83 89 77 70 91 74 93 94 79 88 40 87 4 60 16 61 35 12 24 42 2 15 52 5 23 20
0 92
0 78
0 99
0 97
0 83
0 89
0 77
0 70
0 91
0 74
0 93
0 94
0 79
0 98
0 88
0 76
0 87
0 61
0 55
0 57
57 21
55 42
76 9
98 38
1 45
1 39
39 32
45 46
45 24
45 68
7 31
7 46
7 2
3 47
47 64
47 63
46 4
46 25
46 19
46 52
28 19
28 41
28 5
6 68
9 25
11 67
11 20
67 38
21 12
21 14
13 41
13 53
53 63
53 23
14 56
56 62
44 15
44 27
26 16
26 65
19 40
19 69
19 27
69 51
65 60
65 62
32 35