0 1 3 4 5 6 7 8 9 11 12 13 15 17 18 19 20 21 24 25 27 28 29 30 32 42 46 48 54 56 68 69 70 71 74 82 84 89 91 93 95 83 35 47 39 64 97 23 44 73 67 22 2 14 66 98 31 58 50 90 87 10 76 52 60 75 72 63 88
0 3
0 21
1 35
1 12
1 18
3 39
4 19
4 9
4 42
5 15
5 25
6 22
6 46
7 47
7 48
7 19
8 50
8 9
9 52
11 30
11 56
11 21
12 58
13 27
13 60
15 64
15 63
17 67
17 24
17 68
18 25
18 14
18 69
18 70
19 20
19 71
20 74
20 73
20 30
21 75
24 82
25 83
25 27
25 84
25 29
27 87
27 88
28 89
28 90
28 32
29 2
29 91
30 23
30 93
32 97
32 98
42 44
46 48
54 56
54 10
68 66
69 71
70 72
74 76
82 84
89 91
93 95
95 31