0 34 77 71 68 43 25 86 17 6 54 49 32 35 61 24 45 11 46 83 57 4 30 73 64 38 75 41 15 58 5 48 42 14 16 53 51 66 23 29 92 33 67 80 20 88 91 63 65 55 81 50 84 47 60 95 52 97 22
0 34
34 77
34 71
34 68
77 43
68 25
43 86
43 17
43 6
25 51
17 54
6 49
6 32
54 11
54 80
54 20
54 88
54 91
32 75
32 66
35 61
61 24
24 67
24 50
45 11
46 83
83 57
57 23
4 30
30 73
30 64
64 38
38 75
75 41
41 15
15 58
58 84
58 95
5 48
5 42
48 14
42 16
14 51
16 53
66 23
66 29
66 92
23 60
92 55
33 67
20 63
91 65
63 97
65 22
55 81
50 84
84 47
95 52