89 0 30 61 63 66 74 76 97 98 86 75 71 70 87 73 94 65 67 68 69 72 77 78 79 80 81 82 83 84 85 88 90 91 92 93 95 96 99 21 26 3 25 10 2 12 42 27 6 28 11 45 36 59 20 33 5 48 15 64 18 23 16 7 9 43 58
89 0
89 30
0 61
0 63
0 66
0 74
0 76
0 97
0 98
0 86
0 75
0 71
0 70
0 87
0 73
0 94
0 65
0 67
0 68
0 69
0 72
0 77
0 78
0 79
0 80
0 81
0 82
0 83
0 84
0 85
0 88
0 90
0 91
0 92
0 93
0 95
0 96
0 99
30 21
61 26
61 3
63 25
63 10
66 2
74 12
98 42
86 27
70 6
87 28
73 11
21 9
26 45
3 36
25 59
25 20
25 33
2 15
42 23
27 7
45 48
36 18
20 5
48 43
15 64
23 16
43 58