3 5 6 7 9 10 12 13 15 17 18 19 21 22 24 25 27 28 30 31 33 34 36 37 39 40 42 43 45 47 48 50 51 52 54 55 57 58 60 61 63 65 66 68 69 70 72 74 75 77 78 79 81 83 84 85 87 88 90 92 93 94 96 38 35 56 46 1 53 29 44 64 97 73 32 67 41 62 49 59 71 23 26
3 1
3 5
5 6
6 7
7 9
9 10
10 12
12 13
13 15
15 17
17 18
18 19
19 21
21 22
22 24
24 25
24 23
24 26
25 27
27 28
28 30
30 31
30 29
31 33
33 34
33 32
34 36
36 37
36 38
36 35
37 39
39 40
40 42
42 43
42 41
43 45
45 46
45 44
45 47
47 48
48 50
48 49
50 51
51 52
52 54
54 53
54 55
55 57
57 56
57 58
57 59
58 60
60 61
60 62
61 63
63 65
63 64
65 66
66 68
68 69
69 67
69 70
69 71
70 72
72 74
74 75
75 73
75 77
77 78
78 79
79 81
81 83
83 84
84 85
85 87
87 88
88 90
90 92
92 93
93 94
94 96
96 97