3 7 11 12 15 16 13 17 20 21 22 23 24 26 27 25 29 30 28 31 34 35 33 39 36 40 41 42 45 46 47 48 50 53 54 57 61 62 60 66 63 69 73 74 75 76 78 79 82 86 87 85 91 88 92 97 52 58 55 37 70 65 59 38 51 4 56 32 95 44 49 43
3 7
7 12
7 4
11 16
11 15
12 13
12 17
16 20
17 21
20 23
21 22
22 24
23 26
24 27
26 25
27 28
25 29
29 30
30 31
30 34
30 35
28 31
34 33
34 39
35 40
35 36
33 38
33 32
39 42
36 41
40 45
41 37
42 46
45 44
45 47
46 48
46 43
47 49
48 50
50 53
53 52
53 57
54 55
54 51
54 57
57 62
57 58
57 56
57 61
61 66
61 60
61 65
62 63
60 59
66 70
66 69
69 73
73 75
74 76
75 78
76 79
78 82
79 82
82 86
82 87
86 91
86 85
87 88
87 92
91 95
92 97