10 21 1 23 30 6 3 22 11 34 35 4 13 38 9 40 43 45 7 46 51 54 55 58 19 65 14 67 68 69 17 76 77 24 83 84 88 89 90 91 94 95 98 99 52 62 29 97 44 59 28 93 47 36 27 53 78 82 48 57 66
10 57
10 55
21 90
21 89
21 88
1 29
1 30
1 28
23 95
23 94
30 94
6 45
6 43
6 44
3 36
3 35
3 34
22 93
22 91
11 58
11 59
34 43
34 27
35 68
35 40
4 38
13 65
13 66
38 45
9 53
9 54
7 47
7 46
7 48
46 76
51 98
54 98
54 84
55 89
58 83
19 83
19 82
19 84
65 88
65 91
14 67
14 69
14 68
67 90
67 99
69 77
17 77
17 78
17 76
24 98
24 97
24 99
83 95
89 62
91 52