0 1 10 11 2 22 20 12 21 3 13 33 32 31 4 43 42 50 94 49 59 5 52 74 47 25 9 8 7 6 19 29 39 18 27 15 48 88 89 77 79 87 69 66 90 91 92 80 70 93 84 60 51 53 62 35 37 65 36 26 34 14 86 68 38 28 30 24 23 16 17
0 10
0 1
1 2
1 11
10 20
11 22
2 3
2 12
22 32
22 33
22 23
22 21
20 30
12 13
21 31
3 4
13 14
33 43
33 34
32 42
4 5
42 52
50 51
50 60
94 93
94 84
49 48
49 39
49 59
59 69
5 15
5 6
52 62
52 53
52 51
74 84
47 48
25 35
25 15
25 24
9 19
9 8
8 18
8 7
7 17
7 6
6 16
19 29
29 28
29 39
39 38
18 27
27 37
27 36
27 26
88 77
88 89
89 79
77 66
77 87
79 69
87 86
69 68
66 65
90 80
90 91
91 92
92 93
80 70
70 60