0 1 3 4 5 6 7 8 10 11 12 13 15 16 17 18 21 23 25 26 28 29 30 31 32 45 47 49 50 53 55 63 66 69 71 74 76 79 80 84 85 89 90 92 94 96 59 19 78 22 67 20 24 86 40 64 68 65 77 57 82 39 87 56
0 6
0 24
1 31
3 40
3 26
3 39
4 5
4 7
5 22
5 8
5 28
6 45
7 47
8 50
8 49
10 15
10 53
11 17
11 28
11 23
11 55
11 56
12 18
12 30
12 25
12 57
13 59
13 25
13 26
15 64
15 63
16 23
16 65
16 66
17 67
18 69
21 76
21 29
23 79
23 26
23 80
25 84
26 86
26 85
28 89
28 90
29 92
30 32
30 94
31 96
45 47
53 55
66 68
69 71
71 19
74 20
74 76
79 77
80 78
84 82
85 87
90 92
94 96