0 1 3 4 6 9 10 11 12 14 15 16 18 19 21 23 24 26 27 29 31 32 33 35 40 41 46 51 57 61 63 65 67 80 82 84 85 93 95 98 7 87 28 49 20 53 30 48 79 39 97 36 86 78 42 88 25 17 43 34 38 58 52 59
0 21
0 34
0 33
1 3
1 24
1 36
1 35
3 40
3 39
4 27
4 41
4 42
6 46
6 26
9 15
9 51
9 52
10 53
10 14
11 26
11 12
11 31
12 57
12 32
12 58
14 61
14 21
15 63
16 20
16 27
16 65
18 7
18 29
18 31
18 27
19 24
23 31
23 79
23 80
24 26
24 82
26 86
26 85
27 88
29 28
31 95
32 98
32 97
33 35
40 38
41 43
46 48
51 49
57 59
61 63
65 67
67 17
80 78
82 84
84 25
85 87
93 30
93 95