68 14 69 67 21 66 13 64 65 16 77 34 17 38 98 76 78 4 29 97 39 37 1 59 32 30 28 15 2 47 11 52 74 9 26 81 54 5 53 35 57 50 3 43 93 0 27 6 25 44 56 92 7 42 58 10 22 48 46 33 24 60 99 95
68 14
14 69
14 67
14 21
69 66
66 13
13 64
13 65
13 16
64 77
64 34
77 17
77 38
77 98
17 76
17 78
38 4
38 29
38 97
76 95
4 39
4 37
29 1
29 59
29 32
97 24
1 30
1 28
1 15
1 2
59 47
59 11
30 52
30 74
28 43
28 93
2 33
47 92
47 7
11 60
52 9
52 26
52 81
9 54
9 5
9 53
26 0
54 35
5 42
35 57
35 50
35 3
57 10
0 27
0 6
0 25
6 44
44 56
92 22
7 48
7 46
42 58
24 99