0 25 27 3 28 16 34 36 4 10 37 39 20 6 15 43 44 45 7 9 47 8 18 49 50 51 52 24 56 57 11 59 22 64 71 73 74 80 81 86 87 21 89 91 93 96 97 99 98 35 90 62 55 79 75 72 1 92 70 53 46
0 27
0 25
25 39
27 52
3 35
3 34
3 36
28 34
28 1
16 73
16 75
16 74
36 64
36 45
4 39
4 37
10 55
10 57
10 56
37 74
20 87
20 86
6 43
6 45
6 44
15 72
15 71
15 70
43 93
44 73
45 97
7 47
7 46
9 52
9 53
47 71
8 51
8 50
8 49
18 80
18 79
18 81
49 89
50 81
51 96
24 97
24 99
56 80
57 62
11 59
59 86
22 91
22 93
22 92
71 81
81 99
87 91
21 90
21 89
93 98