0 10 77 1 40 62 3 13 56 5 24 6 39 53 33 9 60 58 11 46 49 47 20 15 35 16 18 21 54 38 25 26 57 28 29 61 64 31 50 41 42 44 67 85 89 96 79 70 98 75 68 91 80 71 86 76 83 69 82 74 32 81 72 43 4 94 90 66 55 63 30 59 7
0 67
0 85
0 89
0 96
0 79
0 70
0 98
0 68
0 91
0 77
0 71
0 86
0 76
0 83
0 69
0 82
0 74
0 81
0 72
0 90
0 10
10 3
77 16
1 40
40 56
62 49
62 31
3 13
3 66
13 75
13 20
13 47
13 63
56 4
56 26
56 18
5 24
24 49
6 53
6 39
39 16
53 28
53 25
33 50
33 43
33 20
33 7
9 58
9 60
60 31
58 61
11 49
11 46
46 44
47 30
20 80
20 55
20 54
15 35
35 28
18 59
21 38
54 26
38 29
25 32
26 57
57 41
29 64
29 61
64 50
50 42
41 94