14 21 7 1 22 29 30 2 4 31 33 3 34 36 6 5 38 13 24 40 12 43 44 46 47 8 16 50 9 15 52 53 10 57 11 58 59 61 65 67 69 70 73 75 17 77 78 88 93 95 98 55 68 56 28 89 76 66 39 49 32 64 48 62 54 41 42 51
14 68
14 69
14 67
21 89
21 88
7 46
7 47
7 48
1 30
1 28
1 29
22 93
29 73
29 93
30 47
2 33
2 32
2 31
4 39
4 38
31 50
31 78
33 69
3 36
3 34
34 61
36 95
6 43
6 44
5 40
5 41
5 42
38 98
38 52
13 66
13 65
13 64
24 98
40 47
12 61
12 62
43 65
44 59
46 78
47 57
8 50
8 49
8 51
16 73
16 75
9 52
9 53
9 54
15 70
53 75
10 55
10 56
10 57
11 59
11 58
58 95
65 67
70 77
17 76
17 78
17 77
77 88