8 7 9 19 29 18 39 28 17 49 38 27 59 36 48 69 58 35 47 79 68 57 89 78 99 77 86 98 46 45 51 44 50 52 43 40 60 53 30 41 70 61 20 31 80 62 10 21 22 32 73 81 90 82 91 11 0 12 1 23 54 55 26 65 83 92 93 13 2 94 14 95 5 76 42
8 7
8 9
9 19
19 29
19 18
29 39
29 28
18 17
39 49
39 38
28 27
49 59
49 36
49 48
27 26
59 69
59 58
36 35
48 47
69 79
69 68
58 57
47 46
79 89
79 78
89 99
78 77
99 86
99 98
77 76
46 45
45 51
45 44
51 50
51 52
44 43
50 40
50 60
52 53
40 30
40 41
60 70
60 61
53 54
30 20
30 31
41 42
70 80
61 62
20 10
20 21
31 22
31 32
80 73
80 81
80 90
10 11
10 0
22 23
81 82
90 91
82 83
91 92
11 12
0 1
12 13
1 2
54 55
55 65
92 93
93 94
13 14
94 95
14 5