0 45 94 37 20 65 53 73 35 2 22 5 68 80 33 85 96 34 19 67 63 6 14 91 26 52 21 10 7 42 64 36 24 83 97 25 27 38 3 50 41 30 70 47 66 48 72 98 32 59 60 81 23 9 43 8 44 54 13 12 1 61
0 30
0 42
0 10
0 80
0 45
45 70
45 73
94 72
94 60
94 67
94 35
94 1
37 67
37 6
37 98
37 61
20 22
20 65
65 19
65 2
53 26
53 12
73 50
73 64
73 91
35 7
35 2
22 43
5 21
5 68
68 91
68 9
80 66
33 7
33 26
33 32
33 13
85 64
85 96
96 52
96 23
96 8
34 24
34 63
34 54
19 44
63 81
6 38
6 14
14 41
14 47
26 21
26 59
52 36
10 97
7 48
42 27
64 3
36 24
83 25
83 97