0 6 25 27 1 8 28 29 30 14 24 3 35 4 21 38 5 18 40 41 43 45 7 16 46 19 49 50 51 9 22 52 20 68 69 74 78 79 81 82 83 85 86 88 89 90 92 98 99 73 39 57 63 93 91 26 44 42 54 67 87 48 80 75
0 26
0 27
0 25
6 43
6 45
6 44
25 52
27 83
1 28
1 29
1 30
8 49
8 50
8 51
28 79
29 82
30 99
14 69
14 67
14 68
24 98
24 99
3 35
35 69
4 39
4 38
21 89
21 90
21 88
38 49
5 42
5 40
5 41
18 79
18 81
18 80
40 68
41 85
43 46
45 89
7 46
7 48
16 73
16 74
16 75
19 82
19 83
50 86
51 90
9 52
9 54
22 93
22 91
22 92
20 86
20 85
69 78
74 89
74 57
81 88
85 63
86 87
89 92