0 9 53 54 52 36 70 64 18 81 19 72 1 30 29 28 92 76 8 50 51 71 17 22 88 2 31 32 33 87 24 98 66 34 3 11 4 39 38 37 16 91 12 61 62 63 85 23 95 94 96 15 47 5 41 86 13 6 44 43 45 14 21 7 10 89 90 93
0 9
9 53
9 54
9 52
53 36
53 70
53 64
36 31
36 34
70 94
70 15
18 81
18 19
81 72
72 15
1 30
1 29
1 28
30 92
28 76
92 22
92 88
76 17
8 50
8 51
50 71
71 38
71 61
71 15
22 91
22 93
88 86
88 43
88 21
2 31
2 32
2 33
31 87
24 98
98 66
66 41
66 13
34 3
3 11
4 39
4 38
4 37
4 16
38 91
91 47
12 61
12 62
12 63
61 85
23 95
23 94
23 96
47 7
5 41
41 86
6 44
6 43
6 45
6 14
21 10
21 89
21 90