19 20 33 22 21 35 34 41 40 44 45 43 54 13 17 4 10 12 14 16 3 1 2 0 6 11 9 7 18 46 51 39 36 38 32 47 48 23 25 15 27 49 50 52 53 55 61 59 56 65 58 64 67 57 62 73 77 88 79 89 76 99 85 86 97 91 81 96 90
19 20
19 33
19 22
20 21
33 35
33 34
21 13
21 17
35 41
35 40
34 39
34 36
41 44
44 45
44 43
44 54
45 46
45 51
13 4
13 10
13 12
13 14
17 23
4 16
4 3
10 6
10 11
12 18
3 1
3 2
1 0
6 9
6 7
18 32
46 47
46 48
51 49
39 38
23 25
25 15
15 27
49 50
50 52
52 53
52 55
52 61
55 59
55 56
59 65
59 58
65 64
65 67
58 57
64 62
67 73
73 77
77 88
77 79
88 89
88 76
89 99
89 85
89 86
76 81
99 97
86 91
97 96
91 90