3 10 39 6 24 8 85 27 38 12 16 18 47 5 61 13 14 17 77 15 36 86 84 32 88 19 55 53 20 43 52 23 48 25 46 26 37 64 33 49 60 93 65 45 28 68 83 58 41 90 99 78 66 97 44 57 56 63 72 67 80 92 35
3 10
3 39
10 6
6 24
6 8
24 85
24 27
8 38
85 84
27 28
12 16
16 18
16 47
16 5
16 61
18 17
18 19
47 53
61 35
13 14
14 17
14 77
14 15
17 36
77 86
77 84
15 32
15 88
36 55
84 66
84 92
19 20
20 43
43 52
52 56
23 48
23 25
23 46
23 26
48 37
25 64
25 33
46 49
46 60
46 93
46 65
26 45
37 44
64 68
64 83
33 58
33 41
33 90
33 99
33 78
60 63
65 72
78 66
78 97
66 80
44 57
63 67