58 57 56 59 54 60 53 55 51 50 52 62 61 63 48 47 49 65 64 66 45 44 46 68 67 69 42 41 43 71 70 72 39 38 40 36 35 37 33 32 34 30 29 31 27 26 28 24 23 25 21 22 20 18 17 15 14 12 11 9 8 6 5 74 73 75 77 78 80 81 83 84 3 2 86 87 89 90 92 93 95 96 98
58 57
57 56
57 59
56 54
59 60
54 53
54 55
60 62
60 61
53 51
51 50
51 52
50 48
62 63
63 65
63 64
48 47
48 49
47 45
65 66
66 68
66 67
45 44
45 46
44 42
68 69
69 71
69 70
42 41
42 43
41 39
71 72
72 74
72 73
39 38
39 40
38 36
36 35
36 37
35 33
33 32
33 34
32 30
30 29
30 31
29 27
27 26
27 28
26 24
24 23
24 25
23 21
23 22
21 20
20 18
18 17
17 15
15 14
14 12
12 11
11 9
9 8
8 6
6 5
5 3
74 75
75 77
77 78
78 80
80 81
81 83
83 84
84 86
3 2
86 87
87 89
89 90
90 92
92 93
93 95
95 96
96 98