0 15 70 55 4 3 35 2 32 76 24 99 97 98 81 69 17 43 22 93 92 91 11 56 90 86 48 27 10 57 6 5 12 9 52 54 53 18 79 80 23 74 89 47 20 87 14 67 68 7 73 64 13 49 16 50 82 21 25
0 15
15 70
70 55
55 10
4 3
3 35
35 43
2 32
32 76
76 69
76 17
24 99
24 97
24 98
98 81
81 56
81 18
81 47
69 93
69 14
43 6
43 86
22 93
22 92
22 91
22 11
93 56
93 90
92 86
91 48
91 27
56 10
90 25
86 20
86 87
48 64
10 57
5 12
12 9
9 52
9 54
9 53
53 80
53 50
53 82
18 79
18 80
18 23
80 74
80 89
74 49
74 16
89 21
47 7
47 73
14 67
14 68
64 13