0 1 6 7 12 2 13 19 18 8 9 4 14 3 11 10 5 26 20 15 21 33 32 31 22 23 17 29 16 34 35 50 51 24 30 25 36 27 38 41 28 56 54 52 40 39 37 42 43 44 95 96 46 47 45 48 91 49 58 53 63 57 75 60 55 87 84 61 62 64 98 67 68 86 69 82 90 76 77 81 92 83 97 79 80 88
0 1
0 6
0 7
6 12
7 2
12 13
12 19
12 18
2 8
13 26
8 9
9 4
9 14
4 3
4 11
14 20
11 10
10 5
26 33
26 32
26 31
20 15
15 21
21 22
33 27
32 38
31 24
22 23
22 17
22 29
17 16
29 34
29 35
29 50
29 51
34 41
35 28
50 56
51 54
24 30
24 25
30 36
36 37
36 42
36 43
38 39
41 52
41 40
56 53
56 63
54 49
54 58
39 46
37 44
44 95
95 96
96 91
46 47
46 45
47 48
91 87
91 92
58 57
58 75
63 60
60 61
55 87
87 84
84 83
61 62
61 64
62 98
64 67
64 68
98 86
68 69
86 82
86 90
82 81
76 77
77 81
92 97
83 80
79 80
80 88