1 37 2 39 3 41 4 43 5 45 6 47 7 49 8 51 9 53 10 55 11 57 12 59 13 61 14 63 15 65 16 67 17 69 18 71 19 73 20 75 21 77 22 79 23 81 24 83 25 85 26 87 27 89 28 91 29 93 30 95 31 97 32 56 58 60 62 64 66 68 70 72 74 76 78 80 82 84 98 35
1 37
1 35
37 2
2 39
39 3
3 41
41 4
4 43
43 5
5 45
45 6
6 47
47 7
7 49
49 8
8 51
51 9
9 53
53 10
10 55
55 11
11 56
11 57
57 12
12 58
12 59
59 13
13 60
13 61
61 14
14 62
14 63
63 15
15 64
15 65
65 16
16 66
16 67
67 17
17 68
17 69
69 18
18 70
18 71
71 19
19 72
19 73
73 20
20 74
20 75
75 21
21 76
21 77
77 22
22 78
22 79
79 23
23 80
23 81
81 24
24 82
24 83
83 25
25 84
25 85
85 26
26 87
87 27
27 89
89 28
28 91
91 29
29 93
93 30
30 95
95 31
31 97
97 32
32 98