0 25 73 10 55 56 57 94 92 28 48 65 22 91 9 47 62 16 1 30 29 58 11 17 77 31 2 33 32 89 70 36 85 21 15 20 13 44 3 74 66 64 82 4 38 37 42 7 5 41 40 50 99 24 8 6 46 18 80 49 51 23 69 19 12 63 14 95 96
0 25
25 73
73 16
10 55
10 56
10 57
55 94
55 92
56 28
57 48
57 65
94 23
94 69
92 22
92 62
28 1
48 37
48 42
48 7
65 33
65 13
65 44
22 91
22 9
91 47
47 80
62 12
16 74
1 30
1 29
30 58
58 11
17 77
77 31
31 2
31 89
31 70
2 33
2 32
33 36
32 85
89 21
70 15
36 3
85 20
13 64
13 66
44 6
74 66
66 82
82 19
4 38
4 37
42 5
42 99
7 46
5 41
5 40
40 50
50 8
99 24
8 49
8 51
18 80
23 95
23 96
69 14
12 63