80 58 14 86 94 42 12 50 82 59 81 64 74 39 41 19 89 30 3 28 9 37 97 67 33 27 61 10 54 60 65 8 51 71 13 66 21 72 98 95 17 96 77 53 75 22 84 88 52 29 6 92 63 55 25 31 57 48 93 40 7 18 34 69 47 23 2 44
80 82
80 94
80 58
58 10
58 18
58 3
14 84
14 71
14 42
14 61
86 37
86 57
86 94
94 27
42 72
42 96
42 33
42 39
12 30
12 51
50 53
50 75
50 34
50 47
82 54
82 44
59 60
59 89
81 64
81 19
64 22
64 98
74 75
74 98
39 63
41 17
41 21
19 30
19 7
89 71
3 28
28 8
28 92
9 37
9 88
37 97
37 55
37 21
97 23
67 33
67 13
27 65
61 10
10 69
54 25
60 2
65 52
51 66
51 29
71 22
13 95
13 48
66 77
95 93
17 40
96 6
53 31