0 26 25 27 16 74 73 75 56 87 1 29 30 13 66 65 21 88 90 89 34 2 31 33 22 91 93 42 3 6 44 12 62 61 4 37 20 85 86 60 5 41 40 48 64 77 7 46 47 11 58 59 23 95 17 76 80 96 18 79 83 36 19
0 26
0 25
0 27
26 87
25 56
16 74
16 73
16 75
74 42
74 86
73 29
75 96
87 20
1 29
1 30
30 34
13 66
13 65
66 89
65 62
21 88
21 90
21 89
88 86
89 36
34 3
2 31
2 33
31 42
22 91
22 93
91 59
93 95
42 5
42 64
42 77
6 44
44 85
12 62
12 61
62 46
4 37
37 60
20 85
20 86
86 83
60 40
60 11
5 41
5 40
40 48
77 17
7 46
7 47
11 58
11 59
58 80
23 95
17 76
80 18
18 79
83 19