7 15 31 63 79 87 91 86 78 76 56 57 60 61 93 90 85 84 73 51 74 52 75 54 77 59 72 49 3 6 58 50 55 0 92 89 82 69 68 88 81 66 67 80 65 64 83 70 71 46 43 44 40 33 36 34 39 22 21 19 16 11 9 4
7 15
7 3
15 31
31 63
63 79
79 87
87 91
87 78
91 86
91 93
86 76
86 77
78 60
78 61
76 56
76 57
93 90
93 0
90 85
90 84
85 74
85 75
84 73
84 72
73 51
73 50
74 52
75 54
75 55
77 59
77 58
72 49
3 6
0 92
92 89
92 88
89 82
89 83
82 69
82 68
69 43
68 40
88 81
88 80
81 66
81 67
66 36
67 39
80 65
80 64
65 34
64 33
83 70
83 71
70 44
71 46
43 21
44 22
33 16
39 19
22 11
19 9
9 4