14 69 68 67 5 40 8 51 25 76 45 4 38 39 37 2 33 32 3 35 36 34 64 47 12 63 62 61 59 82 44 23 94 96 52 17 78 97 6 19 83 84 7 48 11 58 60 20 86 53 16 74 73 90 9 54 21 88 24 99 98 75 72
14 69
14 68
14 67
69 36
68 63
5 40
40 97
8 51
51 90
25 76
25 45
76 17
45 6
4 38
4 39
4 37
38 36
39 47
39 52
2 33
2 32
33 47
32 64
3 35
3 36
3 34
35 82
35 44
34 59
47 7
12 63
12 62
12 61
62 74
59 11
82 19
23 94
23 96
94 73
17 78
78 83
97 24
97 88
19 83
19 84
83 99
84 75
7 48
48 53
11 58
11 60
20 86
86 90
53 9
16 74
16 73
90 21
9 54
21 88
24 99
24 98
99 72