1 49 62 5 4 80 29 79 55 9 2 91 28 54 88 3 12 69 94 93 21 42 8 11 92 30 23 15 51 32 85 7 66 38 10 39 52 31 57 22 67 13 26 84 75 16 17 78 18 24 19 25 71 20 61 35 60 34 73 27 56 48 81 63 87 83 77
1 49
1 62
1 5
1 4
1 80
1 29
1 79
62 55
5 9
4 2
29 91
9 28
9 54
9 88
2 3
2 12
2 69
2 94
91 13
91 26
88 93
3 21
12 8
12 11
94 92
94 30
94 23
21 42
8 7
11 10
11 39
11 52
92 15
92 51
23 32
15 85
32 81
32 63
85 84
85 75
7 66
7 38
10 31
52 22
52 67
31 57
22 73
22 27
22 56
22 48
26 24
84 83
75 77
16 17
16 78
17 18
17 24
18 19
24 25
24 71
19 20
19 61
25 87
20 35
61 60
35 34