10 56 77 17 92 76 12 78 52 42 82 86 9 34 5 19 20 53 3 33 88 41 40 36 35 2 61 21 38 67 29 44 4 65 87 95 14 39 37 11 13 26 1 25 83 6 0 73 30 28 27 31 46 45 7 8 69 68 22 18 23 89 90
10 56
56 77
77 17
77 92
17 76
17 12
17 78
76 52
76 42
76 82
52 86
52 9
42 34
42 5
82 19
86 20
9 53
34 3
34 33
34 88
5 41
5 40
20 22
3 36
3 35
3 2
88 61
88 21
36 38
36 67
35 29
35 44
21 89
21 90
38 4
38 65
38 87
38 95
67 14
29 26
29 1
29 25
29 83
44 6
4 39
4 37
4 11
65 13
14 8
14 69
14 68
37 46
26 0
26 73
1 30
1 28
6 45
0 27
30 31
46 7
22 18
18 23