92 0 39 4 30 75 98 97 87 69 81 95 76 78 72 40 66 67 68 70 71 73 74 77 79 80 82 83 84 86 88 89 90 91 93 94 96 99 49 57 48 29 32 46 42 21 12 37 61 2 3 7 31 28 6 11 15 59 63 56 18 9 55 62 22
92 0
92 39
0 4
0 30
0 75
0 98
0 97
0 87
0 69
0 81
0 95
0 76
0 78
0 72
0 40
0 66
0 67
0 68
0 70
0 71
0 73
0 74
0 77
0 79
0 80
0 82
0 83
0 84
0 86
0 88
0 89
0 90
0 91
0 93
0 94
0 96
0 99
39 49
39 57
4 48
4 29
30 32
97 46
95 42
76 21
49 12
49 37
57 61
57 2
48 63
48 56
46 22
37 3
37 7
61 31
2 28
31 6
28 11
11 15
11 59
63 18
63 9
9 55
55 62