0 27 25 26 1 29 28 15 72 70 55 74 32 85 68 2 31 13 65 64 66 4 37 38 39 49 24 97 99 98 54 44 5 40 6 45 8 9 53 52 19 82 84 47 78 34 94 58 86 10 56 20 87 63 11 60 59 36 89 14 67 69 76 17 18 79 57 3
0 27
0 25
0 26
27 74
26 55
1 29
1 28
29 85
29 68
28 32
15 72
15 70
72 89
70 76
55 10
55 58
55 63
32 2
85 20
85 79
85 97
85 57
68 14
2 31
31 49
13 65
13 64
13 66
65 59
64 89
66 40
4 37
4 38
4 39
37 54
39 44
49 8
24 97
24 99
24 98
54 9
44 6
5 40
6 45
9 53
9 52
53 58
53 86
52 34
52 94
19 82
19 84
82 67
47 78
78 17
34 3
58 11
86 20
10 56
20 87
11 60
11 59
59 36
14 67
14 69
76 17
18 79