10 56 57 55 88 25 29 1 44 28 30 51 70 65 6 8 71 21 68 13 31 40 49 2 5 62 72 22 91 4 39 38 37 23 95 96 94 80 52 77 11 59 66 75 35 54 9 50 42 41 16 74 86 18 79 81 83 15 64 17 14 90 89 32 33
10 56
10 57
10 55
57 88
88 30
88 21
25 29
29 1
29 44
1 28
1 30
44 6
30 51
30 70
30 65
51 8
51 71
70 68
65 13
8 49
8 50
71 15
21 90
68 14
13 66
13 64
31 40
31 49
31 2
40 5
40 62
49 72
2 32
2 33
5 42
5 41
22 91
22 4
4 39
4 38
4 37
38 95
38 50
23 95
23 96
23 94
95 80
96 52
94 77
80 18
52 9
77 17
11 59
59 66
59 75
75 16
75 86
35 54
54 9
16 74
18 79
18 81
81 83
90 89