0 3 97 6 9 12 15 18 21 24 27 30 33 36 39 94 42 45 48 51 54 91 57 60 88 63 66 69 85 72 82 75 78 79 81 76 84 73 70 87 67 64 90 61 58 55 52 49 46 43 40 37 34 31 28 25 22 19 16 13 10 7 4 1 98 95 92 89 86 83 80 77 74 71 68 65 62 59 56 53 50 47 44 41 38 35 32 29 26 23 20 17 14 11 8 5 2 99
0 3
0 97
3 6
97 94
6 9
9 12
12 15
15 18
18 21
21 24
24 27
27 30
30 33
33 36
36 39
39 42
94 91
42 45
45 48
48 51
51 54
54 57
91 88
57 60
60 63
88 85
63 66
66 69
69 72
85 82
72 75
82 79
75 78
78 81
79 76
81 84
76 73
84 87
73 70
70 67
87 90
67 64
64 61
61 58
58 55
55 52
52 49
49 46
46 43
43 40
40 37
37 34
34 31
31 28
28 25
25 22
22 19
19 16
16 13
13 10
10 7
7 4
4 1
1 98
98 95
95 92
92 89
89 86
86 83
83 80
80 77
77 74
74 71
71 68
68 65
65 62
62 59
59 56
56 53
53 50
50 47
47 44
44 41
41 38
38 35
35 32
32 29
29 26
26 23
23 20
20 17
17 14
14 11
11 8
8 5
5 2
2 99