0 2 3 4 5 6 7 10 12 20 30 60 80 33 57 13 14 15 16 17 18 19 90 9 66 63 67 51 52 53 54 55 56 58 71 21 22 23 24 25 26 27 28 29 31 32 34 35 36 37 38 39 59 62 68 69 61 1 11 72 73 74 75 76 77 78 79
0 13
0 14
0 15
0 16
0 17
0 18
0 19
0 20
0 30
0 10
0 12
0 1
0 11
2 3
2 51
2 52
2 53
2 54
2 55
2 56
2 58
2 57
2 21
2 22
2 23
2 24
2 25
2 26
2 27
2 28
2 29
3 31
3 32
3 34
3 35
3 36
3 37
3 38
3 39
3 33
4 5
5 6
6 7
7 90
7 80
10 9
12 57
12 59
20 60
60 80
33 66
33 63
33 67
33 71
33 62
33 68
33 69
33 61
33 72
33 73
33 74
33 75
33 76
33 77
33 78
33 79