0 1 2 99 72 3 4 5 20 57 90 6 7 78 8 9 10 85 11 12 13 14 15 16 17 18 19 26 25 27 24 23 30 29 31 60 48 32 54 28 76 21 22 96 34 35 80 36 37 38 89 84 41 42 49 50 53 56 93 45 61 65 62 69 73 86 83
0 1
1 2
1 99
1 72
2 3
72 69
72 73
3 4
4 5
4 20
4 57
4 90
5 6
20 21
57 56
6 7
6 78
7 8
78 34
8 9
9 10
9 85
10 11
85 84
85 86
11 12
12 13
13 14
14 15
15 16
16 17
17 18
18 19
26 25
26 27
25 24
24 23
23 28
23 22
23 96
30 29
30 31
29 28
29 76
31 60
31 48
31 32
60 61
48 49
32 54
54 53
76 42
21 22
34 35
34 80
35 36
36 37
37 38
89 84
84 83
41 42
49 50
56 93
56 45
45 65
61 62