52 51 53 59 50 57 61 60 55 54 64 56 65 63 73 66 99 62 98 72 74 71 40 70 39 41 38 30 37 29 31 25 36 42 32 48 35 33 26 49 47 46 18 69 81 80 82 89 83 88 84 96 87 79 85 92 17 19 12 10 13 9 4 14 15 8 7 21 6 58 67 68
52 51
52 53
52 59
51 50
51 57
53 61
59 60
50 55
50 54
57 58
55 64
55 56
64 65
64 63
56 73
65 66
65 99
63 62
73 72
73 74
99 98
62 67
98 81
72 71
74 40
71 70
40 39
40 41
70 69
39 38
39 30
38 37
38 29
30 31
30 25
37 36
37 42
31 32
31 48
36 35
32 33
32 26
48 49
48 47
33 46
49 18
18 17
18 19
81 80
81 82
80 89
82 83
89 88
83 84
83 96
88 87
88 79
84 85
87 92
17 12
19 10
12 13
10 9
13 4
13 14
9 8
14 15
8 7
8 21
7 6
67 68