0 27 14 68 61 77 2 31 32 17 78 76 60 45 91 18 79 80 8 49 6 44 43 19 84 83 12 62 22 96 9 53 52 55 10 56 57 24 99 67 90 73 48 93 11 59 58 88 21 89 23 95 98 16 29 64 74 85 40 1 7 46
0 27
27 61
27 77
14 68
68 62
61 12
77 17
77 29
77 64
2 31
2 32
31 60
31 45
32 91
17 78
17 76
78 95
78 74
76 56
60 11
91 22
18 79
18 80
79 55
8 49
49 96
6 44
6 43
44 83
19 84
19 83
84 96
12 62
62 99
96 23
9 53
9 52
53 55
55 10
10 56
10 57
56 67
57 90
57 73
57 48
57 93
24 99
67 98
90 21
90 40
73 16
48 7
11 59
11 58
59 88
88 21
88 85
21 89
23 95
29 1
7 46