0 6 69 1 8 58 40 4 13 17 57 38 43 42 10 80 85 95 24 12 22 89 14 52 63 66 77 18 62 78 96 98 39 75 48 29 30 32 33 99 74 50 26 46 23 94 97 88 72 87 3 76 27 82 73 21 37 31 83 71 25 19 51 36 55 92 35 56 67
0 69
0 6
6 38
69 80
69 88
1 8
8 42
58 40
58 72
58 87
40 18
4 17
4 57
13 3
13 12
13 89
17 77
57 94
57 97
57 75
57 76
38 27
43 52
43 48
43 82
42 26
42 99
10 80
10 85
10 95
80 39
85 18
85 66
95 73
95 98
24 14
24 12
24 21
24 75
22 46
22 63
22 37
89 31
14 66
14 52
14 63
52 83
52 71
66 78
66 96
18 25
18 62
62 29
78 19
78 30
96 50
98 51
39 23
75 74
48 36
30 55
32 33
32 99
33 74
33 92
74 35
50 56
50 67