0 2 24 82 1 43 3 44 5 10 42 51 37 9 58 11 28 56 14 38 59 15 41 16 55 20 18 22 23 54 32 27 30 49 83 80 71 74 66 72 85 65 99 6 78 87 93 95 91 68 94 96 90 89 75 81 92 25 70 84 73 67 40 60 35 48 33 53
0 83
0 80
0 71
0 74
0 66
0 72
0 99
0 78
0 87
0 93
0 95
0 91
0 68
0 94
0 96
0 90
0 89
0 75
0 81
0 82
0 92
0 25
0 70
0 84
0 67
0 2
0 24
2 43
24 35
24 32
24 41
24 54
82 28
1 43
3 44
3 33
44 18
5 65
5 51
5 42
5 37
5 10
42 22
37 6
37 41
37 30
37 53
9 58
9 11
11 28
11 56
56 60
14 59
14 38
38 27
59 16
59 20
15 73
15 41
16 40
16 55
55 49
18 22
23 54
32 85
27 30
30 48