0 82 35 80 11 1 61 8 24 41 28 92 3 33 12 29 39 66 6 15 96 74 20 43 63 2 37 51 16 50 9 25 67 71 83 99 4 21 7 45 64 79 95 93 58 47 62 10 48 42 69 14 22 55 85 98 31 40 70 17 54
0 82
82 35
35 8
35 24
35 41
35 28
80 11
11 1
11 61
61 3
61 8
61 12
8 71
8 83
41 42
92 3
3 33
12 99
29 39
29 66
29 6
29 15
39 96
66 74
66 20
66 43
6 63
63 16
2 37
37 51
37 16
51 50
16 9
16 25
16 67
50 22
50 85
9 62
9 69
25 99
25 48
99 21
99 7
99 45
4 21
7 64
45 79
95 93
95 58
93 47
58 62
58 10
62 14
48 98
48 31
22 55
85 54
98 40
40 70
40 17