0 19 12 25 1 15 29 30 21 9 3 36 14 13 16 24 18 11 54 10 57 58 59 60 61 62 65 66 69 71 72 73 74 75 22 77 79 83 90 92 98 99 89 38 91 53 64 34 35 84 81 52 26 67 88 55 63 97
0 25
0 26
19 84
19 83
12 61
12 63
12 62
25 57
25 74
1 29
1 30
15 71
15 72
29 54
30 58
21 89
21 90
21 88
9 53
9 52
9 54
3 36
3 34
3 35
36 73
36 61
14 69
14 67
13 65
13 64
13 66
16 73
16 74
16 75
24 99
24 98
24 97
18 79
18 81
11 60
11 58
11 59
10 55
10 57
59 66
60 99
62 90
66 69
71 77
72 75
74 92
22 91
22 92
77 79
83 99
90 99
98 38