0 2 4 5 7 9 10 11 13 14 15 17 19 20 21 22 23 24 25 26 27 28 29 31 32 33 43 47 49 51 54 56 60 61 68 70 72 77 82 85 86 88 89 92 37 64 73 98 30 44 67 78 34 18 80 48 83 8 97 81 62 38 90 79 59
0 23
0 34
0 33
2 37
2 14
2 38
4 21
4 5
4 31
5 44
5 29
5 43
7 30
7 27
7 47
7 48
9 31
9 51
10 28
10 54
11 19
11 56
13 27
13 60
13 59
14 32
14 62
14 61
15 64
15 25
17 20
17 67
17 68
19 72
20 73
20 25
22 77
22 78
22 25
22 32
23 80
23 32
24 82
24 25
24 81
25 29
25 83
26 85
26 32
26 86
27 88
28 29
28 89
29 92
32 98
32 97
49 51
49 8
54 56
70 72
70 18
77 79
86 88
92 90