0 1 99 2 98 97 96 95 94 93 92 91 90 89 88 87 86 85 84 83 82 81 3 4 80 79 78 77 76 75 5 6 74 73 72 71 7 8 70 69 68 67 9 10 66 65 11 12 64 63 13 14 62 61 15 16 60 59 17 18 58 57 19 20 56 55 21 22 23 24 54 53 25 26 27 28 29 30 52 51 31 32 33 34 35 36 37 38 50 39 40 41 42 43 44 45 46 47
0 1
0 99
1 2
99 98
2 3
98 97
97 96
96 95
95 94
94 93
93 92
92 91
91 90
90 89
89 88
88 87
87 86
86 85
85 84
84 83
83 82
82 81
81 80
3 4
4 5
80 79
79 78
78 77
77 76
76 75
75 74
5 6
6 7
74 73
73 72
72 71
71 70
7 8
8 9
70 69
69 68
68 67
67 66
9 10
10 11
66 65
65 64
11 12
12 13
64 63
63 62
13 14
14 15
62 61
61 60
15 16
16 17
60 59
59 58
17 18
18 19
58 57
57 56
19 20
20 21
56 55
55 54
21 22
22 23
23 24
24 25
54 53
53 52
25 26
26 27
27 28
28 29
29 30
30 31
52 51
51 50
31 32
32 33
33 34
34 35
35 36
36 37
37 38
38 39
39 40
40 41
41 42
42 43
43 44
44 45
45 46
46 47