16 13 10 14 2 3 5 11 0 4 20 18 21 1 8 15 6 7 28 22 9 19 45 44 23 24 27 26 25 12 17 30 35 34 31 33 29 50 36 39 49 72 42 57 32 48 47 46 51 56 43 52 60 58 59 61 70 63 69 66 38 41 74 76 75 87 82 83 81 84 80 79 78 85
16 13
13 10
13 14
13 2
10 3
10 5
14 8
14 15
3 11
3 0
3 4
11 20
11 18
11 21
0 1
20 22
1 12
8 6
8 7
8 28
6 9
28 30
22 23
9 19
19 45
19 44
23 24
23 27
23 26
24 25
12 17
30 35
30 34
30 31
30 33
30 29
35 50
35 36
35 39
34 32
50 49
50 72
50 42
39 38
49 57
72 74
57 48
57 58
48 47
47 46
47 51
47 56
46 43
51 52
56 60
60 61
60 70
58 59
61 63
70 69
69 66
38 41
74 76
76 75
76 87
75 82
82 83
82 81
83 84
81 80
84 85
80 79
79 78