0 1 2 3 5 7 9 10 11 12 13 14 15 16 17 18 20 21 22 23 24 27 28 29 30 31 32 33 35 37 38 39 42 44 47 48 50 52 54 57 58 64 70 75 76 88 94 96 82 97 65 98 69 8 73 53 81 4 87 63 40 74
0 28
0 33
1 15
1 32
1 35
2 13
2 18
2 37
2 27
2 38
3 20
3 39
5 13
5 16
5 44
7 48
7 10
7 47
9 14
9 52
10 16
10 54
10 53
11 21
12 57
12 17
12 58
12 16
14 17
15 64
15 63
16 65
16 32
18 69
18 70
20 23
21 76
21 75
21 32
22 30
24 82
24 32
24 81
27 88
27 87
28 29
29 31
30 94
31 96
32 97
32 98
33 35
37 39
38 40
42 44
42 4
50 8
50 52
75 73
76 74
94 96