16 73 74 18 75 26 70 80 81 0 37 79 42 25 19 27 24 4 35 62 54 84 83 17 86 99 3 95 47 31 52 12 57 9 20 8 36 34 23 7 85 55 44 61 63 1 21 5 49 39 96 94 10 48 2 6 46 60 11 53 87
16 73
16 74
16 18
16 75
73 26
74 70
74 80
18 81
26 0
26 37
26 79
26 42
0 25
0 19
0 27
0 24
37 4
25 35
25 62
25 54
19 84
19 83
19 17
27 86
24 99
35 3
35 95
35 47
35 31
62 52
62 12
62 57
54 9
86 20
3 8
3 36
3 34
95 23
47 7
47 85
47 55
31 44
12 61
12 63
9 53
20 87
8 1
8 21
8 5
8 49
36 39
23 96
23 94
7 10
7 48
7 2
7 6
7 46
55 60
2 11