8 4 10 16 23 12 27 21 7 30 6 33 34 36 2 37 3 39 15 40 42 26 43 44 0 45 46 17 50 51 52 53 60 62 64 66 67 28 38 68 11 70 72 73 74 14 79 80 81 86 87 89 90 91 92 93 95 97 98 99 88 35 48 77 9 83 1 20 58 55 82
8 10
8 67
8 4
4 45
10 89
10 51
16 9
16 90
23 12
23 33
12 43
27 72
27 21
21 30
7 48
7 34
30 37
6 64
33 50
34 97
36 83
36 2
2 68
37 3
3 53
3 92
39 15
39 93
15 90
40 1
40 80
40 91
42 55
42 26
26 62
44 0
44 95
44 68
0 98
0 53
45 82
46 17
17 52
50 72
51 87
52 70
60 80
60 20
62 64
64 79
66 74
67 28
67 38
28 70
38 73
68 11
11 88
11 87
73 91
74 14
14 86
14 80
79 81
81 35
81 89
86 99
87 97
89 77
92 58
93 99