0 1 2 3 5 6 7 8 10 11 13 14 15 16 17 18 19 20 21 22 23 25 26 27 28 31 32 35 38 40 45 57 59 62 64 73 75 85 87 89 90 93 95 63 30 4 24 50 55 47 92 53 91 65 69 70 12 33 49 67 78 98 77 97 72
0 13
0 18
1 35
1 8
1 15
2 38
2 27
3 10
3 40
5 14
5 4
6 23
6 26
6 45
7 8
7 26
8 50
8 21
8 28
8 22
8 49
10 53
11 25
11 55
13 25
13 16
13 59
14 62
15 63
15 64
16 65
17 28
17 19
17 67
18 21
18 69
18 70
19 72
20 24
20 73
21 75
22 78
22 77
23 31
26 85
27 87
28 90
28 89
31 32
31 95
32 98
32 97
35 33
38 40
45 47
57 12
57 59
62 64
73 75
85 87
89 91
90 92
93 30
93 95