0 1 7 3 2 9 14 13 20 8 16 32 17 10 15 11 12 18 51 24 21 43 25 23 27 28 54 57 30 58 80 35 34 40 38 36 48 41 42 45 52 47 49 82 56 63 59 74 60 64 69 72 65 66 67 89 71 90 76 84 77 78 87 81 22 62 61 37 33 46 97 44 68 86 85 93 29 53
0 7
0 1
1 3
7 8
3 14
2 9
9 17
14 24
13 51
13 10
20 27
20 23
8 32
16 37
16 43
32 35
17 43
17 21
10 15
15 21
15 12
11 33
11 12
18 25
18 51
24 23
21 28
21 29
25 54
28 22
28 57
54 63
57 58
57 56
30 80
30 58
58 59
80 78
80 52
35 34
35 38
34 40
40 36
40 42
40 41
38 48
48 47
41 45
42 46
42 44
45 52
47 82
47 49
82 81
56 62
56 53
63 65
59 60
74 71
60 64
60 69
60 61
60 72
64 66
69 90
69 68
72 76
65 67
66 89
67 71
90 97
76 77
84 81
77 86
77 93
78 87
87 85