0 27 26 25 3 36 35 39 97 96 1 30 28 4 37 55 2 32 33 18 80 81 62 12 63 9 52 53 8 51 6 44 45 71 22 92 10 57 56 77 76 61 99 29 42 79 86 72 20 87 15 70 24 98 17 19 84 82 91 95 21 88 90 23 89
0 27
0 26
0 25
27 96
26 97
25 39
3 36
3 35
36 62
39 4
97 24
97 89
96 23
1 30
1 28
30 55
4 37
37 32
55 10
55 71
2 32
2 33
18 80
18 81
80 63
80 99
80 91
62 12
62 79
62 86
12 63
63 72
9 52
9 53
52 77
53 51
8 51
6 44
6 45
44 71
71 15
22 92
92 88
10 57
10 56
57 76
77 17
76 17
76 87
61 99
61 29
61 42
99 24
72 15
20 87
15 70
24 98
98 88
19 84
19 82
84 95
95 23
21 88
21 90